/home/shafa/flapping-propulsors-control/install/actuator_driver/lib/python3.12/site-packages/actuator_driver/crab_controller.py
/home/shafa/flapping-propulsors-control/install/actuator_driver/lib/python3.12/site-packages/actuator_driver/__init__.py
/home/shafa/flapping-propulsors-control/install/actuator_driver/lib/python3.12/site-packages/actuator_driver/actuator.py
/home/shafa/flapping-propulsors-control/install/actuator_driver/lib/python3.12/site-packages/actuator_driver/crab.py
/home/shafa/flapping-propulsors-control/install/actuator_driver/lib/python3.12/site-packages/actuator_driver/__pycache__/crab_controller.cpython-312.pyc
/home/shafa/flapping-propulsors-control/install/actuator_driver/lib/python3.12/site-packages/actuator_driver/__pycache__/__init__.cpython-312.pyc
/home/shafa/flapping-propulsors-control/install/actuator_driver/lib/python3.12/site-packages/actuator_driver/__pycache__/actuator.cpython-312.pyc
/home/shafa/flapping-propulsors-control/install/actuator_driver/lib/python3.12/site-packages/actuator_driver/__pycache__/crab.cpython-312.pyc
/home/shafa/flapping-propulsors-control/install/actuator_driver/share/ament_index/resource_index/packages/actuator_driver
/home/shafa/flapping-propulsors-control/install/actuator_driver/share/actuator_driver/package.xml
/home/shafa/flapping-propulsors-control/install/actuator_driver/share/actuator_driver/launch/crab_launch.py
/home/shafa/flapping-propulsors-control/install/actuator_driver/lib/python3.12/site-packages/actuator_driver-0.0.0-py3.12.egg-info/dependency_links.txt
/home/shafa/flapping-propulsors-control/install/actuator_driver/lib/python3.12/site-packages/actuator_driver-0.0.0-py3.12.egg-info/top_level.txt
/home/shafa/flapping-propulsors-control/install/actuator_driver/lib/python3.12/site-packages/actuator_driver-0.0.0-py3.12.egg-info/entry_points.txt
/home/shafa/flapping-propulsors-control/install/actuator_driver/lib/python3.12/site-packages/actuator_driver-0.0.0-py3.12.egg-info/SOURCES.txt
/home/shafa/flapping-propulsors-control/install/actuator_driver/lib/python3.12/site-packages/actuator_driver-0.0.0-py3.12.egg-info/requires.txt
/home/shafa/flapping-propulsors-control/install/actuator_driver/lib/python3.12/site-packages/actuator_driver-0.0.0-py3.12.egg-info/PKG-INFO
/home/shafa/flapping-propulsors-control/install/actuator_driver/lib/python3.12/site-packages/actuator_driver-0.0.0-py3.12.egg-info/zip-safe
/home/shafa/flapping-propulsors-control/install/actuator_driver/lib/actuator_driver/actuator
/home/shafa/flapping-propulsors-control/install/actuator_driver/lib/actuator_driver/crab
/home/shafa/flapping-propulsors-control/install/actuator_driver/lib/actuator_driver/crab_controller
