[0.251s] DEBUG:colcon:Command line arguments: ['/usr/bin/colcon', 'build']
[0.251s] DEBUG:colcon:Parsed command line arguments: Namespace(log_base=None, log_level=None, verb_name='build', build_base='build', install_base='install', merge_install=False, symlink_install=False, test_result_base=None, continue_on_error=False, executor='parallel', parallel_workers=12, event_handlers=None, ignore_user_meta=False, metas=['./colcon.meta'], base_paths=['.'], packages_ignore=None, packages_ignore_regex=None, paths=None, packages_up_to=None, packages_up_to_regex=None, packages_above=None, packages_above_and_dependencies=None, packages_above_depth=None, packages_select_by_dep=None, packages_skip_by_dep=None, packages_skip_up_to=None, packages_select_build_failed=False, packages_skip_build_finished=False, packages_select_test_failures=False, packages_skip_test_passed=False, packages_select=None, packages_skip=None, packages_select_regex=None, packages_skip_regex=None, packages_start=None, packages_end=None, allow_overriding=[], cmake_args=None, cmake_target=None, cmake_target_skip_unavailable=False, cmake_clean_cache=False, cmake_clean_first=False, cmake_force_configure=False, ament_cmake_args=None, catkin_cmake_args=None, catkin_skip_building_tests=False, mixin_files=None, mixin=None, verb_parser=<colcon_mixin.mixin.mixin_argument.MixinArgumentDecorator object at 0x7f3a0e386720>, verb_extension=<colcon_core.verb.build.BuildVerb object at 0x7f3a0e385910>, main=<bound method BuildVerb.main of <colcon_core.verb.build.BuildVerb object at 0x7f3a0e385910>>, mixin_verb=('build',))
[0.315s] Level 1:colcon.colcon_core.package_discovery:discover_packages(colcon_meta) check parameters
[0.315s] Level 1:colcon.colcon_core.package_discovery:discover_packages(recursive) check parameters
[0.316s] Level 1:colcon.colcon_core.package_discovery:discover_packages(ignore) check parameters
[0.316s] Level 1:colcon.colcon_core.package_discovery:discover_packages(path) check parameters
[0.316s] Level 1:colcon.colcon_core.package_discovery:discover_packages(colcon_meta) discover
[0.316s] Level 1:colcon.colcon_core.package_discovery:discover_packages(recursive) discover
[0.316s] INFO:colcon.colcon_core.package_discovery:Crawling recursively for packages in '/home/shafa/flapping-propulsors-control'
[0.316s] Level 1:colcon.colcon_core.package_identification:_identify(.) by extensions ['ignore', 'ignore_ament_install']
[0.316s] Level 1:colcon.colcon_core.package_identification:_identify(.) by extension 'ignore'
[0.316s] Level 1:colcon.colcon_core.package_identification:_identify(.) by extension 'ignore_ament_install'
[0.317s] Level 1:colcon.colcon_core.package_identification:_identify(.) by extensions ['colcon_pkg']
[0.317s] Level 1:colcon.colcon_core.package_identification:_identify(.) by extension 'colcon_pkg'
[0.317s] Level 1:colcon.colcon_core.package_identification:_identify(.) by extensions ['colcon_meta']
[0.317s] Level 1:colcon.colcon_core.package_identification:_identify(.) by extension 'colcon_meta'
[0.317s] Level 1:colcon.colcon_core.package_identification:_identify(.) by extensions ['ros']
[0.317s] Level 1:colcon.colcon_core.package_identification:_identify(.) by extension 'ros'
[0.368s] Level 1:colcon.colcon_core.package_identification:_identify(.) by extensions ['cmake', 'python']
[0.368s] Level 1:colcon.colcon_core.package_identification:_identify(.) by extension 'cmake'
[0.368s] Level 1:colcon.colcon_core.package_identification:_identify(.) by extension 'python'
[0.368s] Level 1:colcon.colcon_core.package_identification:_identify(.) by extensions ['python_setup_py']
[0.368s] Level 1:colcon.colcon_core.package_identification:_identify(.) by extension 'python_setup_py'
[0.368s] Level 1:colcon.colcon_core.package_identification:_identify(build) by extensions ['ignore', 'ignore_ament_install']
[0.369s] Level 1:colcon.colcon_core.package_identification:_identify(build) by extension 'ignore'
[0.369s] Level 1:colcon.colcon_core.package_identification:_identify(build) ignored
[0.369s] Level 1:colcon.colcon_core.package_identification:_identify(full_open_loop_control_test) by extensions ['ignore', 'ignore_ament_install']
[0.369s] Level 1:colcon.colcon_core.package_identification:_identify(full_open_loop_control_test) by extension 'ignore'
[0.370s] Level 1:colcon.colcon_core.package_identification:_identify(full_open_loop_control_test) by extension 'ignore_ament_install'
[0.370s] Level 1:colcon.colcon_core.package_identification:_identify(full_open_loop_control_test) by extensions ['colcon_pkg']
[0.370s] Level 1:colcon.colcon_core.package_identification:_identify(full_open_loop_control_test) by extension 'colcon_pkg'
[0.370s] Level 1:colcon.colcon_core.package_identification:_identify(full_open_loop_control_test) by extensions ['colcon_meta']
[0.370s] Level 1:colcon.colcon_core.package_identification:_identify(full_open_loop_control_test) by extension 'colcon_meta'
[0.370s] Level 1:colcon.colcon_core.package_identification:_identify(full_open_loop_control_test) by extensions ['ros']
[0.370s] Level 1:colcon.colcon_core.package_identification:_identify(full_open_loop_control_test) by extension 'ros'
[0.371s] Level 1:colcon.colcon_core.package_identification:_identify(full_open_loop_control_test) by extensions ['cmake', 'python']
[0.371s] Level 1:colcon.colcon_core.package_identification:_identify(full_open_loop_control_test) by extension 'cmake'
[0.371s] Level 1:colcon.colcon_core.package_identification:_identify(full_open_loop_control_test) by extension 'python'
[0.371s] Level 1:colcon.colcon_core.package_identification:_identify(full_open_loop_control_test) by extensions ['python_setup_py']
[0.371s] Level 1:colcon.colcon_core.package_identification:_identify(full_open_loop_control_test) by extension 'python_setup_py'
[0.371s] Level 1:colcon.colcon_core.package_identification:_identify(install) by extensions ['ignore', 'ignore_ament_install']
[0.372s] Level 1:colcon.colcon_core.package_identification:_identify(install) by extension 'ignore'
[0.372s] Level 1:colcon.colcon_core.package_identification:_identify(install) ignored
[0.372s] Level 1:colcon.colcon_core.package_identification:_identify(log) by extensions ['ignore', 'ignore_ament_install']
[0.373s] Level 1:colcon.colcon_core.package_identification:_identify(log) by extension 'ignore'
[0.373s] Level 1:colcon.colcon_core.package_identification:_identify(log) ignored
[0.373s] Level 1:colcon.colcon_core.package_identification:_identify(src) by extensions ['ignore', 'ignore_ament_install']
[0.373s] Level 1:colcon.colcon_core.package_identification:_identify(src) by extension 'ignore'
[0.373s] Level 1:colcon.colcon_core.package_identification:_identify(src) by extension 'ignore_ament_install'
[0.374s] Level 1:colcon.colcon_core.package_identification:_identify(src) by extensions ['colcon_pkg']
[0.374s] Level 1:colcon.colcon_core.package_identification:_identify(src) by extension 'colcon_pkg'
[0.374s] Level 1:colcon.colcon_core.package_identification:_identify(src) by extensions ['colcon_meta']
[0.374s] Level 1:colcon.colcon_core.package_identification:_identify(src) by extension 'colcon_meta'
[0.374s] Level 1:colcon.colcon_core.package_identification:_identify(src) by extensions ['ros']
[0.374s] Level 1:colcon.colcon_core.package_identification:_identify(src) by extension 'ros'
[0.375s] Level 1:colcon.colcon_core.package_identification:_identify(src) by extensions ['cmake', 'python']
[0.375s] Level 1:colcon.colcon_core.package_identification:_identify(src) by extension 'cmake'
[0.375s] Level 1:colcon.colcon_core.package_identification:_identify(src) by extension 'python'
[0.375s] Level 1:colcon.colcon_core.package_identification:_identify(src) by extensions ['python_setup_py']
[0.375s] Level 1:colcon.colcon_core.package_identification:_identify(src) by extension 'python_setup_py'
[0.375s] Level 1:colcon.colcon_core.package_identification:_identify(src/flapping_foil_propulsors_control) by extensions ['ignore', 'ignore_ament_install']
[0.376s] Level 1:colcon.colcon_core.package_identification:_identify(src/flapping_foil_propulsors_control) by extension 'ignore'
[0.376s] Level 1:colcon.colcon_core.package_identification:_identify(src/flapping_foil_propulsors_control) by extension 'ignore_ament_install'
[0.376s] Level 1:colcon.colcon_core.package_identification:_identify(src/flapping_foil_propulsors_control) by extensions ['colcon_pkg']
[0.376s] Level 1:colcon.colcon_core.package_identification:_identify(src/flapping_foil_propulsors_control) by extension 'colcon_pkg'
[0.376s] Level 1:colcon.colcon_core.package_identification:_identify(src/flapping_foil_propulsors_control) by extensions ['colcon_meta']
[0.376s] Level 1:colcon.colcon_core.package_identification:_identify(src/flapping_foil_propulsors_control) by extension 'colcon_meta'
[0.376s] Level 1:colcon.colcon_core.package_identification:_identify(src/flapping_foil_propulsors_control) by extensions ['ros']
[0.376s] Level 1:colcon.colcon_core.package_identification:_identify(src/flapping_foil_propulsors_control) by extension 'ros'
[0.380s] DEBUG:colcon.colcon_core.package_identification:Package 'src/flapping_foil_propulsors_control' with type 'ros.ament_python' and name 'flapping_foil_propulsors_control'
[0.381s] Level 1:colcon.colcon_core.package_identification:_identify(videos) by extensions ['ignore', 'ignore_ament_install']
[0.381s] Level 1:colcon.colcon_core.package_identification:_identify(videos) by extension 'ignore'
[0.381s] Level 1:colcon.colcon_core.package_identification:_identify(videos) by extension 'ignore_ament_install'
[0.381s] Level 1:colcon.colcon_core.package_identification:_identify(videos) by extensions ['colcon_pkg']
[0.381s] Level 1:colcon.colcon_core.package_identification:_identify(videos) by extension 'colcon_pkg'
[0.381s] Level 1:colcon.colcon_core.package_identification:_identify(videos) by extensions ['colcon_meta']
[0.381s] Level 1:colcon.colcon_core.package_identification:_identify(videos) by extension 'colcon_meta'
[0.382s] Level 1:colcon.colcon_core.package_identification:_identify(videos) by extensions ['ros']
[0.382s] Level 1:colcon.colcon_core.package_identification:_identify(videos) by extension 'ros'
[0.382s] Level 1:colcon.colcon_core.package_identification:_identify(videos) by extensions ['cmake', 'python']
[0.382s] Level 1:colcon.colcon_core.package_identification:_identify(videos) by extension 'cmake'
[0.382s] Level 1:colcon.colcon_core.package_identification:_identify(videos) by extension 'python'
[0.382s] Level 1:colcon.colcon_core.package_identification:_identify(videos) by extensions ['python_setup_py']
[0.382s] Level 1:colcon.colcon_core.package_identification:_identify(videos) by extension 'python_setup_py'
[0.382s] Level 1:colcon.colcon_core.package_discovery:discover_packages(recursive) using defaults
[0.382s] Level 1:colcon.colcon_core.package_discovery:discover_packages(ignore) discover
[0.383s] Level 1:colcon.colcon_core.package_discovery:discover_packages(ignore) using defaults
[0.383s] Level 1:colcon.colcon_core.package_discovery:discover_packages(path) discover
[0.383s] Level 1:colcon.colcon_core.package_discovery:discover_packages(path) using defaults
[0.418s] Level 1:colcon.colcon_core.package_discovery:discover_packages(prefix_path) check parameters
[0.418s] Level 1:colcon.colcon_core.package_discovery:discover_packages(prefix_path) discover
[0.422s] DEBUG:colcon.colcon_installed_package_information.package_discovery:Found 1 installed packages in /home/shafa/flapping-propulsors-control/install
[0.425s] DEBUG:colcon.colcon_installed_package_information.package_discovery:Found 287 installed packages in /opt/ros/jazzy
[0.426s] Level 1:colcon.colcon_core.package_discovery:discover_packages(prefix_path) using defaults
[0.532s] Level 5:colcon.colcon_core.verb:set package 'flapping_foil_propulsors_control' build argument 'cmake_args' from command line to 'None'
[0.532s] Level 5:colcon.colcon_core.verb:set package 'flapping_foil_propulsors_control' build argument 'cmake_target' from command line to 'None'
[0.532s] Level 5:colcon.colcon_core.verb:set package 'flapping_foil_propulsors_control' build argument 'cmake_target_skip_unavailable' from command line to 'False'
[0.532s] Level 5:colcon.colcon_core.verb:set package 'flapping_foil_propulsors_control' build argument 'cmake_clean_cache' from command line to 'False'
[0.533s] Level 5:colcon.colcon_core.verb:set package 'flapping_foil_propulsors_control' build argument 'cmake_clean_first' from command line to 'False'
[0.533s] Level 5:colcon.colcon_core.verb:set package 'flapping_foil_propulsors_control' build argument 'cmake_force_configure' from command line to 'False'
[0.533s] Level 5:colcon.colcon_core.verb:set package 'flapping_foil_propulsors_control' build argument 'ament_cmake_args' from command line to 'None'
[0.533s] Level 5:colcon.colcon_core.verb:set package 'flapping_foil_propulsors_control' build argument 'catkin_cmake_args' from command line to 'None'
[0.533s] Level 5:colcon.colcon_core.verb:set package 'flapping_foil_propulsors_control' build argument 'catkin_skip_building_tests' from command line to 'False'
[0.533s] DEBUG:colcon.colcon_core.verb:Building package 'flapping_foil_propulsors_control' with the following arguments: {'ament_cmake_args': None, 'build_base': '/home/shafa/flapping-propulsors-control/build/flapping_foil_propulsors_control', 'catkin_cmake_args': None, 'catkin_skip_building_tests': False, 'cmake_args': None, 'cmake_clean_cache': False, 'cmake_clean_first': False, 'cmake_force_configure': False, 'cmake_target': None, 'cmake_target_skip_unavailable': False, 'install_base': '/home/shafa/flapping-propulsors-control/install/flapping_foil_propulsors_control', 'merge_install': False, 'path': '/home/shafa/flapping-propulsors-control/src/flapping_foil_propulsors_control', 'symlink_install': False, 'test_result_base': None}
[0.533s] INFO:colcon.colcon_core.executor:Executing jobs using 'parallel' executor
[0.535s] DEBUG:colcon.colcon_parallel_executor.executor.parallel:run_until_complete
[0.536s] INFO:colcon.colcon_ros.task.ament_python.build:Building ROS package in '/home/shafa/flapping-propulsors-control/src/flapping_foil_propulsors_control' with build type 'ament_python'
[0.537s] Level 1:colcon.colcon_core.shell:create_environment_hook('flapping_foil_propulsors_control', 'ament_prefix_path')
[0.540s] INFO:colcon.colcon_core.plugin_system:Skipping extension 'colcon_core.shell.bat': Not used on non-Windows systems
[0.541s] INFO:colcon.colcon_core.shell:Creating environment hook '/home/shafa/flapping-propulsors-control/install/flapping_foil_propulsors_control/share/flapping_foil_propulsors_control/hook/ament_prefix_path.ps1'
[0.543s] INFO:colcon.colcon_core.shell:Creating environment descriptor '/home/shafa/flapping-propulsors-control/install/flapping_foil_propulsors_control/share/flapping_foil_propulsors_control/hook/ament_prefix_path.dsv'
[0.545s] INFO:colcon.colcon_core.shell:Creating environment hook '/home/shafa/flapping-propulsors-control/install/flapping_foil_propulsors_control/share/flapping_foil_propulsors_control/hook/ament_prefix_path.sh'
[0.547s] INFO:colcon.colcon_core.shell:Skip shell extension 'powershell' for command environment: Not usable outside of PowerShell
[0.548s] DEBUG:colcon.colcon_core.shell:Skip shell extension 'dsv' for command environment
[1.016s] INFO:colcon.colcon_core.task.python.build:Building Python package in '/home/shafa/flapping-propulsors-control/src/flapping_foil_propulsors_control'
[1.016s] INFO:colcon.colcon_core.shell:Skip shell extension 'powershell' for command environment: Not usable outside of PowerShell
[1.016s] DEBUG:colcon.colcon_core.shell:Skip shell extension 'dsv' for command environment
[2.021s] DEBUG:colcon.colcon_core.event_handler.log_command:Invoking command in '/home/shafa/flapping-propulsors-control/src/flapping_foil_propulsors_control': PYTHONPATH=/home/shafa/flapping-propulsors-control/build/flapping_foil_propulsors_control/prefix_override:/usr/lib/python3/dist-packages/colcon_core/task/python/colcon_distutils_commands:/home/shafa/flapping-propulsors-control/install/flapping_foil_propulsors_control/lib/python3.12/site-packages:${PYTHONPATH} /usr/bin/python3 -W ignore:setup.py install is deprecated -W ignore:easy_install command is deprecated setup.py egg_info --egg-base ../../build/flapping_foil_propulsors_control build --build-base /home/shafa/flapping-propulsors-control/build/flapping_foil_propulsors_control/build install --record /home/shafa/flapping-propulsors-control/build/flapping_foil_propulsors_control/install.log --single-version-externally-managed install_data
[5.263s] DEBUG:colcon.colcon_core.event_handler.log_command:Invoked command in '/home/shafa/flapping-propulsors-control/src/flapping_foil_propulsors_control' returned '0': PYTHONPATH=/home/shafa/flapping-propulsors-control/build/flapping_foil_propulsors_control/prefix_override:/usr/lib/python3/dist-packages/colcon_core/task/python/colcon_distutils_commands:/home/shafa/flapping-propulsors-control/install/flapping_foil_propulsors_control/lib/python3.12/site-packages:${PYTHONPATH} /usr/bin/python3 -W ignore:setup.py install is deprecated -W ignore:easy_install command is deprecated setup.py egg_info --egg-base ../../build/flapping_foil_propulsors_control build --build-base /home/shafa/flapping-propulsors-control/build/flapping_foil_propulsors_control/build install --record /home/shafa/flapping-propulsors-control/build/flapping_foil_propulsors_control/install.log --single-version-externally-managed install_data
[5.266s] Level 1:colcon.colcon_core.environment:checking '/home/shafa/flapping-propulsors-control/install/flapping_foil_propulsors_control' for CMake module files
[5.267s] Level 1:colcon.colcon_core.environment:checking '/home/shafa/flapping-propulsors-control/install/flapping_foil_propulsors_control' for CMake config files
[5.269s] Level 1:colcon.colcon_core.environment:checking '/home/shafa/flapping-propulsors-control/install/flapping_foil_propulsors_control/lib'
[5.269s] Level 1:colcon.colcon_core.environment:checking '/home/shafa/flapping-propulsors-control/install/flapping_foil_propulsors_control/bin'
[5.269s] Level 1:colcon.colcon_core.environment:checking '/home/shafa/flapping-propulsors-control/install/flapping_foil_propulsors_control/lib/pkgconfig/flapping_foil_propulsors_control.pc'
[5.270s] Level 1:colcon.colcon_core.environment:checking '/home/shafa/flapping-propulsors-control/install/flapping_foil_propulsors_control/lib/python3.12/site-packages'
[5.271s] Level 1:colcon.colcon_core.shell:create_environment_hook('flapping_foil_propulsors_control', 'pythonpath')
[5.271s] INFO:colcon.colcon_core.shell:Creating environment hook '/home/shafa/flapping-propulsors-control/install/flapping_foil_propulsors_control/share/flapping_foil_propulsors_control/hook/pythonpath.ps1'
[5.273s] INFO:colcon.colcon_core.shell:Creating environment descriptor '/home/shafa/flapping-propulsors-control/install/flapping_foil_propulsors_control/share/flapping_foil_propulsors_control/hook/pythonpath.dsv'
[5.275s] INFO:colcon.colcon_core.shell:Creating environment hook '/home/shafa/flapping-propulsors-control/install/flapping_foil_propulsors_control/share/flapping_foil_propulsors_control/hook/pythonpath.sh'
[5.277s] Level 1:colcon.colcon_core.environment:checking '/home/shafa/flapping-propulsors-control/install/flapping_foil_propulsors_control/bin'
[5.277s] Level 1:colcon.colcon_core.environment:create_environment_scripts_only(flapping_foil_propulsors_control)
[5.278s] INFO:colcon.colcon_core.shell:Creating package script '/home/shafa/flapping-propulsors-control/install/flapping_foil_propulsors_control/share/flapping_foil_propulsors_control/package.ps1'
[5.279s] INFO:colcon.colcon_core.shell:Creating package descriptor '/home/shafa/flapping-propulsors-control/install/flapping_foil_propulsors_control/share/flapping_foil_propulsors_control/package.dsv'
[5.280s] INFO:colcon.colcon_core.shell:Creating package script '/home/shafa/flapping-propulsors-control/install/flapping_foil_propulsors_control/share/flapping_foil_propulsors_control/package.sh'
[5.281s] INFO:colcon.colcon_core.shell:Creating package script '/home/shafa/flapping-propulsors-control/install/flapping_foil_propulsors_control/share/flapping_foil_propulsors_control/package.bash'
[5.283s] INFO:colcon.colcon_core.shell:Creating package script '/home/shafa/flapping-propulsors-control/install/flapping_foil_propulsors_control/share/flapping_foil_propulsors_control/package.zsh'
[5.284s] Level 1:colcon.colcon_core.environment:create_file_with_runtime_dependencies(/home/shafa/flapping-propulsors-control/install/flapping_foil_propulsors_control/share/colcon-core/packages/flapping_foil_propulsors_control)
[5.285s] DEBUG:colcon.colcon_parallel_executor.executor.parallel:closing loop
[5.286s] DEBUG:colcon.colcon_parallel_executor.executor.parallel:loop closed
[5.287s] DEBUG:colcon.colcon_parallel_executor.executor.parallel:run_until_complete finished with '0'
[5.288s] DEBUG:colcon.colcon_core.event_reactor:joining thread
[5.340s] INFO:colcon.colcon_core.plugin_system:Skipping extension 'colcon_notification.desktop_notification.notify_send': Could not find 'notify-send'
[5.340s] INFO:colcon.colcon_core.plugin_system:Skipping extension 'colcon_notification.desktop_notification.terminal_notifier': Not used on non-Darwin systems
[5.340s] INFO:colcon.colcon_core.plugin_system:Skipping extension 'colcon_notification.desktop_notification.win32': Not used on non-Windows systems
[5.340s] INFO:colcon.colcon_notification.desktop_notification:Sending desktop notification using 'notify2'
[5.342s] DEBUG:colcon.colcon_notification.desktop_notification.notify2:Failed to initialize notify2: org.freedesktop.DBus.Error.ServiceUnknown: The name org.freedesktop.Notifications was not provided by any .service files
[5.342s] DEBUG:colcon.colcon_core.event_reactor:joined thread
[5.343s] INFO:colcon.colcon_core.shell:Creating prefix script '/home/shafa/flapping-propulsors-control/install/local_setup.ps1'
[5.345s] INFO:colcon.colcon_core.shell:Creating prefix util module '/home/shafa/flapping-propulsors-control/install/_local_setup_util_ps1.py'
[5.346s] INFO:colcon.colcon_core.shell:Creating prefix chain script '/home/shafa/flapping-propulsors-control/install/setup.ps1'
[5.348s] INFO:colcon.colcon_core.shell:Creating prefix script '/home/shafa/flapping-propulsors-control/install/local_setup.sh'
[5.349s] INFO:colcon.colcon_core.shell:Creating prefix util module '/home/shafa/flapping-propulsors-control/install/_local_setup_util_sh.py'
[5.351s] INFO:colcon.colcon_core.shell:Creating prefix chain script '/home/shafa/flapping-propulsors-control/install/setup.sh'
[5.353s] INFO:colcon.colcon_core.shell:Creating prefix script '/home/shafa/flapping-propulsors-control/install/local_setup.bash'
[5.354s] INFO:colcon.colcon_core.shell:Creating prefix chain script '/home/shafa/flapping-propulsors-control/install/setup.bash'
[5.356s] INFO:colcon.colcon_core.shell:Creating prefix script '/home/shafa/flapping-propulsors-control/install/local_setup.zsh'
[5.356s] INFO:colcon.colcon_core.shell:Creating prefix chain script '/home/shafa/flapping-propulsors-control/install/setup.zsh'
