[0.453s] DEBUG:colcon:Command line arguments: ['/usr/bin/colcon', 'build']
[0.454s] DEBUG:colcon:Parsed command line arguments: Namespace(log_base=None, log_level=None, verb_name='build', build_base='build', install_base='install', merge_install=False, symlink_install=False, test_result_base=None, continue_on_error=False, executor='parallel', parallel_workers=6, event_handlers=None, ignore_user_meta=False, metas=['./colcon.meta'], base_paths=['.'], packages_ignore=None, packages_ignore_regex=None, paths=None, packages_up_to=None, packages_up_to_regex=None, packages_above=None, packages_above_and_dependencies=None, packages_above_depth=None, packages_select_by_dep=None, packages_skip_by_dep=None, packages_skip_up_to=None, packages_select_build_failed=False, packages_skip_build_finished=False, packages_select_test_failures=False, packages_skip_test_passed=False, packages_select=None, packages_skip=None, packages_select_regex=None, packages_skip_regex=None, packages_start=None, packages_end=None, allow_overriding=[], cmake_args=None, cmake_target=None, cmake_target_skip_unavailable=False, cmake_clean_cache=False, cmake_clean_first=False, cmake_force_configure=False, ament_cmake_args=None, catkin_cmake_args=None, catkin_skip_building_tests=False, mixin_files=None, mixin=None, verb_parser=<colcon_mixin.mixin.mixin_argument.MixinArgumentDecorator object at 0xffffaa0e1610>, verb_extension=<colcon_core.verb.build.BuildVerb object at 0xffffaa07fc20>, main=<bound method BuildVerb.main of <colcon_core.verb.build.BuildVerb object at 0xffffaa07fc20>>, mixin_verb=('build',))
[0.555s] Level 1:colcon.colcon_core.package_discovery:discover_packages(colcon_meta) check parameters
[0.555s] Level 1:colcon.colcon_core.package_discovery:discover_packages(recursive) check parameters
[0.555s] Level 1:colcon.colcon_core.package_discovery:discover_packages(ignore) check parameters
[0.555s] Level 1:colcon.colcon_core.package_discovery:discover_packages(path) check parameters
[0.555s] Level 1:colcon.colcon_core.package_discovery:discover_packages(colcon_meta) discover
[0.555s] Level 1:colcon.colcon_core.package_discovery:discover_packages(recursive) discover
[0.556s] INFO:colcon.colcon_core.package_discovery:Crawling recursively for packages in '/home/gingerstep/Desktop/flipper_code/flapping-foil-propulsors-control'
[0.556s] Level 1:colcon.colcon_core.package_identification:_identify(.) by extensions ['ignore', 'ignore_ament_install']
[0.556s] Level 1:colcon.colcon_core.package_identification:_identify(.) by extension 'ignore'
[0.556s] Level 1:colcon.colcon_core.package_identification:_identify(.) by extension 'ignore_ament_install'
[0.556s] Level 1:colcon.colcon_core.package_identification:_identify(.) by extensions ['colcon_pkg']
[0.557s] Level 1:colcon.colcon_core.package_identification:_identify(.) by extension 'colcon_pkg'
[0.557s] Level 1:colcon.colcon_core.package_identification:_identify(.) by extensions ['colcon_meta']
[0.557s] Level 1:colcon.colcon_core.package_identification:_identify(.) by extension 'colcon_meta'
[0.557s] Level 1:colcon.colcon_core.package_identification:_identify(.) by extensions ['ros']
[0.557s] Level 1:colcon.colcon_core.package_identification:_identify(.) by extension 'ros'
[0.630s] Level 1:colcon.colcon_core.package_identification:_identify(.) by extensions ['cmake', 'python']
[0.630s] Level 1:colcon.colcon_core.package_identification:_identify(.) by extension 'cmake'
[0.630s] Level 1:colcon.colcon_core.package_identification:_identify(.) by extension 'python'
[0.630s] Level 1:colcon.colcon_core.package_identification:_identify(.) by extensions ['python_setup_py']
[0.630s] Level 1:colcon.colcon_core.package_identification:_identify(.) by extension 'python_setup_py'
[0.631s] Level 1:colcon.colcon_core.package_identification:_identify(build) by extensions ['ignore', 'ignore_ament_install']
[0.631s] Level 1:colcon.colcon_core.package_identification:_identify(build) by extension 'ignore'
[0.631s] Level 1:colcon.colcon_core.package_identification:_identify(build) ignored
[0.631s] Level 1:colcon.colcon_core.package_identification:_identify(install) by extensions ['ignore', 'ignore_ament_install']
[0.632s] Level 1:colcon.colcon_core.package_identification:_identify(install) by extension 'ignore'
[0.632s] Level 1:colcon.colcon_core.package_identification:_identify(install) ignored
[0.632s] Level 1:colcon.colcon_core.package_identification:_identify(log) by extensions ['ignore', 'ignore_ament_install']
[0.632s] Level 1:colcon.colcon_core.package_identification:_identify(log) by extension 'ignore'
[0.632s] Level 1:colcon.colcon_core.package_identification:_identify(log) ignored
[0.633s] Level 1:colcon.colcon_core.package_identification:_identify(src) by extensions ['ignore', 'ignore_ament_install']
[0.633s] Level 1:colcon.colcon_core.package_identification:_identify(src) by extension 'ignore'
[0.633s] Level 1:colcon.colcon_core.package_identification:_identify(src) by extension 'ignore_ament_install'
[0.633s] Level 1:colcon.colcon_core.package_identification:_identify(src) by extensions ['colcon_pkg']
[0.633s] Level 1:colcon.colcon_core.package_identification:_identify(src) by extension 'colcon_pkg'
[0.633s] Level 1:colcon.colcon_core.package_identification:_identify(src) by extensions ['colcon_meta']
[0.633s] Level 1:colcon.colcon_core.package_identification:_identify(src) by extension 'colcon_meta'
[0.633s] Level 1:colcon.colcon_core.package_identification:_identify(src) by extensions ['ros']
[0.634s] Level 1:colcon.colcon_core.package_identification:_identify(src) by extension 'ros'
[0.634s] Level 1:colcon.colcon_core.package_identification:_identify(src) by extensions ['cmake', 'python']
[0.634s] Level 1:colcon.colcon_core.package_identification:_identify(src) by extension 'cmake'
[0.634s] Level 1:colcon.colcon_core.package_identification:_identify(src) by extension 'python'
[0.634s] Level 1:colcon.colcon_core.package_identification:_identify(src) by extensions ['python_setup_py']
[0.634s] Level 1:colcon.colcon_core.package_identification:_identify(src) by extension 'python_setup_py'
[0.634s] Level 1:colcon.colcon_core.package_identification:_identify(src/flapping_foil_propulsors_control) by extensions ['ignore', 'ignore_ament_install']
[0.635s] Level 1:colcon.colcon_core.package_identification:_identify(src/flapping_foil_propulsors_control) by extension 'ignore'
[0.635s] Level 1:colcon.colcon_core.package_identification:_identify(src/flapping_foil_propulsors_control) by extension 'ignore_ament_install'
[0.635s] Level 1:colcon.colcon_core.package_identification:_identify(src/flapping_foil_propulsors_control) by extensions ['colcon_pkg']
[0.635s] Level 1:colcon.colcon_core.package_identification:_identify(src/flapping_foil_propulsors_control) by extension 'colcon_pkg'
[0.635s] Level 1:colcon.colcon_core.package_identification:_identify(src/flapping_foil_propulsors_control) by extensions ['colcon_meta']
[0.635s] Level 1:colcon.colcon_core.package_identification:_identify(src/flapping_foil_propulsors_control) by extension 'colcon_meta'
[0.635s] Level 1:colcon.colcon_core.package_identification:_identify(src/flapping_foil_propulsors_control) by extensions ['ros']
[0.635s] Level 1:colcon.colcon_core.package_identification:_identify(src/flapping_foil_propulsors_control) by extension 'ros'
[0.642s] DEBUG:colcon.colcon_core.package_identification:Package 'src/flapping_foil_propulsors_control' with type 'ros.ament_python' and name 'flapping_foil_propulsors_control'
[0.643s] Level 1:colcon.colcon_core.package_identification:_identify(videos) by extensions ['ignore', 'ignore_ament_install']
[0.643s] Level 1:colcon.colcon_core.package_identification:_identify(videos) by extension 'ignore'
[0.643s] Level 1:colcon.colcon_core.package_identification:_identify(videos) by extension 'ignore_ament_install'
[0.643s] Level 1:colcon.colcon_core.package_identification:_identify(videos) by extensions ['colcon_pkg']
[0.643s] Level 1:colcon.colcon_core.package_identification:_identify(videos) by extension 'colcon_pkg'
[0.643s] Level 1:colcon.colcon_core.package_identification:_identify(videos) by extensions ['colcon_meta']
[0.643s] Level 1:colcon.colcon_core.package_identification:_identify(videos) by extension 'colcon_meta'
[0.644s] Level 1:colcon.colcon_core.package_identification:_identify(videos) by extensions ['ros']
[0.644s] Level 1:colcon.colcon_core.package_identification:_identify(videos) by extension 'ros'
[0.644s] Level 1:colcon.colcon_core.package_identification:_identify(videos) by extensions ['cmake', 'python']
[0.644s] Level 1:colcon.colcon_core.package_identification:_identify(videos) by extension 'cmake'
[0.644s] Level 1:colcon.colcon_core.package_identification:_identify(videos) by extension 'python'
[0.644s] Level 1:colcon.colcon_core.package_identification:_identify(videos) by extensions ['python_setup_py']
[0.644s] Level 1:colcon.colcon_core.package_identification:_identify(videos) by extension 'python_setup_py'
[0.645s] Level 1:colcon.colcon_core.package_identification:_identify(~) by extensions ['ignore', 'ignore_ament_install']
[0.645s] Level 1:colcon.colcon_core.package_identification:_identify(~) by extension 'ignore'
[0.645s] Level 1:colcon.colcon_core.package_identification:_identify(~) by extension 'ignore_ament_install'
[0.645s] Level 1:colcon.colcon_core.package_identification:_identify(~) by extensions ['colcon_pkg']
[0.645s] Level 1:colcon.colcon_core.package_identification:_identify(~) by extension 'colcon_pkg'
[0.645s] Level 1:colcon.colcon_core.package_identification:_identify(~) by extensions ['colcon_meta']
[0.645s] Level 1:colcon.colcon_core.package_identification:_identify(~) by extension 'colcon_meta'
[0.646s] Level 1:colcon.colcon_core.package_identification:_identify(~) by extensions ['ros']
[0.646s] Level 1:colcon.colcon_core.package_identification:_identify(~) by extension 'ros'
[0.646s] Level 1:colcon.colcon_core.package_identification:_identify(~) by extensions ['cmake', 'python']
[0.646s] Level 1:colcon.colcon_core.package_identification:_identify(~) by extension 'cmake'
[0.646s] Level 1:colcon.colcon_core.package_identification:_identify(~) by extension 'python'
[0.646s] Level 1:colcon.colcon_core.package_identification:_identify(~) by extensions ['python_setup_py']
[0.646s] Level 1:colcon.colcon_core.package_identification:_identify(~) by extension 'python_setup_py'
[0.646s] Level 1:colcon.colcon_core.package_identification:_identify(~/home) by extensions ['ignore', 'ignore_ament_install']
[0.647s] Level 1:colcon.colcon_core.package_identification:_identify(~/home) by extension 'ignore'
[0.647s] Level 1:colcon.colcon_core.package_identification:_identify(~/home) by extension 'ignore_ament_install'
[0.647s] Level 1:colcon.colcon_core.package_identification:_identify(~/home) by extensions ['colcon_pkg']
[0.647s] Level 1:colcon.colcon_core.package_identification:_identify(~/home) by extension 'colcon_pkg'
[0.647s] Level 1:colcon.colcon_core.package_identification:_identify(~/home) by extensions ['colcon_meta']
[0.647s] Level 1:colcon.colcon_core.package_identification:_identify(~/home) by extension 'colcon_meta'
[0.647s] Level 1:colcon.colcon_core.package_identification:_identify(~/home) by extensions ['ros']
[0.647s] Level 1:colcon.colcon_core.package_identification:_identify(~/home) by extension 'ros'
[0.648s] Level 1:colcon.colcon_core.package_identification:_identify(~/home) by extensions ['cmake', 'python']
[0.648s] Level 1:colcon.colcon_core.package_identification:_identify(~/home) by extension 'cmake'
[0.648s] Level 1:colcon.colcon_core.package_identification:_identify(~/home) by extension 'python'
[0.648s] Level 1:colcon.colcon_core.package_identification:_identify(~/home) by extensions ['python_setup_py']
[0.648s] Level 1:colcon.colcon_core.package_identification:_identify(~/home) by extension 'python_setup_py'
[0.648s] Level 1:colcon.colcon_core.package_identification:_identify(~/home/gingerstep) by extensions ['ignore', 'ignore_ament_install']
[0.648s] Level 1:colcon.colcon_core.package_identification:_identify(~/home/gingerstep) by extension 'ignore'
[0.649s] Level 1:colcon.colcon_core.package_identification:_identify(~/home/gingerstep) by extension 'ignore_ament_install'
[0.649s] Level 1:colcon.colcon_core.package_identification:_identify(~/home/gingerstep) by extensions ['colcon_pkg']
[0.649s] Level 1:colcon.colcon_core.package_identification:_identify(~/home/gingerstep) by extension 'colcon_pkg'
[0.649s] Level 1:colcon.colcon_core.package_identification:_identify(~/home/gingerstep) by extensions ['colcon_meta']
[0.649s] Level 1:colcon.colcon_core.package_identification:_identify(~/home/gingerstep) by extension 'colcon_meta'
[0.649s] Level 1:colcon.colcon_core.package_identification:_identify(~/home/gingerstep) by extensions ['ros']
[0.649s] Level 1:colcon.colcon_core.package_identification:_identify(~/home/gingerstep) by extension 'ros'
[0.649s] Level 1:colcon.colcon_core.package_identification:_identify(~/home/gingerstep) by extensions ['cmake', 'python']
[0.650s] Level 1:colcon.colcon_core.package_identification:_identify(~/home/gingerstep) by extension 'cmake'
[0.650s] Level 1:colcon.colcon_core.package_identification:_identify(~/home/gingerstep) by extension 'python'
[0.650s] Level 1:colcon.colcon_core.package_identification:_identify(~/home/gingerstep) by extensions ['python_setup_py']
[0.650s] Level 1:colcon.colcon_core.package_identification:_identify(~/home/gingerstep) by extension 'python_setup_py'
[0.650s] Level 1:colcon.colcon_core.package_identification:_identify(~/home/gingerstep/Desktop) by extensions ['ignore', 'ignore_ament_install']
[0.650s] Level 1:colcon.colcon_core.package_identification:_identify(~/home/gingerstep/Desktop) by extension 'ignore'
[0.650s] Level 1:colcon.colcon_core.package_identification:_identify(~/home/gingerstep/Desktop) by extension 'ignore_ament_install'
[0.651s] Level 1:colcon.colcon_core.package_identification:_identify(~/home/gingerstep/Desktop) by extensions ['colcon_pkg']
[0.651s] Level 1:colcon.colcon_core.package_identification:_identify(~/home/gingerstep/Desktop) by extension 'colcon_pkg'
[0.651s] Level 1:colcon.colcon_core.package_identification:_identify(~/home/gingerstep/Desktop) by extensions ['colcon_meta']
[0.651s] Level 1:colcon.colcon_core.package_identification:_identify(~/home/gingerstep/Desktop) by extension 'colcon_meta'
[0.651s] Level 1:colcon.colcon_core.package_identification:_identify(~/home/gingerstep/Desktop) by extensions ['ros']
[0.651s] Level 1:colcon.colcon_core.package_identification:_identify(~/home/gingerstep/Desktop) by extension 'ros'
[0.651s] Level 1:colcon.colcon_core.package_identification:_identify(~/home/gingerstep/Desktop) by extensions ['cmake', 'python']
[0.651s] Level 1:colcon.colcon_core.package_identification:_identify(~/home/gingerstep/Desktop) by extension 'cmake'
[0.652s] Level 1:colcon.colcon_core.package_identification:_identify(~/home/gingerstep/Desktop) by extension 'python'
[0.652s] Level 1:colcon.colcon_core.package_identification:_identify(~/home/gingerstep/Desktop) by extensions ['python_setup_py']
[0.652s] Level 1:colcon.colcon_core.package_identification:_identify(~/home/gingerstep/Desktop) by extension 'python_setup_py'
[0.652s] Level 1:colcon.colcon_core.package_identification:_identify(~/home/gingerstep/Desktop/flipper_code) by extensions ['ignore', 'ignore_ament_install']
[0.652s] Level 1:colcon.colcon_core.package_identification:_identify(~/home/gingerstep/Desktop/flipper_code) by extension 'ignore'
[0.652s] Level 1:colcon.colcon_core.package_identification:_identify(~/home/gingerstep/Desktop/flipper_code) by extension 'ignore_ament_install'
[0.653s] Level 1:colcon.colcon_core.package_identification:_identify(~/home/gingerstep/Desktop/flipper_code) by extensions ['colcon_pkg']
[0.653s] Level 1:colcon.colcon_core.package_identification:_identify(~/home/gingerstep/Desktop/flipper_code) by extension 'colcon_pkg'
[0.653s] Level 1:colcon.colcon_core.package_identification:_identify(~/home/gingerstep/Desktop/flipper_code) by extensions ['colcon_meta']
[0.653s] Level 1:colcon.colcon_core.package_identification:_identify(~/home/gingerstep/Desktop/flipper_code) by extension 'colcon_meta'
[0.653s] Level 1:colcon.colcon_core.package_identification:_identify(~/home/gingerstep/Desktop/flipper_code) by extensions ['ros']
[0.653s] Level 1:colcon.colcon_core.package_identification:_identify(~/home/gingerstep/Desktop/flipper_code) by extension 'ros'
[0.653s] Level 1:colcon.colcon_core.package_identification:_identify(~/home/gingerstep/Desktop/flipper_code) by extensions ['cmake', 'python']
[0.653s] Level 1:colcon.colcon_core.package_identification:_identify(~/home/gingerstep/Desktop/flipper_code) by extension 'cmake'
[0.653s] Level 1:colcon.colcon_core.package_identification:_identify(~/home/gingerstep/Desktop/flipper_code) by extension 'python'
[0.654s] Level 1:colcon.colcon_core.package_identification:_identify(~/home/gingerstep/Desktop/flipper_code) by extensions ['python_setup_py']
[0.654s] Level 1:colcon.colcon_core.package_identification:_identify(~/home/gingerstep/Desktop/flipper_code) by extension 'python_setup_py'
[0.654s] Level 1:colcon.colcon_core.package_identification:_identify(~/home/gingerstep/Desktop/flipper_code/flapping-foil-propulsors-control) by extensions ['ignore', 'ignore_ament_install']
[0.654s] Level 1:colcon.colcon_core.package_identification:_identify(~/home/gingerstep/Desktop/flipper_code/flapping-foil-propulsors-control) by extension 'ignore'
[0.654s] Level 1:colcon.colcon_core.package_identification:_identify(~/home/gingerstep/Desktop/flipper_code/flapping-foil-propulsors-control) by extension 'ignore_ament_install'
[0.655s] Level 1:colcon.colcon_core.package_identification:_identify(~/home/gingerstep/Desktop/flipper_code/flapping-foil-propulsors-control) by extensions ['colcon_pkg']
[0.655s] Level 1:colcon.colcon_core.package_identification:_identify(~/home/gingerstep/Desktop/flipper_code/flapping-foil-propulsors-control) by extension 'colcon_pkg'
[0.655s] Level 1:colcon.colcon_core.package_identification:_identify(~/home/gingerstep/Desktop/flipper_code/flapping-foil-propulsors-control) by extensions ['colcon_meta']
[0.655s] Level 1:colcon.colcon_core.package_identification:_identify(~/home/gingerstep/Desktop/flipper_code/flapping-foil-propulsors-control) by extension 'colcon_meta'
[0.655s] Level 1:colcon.colcon_core.package_identification:_identify(~/home/gingerstep/Desktop/flipper_code/flapping-foil-propulsors-control) by extensions ['ros']
[0.655s] Level 1:colcon.colcon_core.package_identification:_identify(~/home/gingerstep/Desktop/flipper_code/flapping-foil-propulsors-control) by extension 'ros'
[0.655s] Level 1:colcon.colcon_core.package_identification:_identify(~/home/gingerstep/Desktop/flipper_code/flapping-foil-propulsors-control) by extensions ['cmake', 'python']
[0.655s] Level 1:colcon.colcon_core.package_identification:_identify(~/home/gingerstep/Desktop/flipper_code/flapping-foil-propulsors-control) by extension 'cmake'
[0.655s] Level 1:colcon.colcon_core.package_identification:_identify(~/home/gingerstep/Desktop/flipper_code/flapping-foil-propulsors-control) by extension 'python'
[0.656s] Level 1:colcon.colcon_core.package_identification:_identify(~/home/gingerstep/Desktop/flipper_code/flapping-foil-propulsors-control) by extensions ['python_setup_py']
[0.656s] Level 1:colcon.colcon_core.package_identification:_identify(~/home/gingerstep/Desktop/flipper_code/flapping-foil-propulsors-control) by extension 'python_setup_py'
[0.656s] Level 1:colcon.colcon_core.package_identification:_identify(~/home/gingerstep/Desktop/flipper_code/flapping-foil-propulsors-control/videos) by extensions ['ignore', 'ignore_ament_install']
[0.656s] Level 1:colcon.colcon_core.package_identification:_identify(~/home/gingerstep/Desktop/flipper_code/flapping-foil-propulsors-control/videos) by extension 'ignore'
[0.656s] Level 1:colcon.colcon_core.package_identification:_identify(~/home/gingerstep/Desktop/flipper_code/flapping-foil-propulsors-control/videos) by extension 'ignore_ament_install'
[0.656s] Level 1:colcon.colcon_core.package_identification:_identify(~/home/gingerstep/Desktop/flipper_code/flapping-foil-propulsors-control/videos) by extensions ['colcon_pkg']
[0.657s] Level 1:colcon.colcon_core.package_identification:_identify(~/home/gingerstep/Desktop/flipper_code/flapping-foil-propulsors-control/videos) by extension 'colcon_pkg'
[0.657s] Level 1:colcon.colcon_core.package_identification:_identify(~/home/gingerstep/Desktop/flipper_code/flapping-foil-propulsors-control/videos) by extensions ['colcon_meta']
[0.657s] Level 1:colcon.colcon_core.package_identification:_identify(~/home/gingerstep/Desktop/flipper_code/flapping-foil-propulsors-control/videos) by extension 'colcon_meta'
[0.657s] Level 1:colcon.colcon_core.package_identification:_identify(~/home/gingerstep/Desktop/flipper_code/flapping-foil-propulsors-control/videos) by extensions ['ros']
[0.657s] Level 1:colcon.colcon_core.package_identification:_identify(~/home/gingerstep/Desktop/flipper_code/flapping-foil-propulsors-control/videos) by extension 'ros'
[0.657s] Level 1:colcon.colcon_core.package_identification:_identify(~/home/gingerstep/Desktop/flipper_code/flapping-foil-propulsors-control/videos) by extensions ['cmake', 'python']
[0.657s] Level 1:colcon.colcon_core.package_identification:_identify(~/home/gingerstep/Desktop/flipper_code/flapping-foil-propulsors-control/videos) by extension 'cmake'
[0.657s] Level 1:colcon.colcon_core.package_identification:_identify(~/home/gingerstep/Desktop/flipper_code/flapping-foil-propulsors-control/videos) by extension 'python'
[0.658s] Level 1:colcon.colcon_core.package_identification:_identify(~/home/gingerstep/Desktop/flipper_code/flapping-foil-propulsors-control/videos) by extensions ['python_setup_py']
[0.658s] Level 1:colcon.colcon_core.package_identification:_identify(~/home/gingerstep/Desktop/flipper_code/flapping-foil-propulsors-control/videos) by extension 'python_setup_py'
[0.658s] Level 1:colcon.colcon_core.package_discovery:discover_packages(recursive) using defaults
[0.658s] Level 1:colcon.colcon_core.package_discovery:discover_packages(ignore) discover
[0.658s] Level 1:colcon.colcon_core.package_discovery:discover_packages(ignore) using defaults
[0.658s] Level 1:colcon.colcon_core.package_discovery:discover_packages(path) discover
[0.658s] Level 1:colcon.colcon_core.package_discovery:discover_packages(path) using defaults
[0.704s] Level 1:colcon.colcon_core.package_discovery:discover_packages(prefix_path) check parameters
[0.705s] Level 1:colcon.colcon_core.package_discovery:discover_packages(prefix_path) discover
[0.710s] DEBUG:colcon.colcon_installed_package_information.package_discovery:Found 1 installed packages in /home/gingerstep/Desktop/flipper_code/flapping-foil-propulsors-control/install
[0.713s] DEBUG:colcon.colcon_installed_package_information.package_discovery:Found 291 installed packages in /opt/ros/jazzy
[0.715s] Level 1:colcon.colcon_core.package_discovery:discover_packages(prefix_path) using defaults
[0.821s] Level 5:colcon.colcon_core.verb:set package 'flapping_foil_propulsors_control' build argument 'cmake_args' from command line to 'None'
[0.821s] Level 5:colcon.colcon_core.verb:set package 'flapping_foil_propulsors_control' build argument 'cmake_target' from command line to 'None'
[0.821s] Level 5:colcon.colcon_core.verb:set package 'flapping_foil_propulsors_control' build argument 'cmake_target_skip_unavailable' from command line to 'False'
[0.821s] Level 5:colcon.colcon_core.verb:set package 'flapping_foil_propulsors_control' build argument 'cmake_clean_cache' from command line to 'False'
[0.821s] Level 5:colcon.colcon_core.verb:set package 'flapping_foil_propulsors_control' build argument 'cmake_clean_first' from command line to 'False'
[0.822s] Level 5:colcon.colcon_core.verb:set package 'flapping_foil_propulsors_control' build argument 'cmake_force_configure' from command line to 'False'
[0.822s] Level 5:colcon.colcon_core.verb:set package 'flapping_foil_propulsors_control' build argument 'ament_cmake_args' from command line to 'None'
[0.822s] Level 5:colcon.colcon_core.verb:set package 'flapping_foil_propulsors_control' build argument 'catkin_cmake_args' from command line to 'None'
[0.822s] Level 5:colcon.colcon_core.verb:set package 'flapping_foil_propulsors_control' build argument 'catkin_skip_building_tests' from command line to 'False'
[0.822s] DEBUG:colcon.colcon_core.verb:Building package 'flapping_foil_propulsors_control' with the following arguments: {'ament_cmake_args': None, 'build_base': '/home/gingerstep/Desktop/flipper_code/flapping-foil-propulsors-control/build/flapping_foil_propulsors_control', 'catkin_cmake_args': None, 'catkin_skip_building_tests': False, 'cmake_args': None, 'cmake_clean_cache': False, 'cmake_clean_first': False, 'cmake_force_configure': False, 'cmake_target': None, 'cmake_target_skip_unavailable': False, 'install_base': '/home/gingerstep/Desktop/flipper_code/flapping-foil-propulsors-control/install/flapping_foil_propulsors_control', 'merge_install': False, 'path': '/home/gingerstep/Desktop/flipper_code/flapping-foil-propulsors-control/src/flapping_foil_propulsors_control', 'symlink_install': False, 'test_result_base': None}
[0.822s] INFO:colcon.colcon_core.executor:Executing jobs using 'parallel' executor
[0.824s] DEBUG:colcon.colcon_parallel_executor.executor.parallel:run_until_complete
[0.825s] INFO:colcon.colcon_ros.task.ament_python.build:Building ROS package in '/home/gingerstep/Desktop/flipper_code/flapping-foil-propulsors-control/src/flapping_foil_propulsors_control' with build type 'ament_python'
[0.825s] Level 1:colcon.colcon_core.shell:create_environment_hook('flapping_foil_propulsors_control', 'ament_prefix_path')
[0.838s] INFO:colcon.colcon_core.plugin_system:Skipping extension 'colcon_core.shell.bat': Not used on non-Windows systems
[0.838s] INFO:colcon.colcon_core.shell:Creating environment hook '/home/gingerstep/Desktop/flipper_code/flapping-foil-propulsors-control/install/flapping_foil_propulsors_control/share/flapping_foil_propulsors_control/hook/ament_prefix_path.ps1'
[0.840s] INFO:colcon.colcon_core.shell:Creating environment descriptor '/home/gingerstep/Desktop/flipper_code/flapping-foil-propulsors-control/install/flapping_foil_propulsors_control/share/flapping_foil_propulsors_control/hook/ament_prefix_path.dsv'
[0.841s] INFO:colcon.colcon_core.shell:Creating environment hook '/home/gingerstep/Desktop/flipper_code/flapping-foil-propulsors-control/install/flapping_foil_propulsors_control/share/flapping_foil_propulsors_control/hook/ament_prefix_path.sh'
[0.842s] INFO:colcon.colcon_core.shell:Skip shell extension 'powershell' for command environment: Not usable outside of PowerShell
[0.842s] DEBUG:colcon.colcon_core.shell:Skip shell extension 'dsv' for command environment
[1.387s] INFO:colcon.colcon_core.task.python.build:Building Python package in '/home/gingerstep/Desktop/flipper_code/flapping-foil-propulsors-control/src/flapping_foil_propulsors_control'
[1.388s] INFO:colcon.colcon_core.shell:Skip shell extension 'powershell' for command environment: Not usable outside of PowerShell
[1.388s] DEBUG:colcon.colcon_core.shell:Skip shell extension 'dsv' for command environment
[2.912s] DEBUG:colcon.colcon_core.event_handler.log_command:Invoking command in '/home/gingerstep/Desktop/flipper_code/flapping-foil-propulsors-control/src/flapping_foil_propulsors_control': DEBUGINFOD_URLS=https://debuginfod.ubuntu.com PYTHONPATH=/home/gingerstep/Desktop/flipper_code/flapping-foil-propulsors-control/build/flapping_foil_propulsors_control/prefix_override:/usr/lib/python3/dist-packages/colcon_core/task/python/colcon_distutils_commands:/home/gingerstep/Desktop/flipper_code/flapping-foil-propulsors-control/install/flapping_foil_propulsors_control/lib/python3.12/site-packages:${PYTHONPATH} /usr/bin/python3 -W ignore:setup.py install is deprecated -W ignore:easy_install command is deprecated setup.py egg_info --egg-base ../../build/flapping_foil_propulsors_control build --build-base /home/gingerstep/Desktop/flipper_code/flapping-foil-propulsors-control/build/flapping_foil_propulsors_control/build install --record /home/gingerstep/Desktop/flipper_code/flapping-foil-propulsors-control/build/flapping_foil_propulsors_control/install.log --single-version-externally-managed install_data
[4.334s] DEBUG:colcon.colcon_core.event_handler.log_command:Invoked command in '/home/gingerstep/Desktop/flipper_code/flapping-foil-propulsors-control/src/flapping_foil_propulsors_control' returned '0': DEBUGINFOD_URLS=https://debuginfod.ubuntu.com PYTHONPATH=/home/gingerstep/Desktop/flipper_code/flapping-foil-propulsors-control/build/flapping_foil_propulsors_control/prefix_override:/usr/lib/python3/dist-packages/colcon_core/task/python/colcon_distutils_commands:/home/gingerstep/Desktop/flipper_code/flapping-foil-propulsors-control/install/flapping_foil_propulsors_control/lib/python3.12/site-packages:${PYTHONPATH} /usr/bin/python3 -W ignore:setup.py install is deprecated -W ignore:easy_install command is deprecated setup.py egg_info --egg-base ../../build/flapping_foil_propulsors_control build --build-base /home/gingerstep/Desktop/flipper_code/flapping-foil-propulsors-control/build/flapping_foil_propulsors_control/build install --record /home/gingerstep/Desktop/flipper_code/flapping-foil-propulsors-control/build/flapping_foil_propulsors_control/install.log --single-version-externally-managed install_data
[4.353s] Level 1:colcon.colcon_core.environment:checking '/home/gingerstep/Desktop/flipper_code/flapping-foil-propulsors-control/install/flapping_foil_propulsors_control' for CMake module files
[4.355s] Level 1:colcon.colcon_core.environment:checking '/home/gingerstep/Desktop/flipper_code/flapping-foil-propulsors-control/install/flapping_foil_propulsors_control' for CMake config files
[4.358s] Level 1:colcon.colcon_core.environment:checking '/home/gingerstep/Desktop/flipper_code/flapping-foil-propulsors-control/install/flapping_foil_propulsors_control/lib'
[4.359s] Level 1:colcon.colcon_core.environment:checking '/home/gingerstep/Desktop/flipper_code/flapping-foil-propulsors-control/install/flapping_foil_propulsors_control/bin'
[4.359s] Level 1:colcon.colcon_core.environment:checking '/home/gingerstep/Desktop/flipper_code/flapping-foil-propulsors-control/install/flapping_foil_propulsors_control/lib/pkgconfig/flapping_foil_propulsors_control.pc'
[4.360s] Level 1:colcon.colcon_core.environment:checking '/home/gingerstep/Desktop/flipper_code/flapping-foil-propulsors-control/install/flapping_foil_propulsors_control/lib/python3.12/site-packages'
[4.360s] Level 1:colcon.colcon_core.shell:create_environment_hook('flapping_foil_propulsors_control', 'pythonpath')
[4.361s] INFO:colcon.colcon_core.shell:Creating environment hook '/home/gingerstep/Desktop/flipper_code/flapping-foil-propulsors-control/install/flapping_foil_propulsors_control/share/flapping_foil_propulsors_control/hook/pythonpath.ps1'
[4.363s] INFO:colcon.colcon_core.shell:Creating environment descriptor '/home/gingerstep/Desktop/flipper_code/flapping-foil-propulsors-control/install/flapping_foil_propulsors_control/share/flapping_foil_propulsors_control/hook/pythonpath.dsv'
[4.364s] INFO:colcon.colcon_core.shell:Creating environment hook '/home/gingerstep/Desktop/flipper_code/flapping-foil-propulsors-control/install/flapping_foil_propulsors_control/share/flapping_foil_propulsors_control/hook/pythonpath.sh'
[4.367s] Level 1:colcon.colcon_core.environment:checking '/home/gingerstep/Desktop/flipper_code/flapping-foil-propulsors-control/install/flapping_foil_propulsors_control/bin'
[4.367s] Level 1:colcon.colcon_core.environment:create_environment_scripts_only(flapping_foil_propulsors_control)
[4.368s] INFO:colcon.colcon_core.shell:Creating package script '/home/gingerstep/Desktop/flipper_code/flapping-foil-propulsors-control/install/flapping_foil_propulsors_control/share/flapping_foil_propulsors_control/package.ps1'
[4.372s] INFO:colcon.colcon_core.shell:Creating package descriptor '/home/gingerstep/Desktop/flipper_code/flapping-foil-propulsors-control/install/flapping_foil_propulsors_control/share/flapping_foil_propulsors_control/package.dsv'
[4.374s] INFO:colcon.colcon_core.shell:Creating package script '/home/gingerstep/Desktop/flipper_code/flapping-foil-propulsors-control/install/flapping_foil_propulsors_control/share/flapping_foil_propulsors_control/package.sh'
[4.377s] INFO:colcon.colcon_core.shell:Creating package script '/home/gingerstep/Desktop/flipper_code/flapping-foil-propulsors-control/install/flapping_foil_propulsors_control/share/flapping_foil_propulsors_control/package.bash'
[4.380s] INFO:colcon.colcon_core.shell:Creating package script '/home/gingerstep/Desktop/flipper_code/flapping-foil-propulsors-control/install/flapping_foil_propulsors_control/share/flapping_foil_propulsors_control/package.zsh'
[4.382s] Level 1:colcon.colcon_core.environment:create_file_with_runtime_dependencies(/home/gingerstep/Desktop/flipper_code/flapping-foil-propulsors-control/install/flapping_foil_propulsors_control/share/colcon-core/packages/flapping_foil_propulsors_control)
[4.383s] DEBUG:colcon.colcon_parallel_executor.executor.parallel:closing loop
[4.384s] DEBUG:colcon.colcon_parallel_executor.executor.parallel:loop closed
[4.385s] DEBUG:colcon.colcon_parallel_executor.executor.parallel:run_until_complete finished with '0'
[4.385s] DEBUG:colcon.colcon_core.event_reactor:joining thread
[4.386s] DEBUG:colcon.colcon_core.event_reactor:joined thread
[4.387s] INFO:colcon.colcon_core.shell:Creating prefix script '/home/gingerstep/Desktop/flipper_code/flapping-foil-propulsors-control/install/local_setup.ps1'
[4.390s] INFO:colcon.colcon_core.shell:Creating prefix util module '/home/gingerstep/Desktop/flipper_code/flapping-foil-propulsors-control/install/_local_setup_util_ps1.py'
[4.395s] INFO:colcon.colcon_core.shell:Creating prefix chain script '/home/gingerstep/Desktop/flipper_code/flapping-foil-propulsors-control/install/setup.ps1'
[4.398s] INFO:colcon.colcon_core.shell:Creating prefix script '/home/gingerstep/Desktop/flipper_code/flapping-foil-propulsors-control/install/local_setup.sh'
[4.400s] INFO:colcon.colcon_core.shell:Creating prefix util module '/home/gingerstep/Desktop/flipper_code/flapping-foil-propulsors-control/install/_local_setup_util_sh.py'
[4.402s] INFO:colcon.colcon_core.shell:Creating prefix chain script '/home/gingerstep/Desktop/flipper_code/flapping-foil-propulsors-control/install/setup.sh'
[4.406s] INFO:colcon.colcon_core.shell:Creating prefix script '/home/gingerstep/Desktop/flipper_code/flapping-foil-propulsors-control/install/local_setup.bash'
[4.407s] INFO:colcon.colcon_core.shell:Creating prefix chain script '/home/gingerstep/Desktop/flipper_code/flapping-foil-propulsors-control/install/setup.bash'
[4.410s] INFO:colcon.colcon_core.shell:Creating prefix script '/home/gingerstep/Desktop/flipper_code/flapping-foil-propulsors-control/install/local_setup.zsh'
[4.412s] INFO:colcon.colcon_core.shell:Creating prefix chain script '/home/gingerstep/Desktop/flipper_code/flapping-foil-propulsors-control/install/setup.zsh'
