[3.041s] Invoking command in '/home/shafa/flapping-propulsors-control/src/actuator_driver': PYTHONPATH=/home/shafa/flapping-propulsors-control/build/actuator_driver/prefix_override:/usr/lib/python3/dist-packages/colcon_core/task/python/colcon_distutils_commands:/home/shafa/flapping-propulsors-control/install/actuator_driver/lib/python3.12/site-packages:${PYTHONPATH} /usr/bin/python3 -W ignore:setup.py install is deprecated -W ignore:easy_install command is deprecated setup.py egg_info --egg-base ../../build/actuator_driver build --build-base /home/shafa/flapping-propulsors-control/build/actuator_driver/build install --record /home/shafa/flapping-propulsors-control/build/actuator_driver/install.log --single-version-externally-managed install_data
[3.410s] running egg_info
[3.467s] writing ../../build/actuator_driver/actuator_driver.egg-info/PKG-INFO
[3.468s] writing dependency_links to ../../build/actuator_driver/actuator_driver.egg-info/dependency_links.txt
[3.469s] writing entry points to ../../build/actuator_driver/actuator_driver.egg-info/entry_points.txt
[3.470s] writing requirements to ../../build/actuator_driver/actuator_driver.egg-info/requires.txt
[3.470s] writing top-level names to ../../build/actuator_driver/actuator_driver.egg-info/top_level.txt
[3.576s] reading manifest file '../../build/actuator_driver/actuator_driver.egg-info/SOURCES.txt'
[3.577s] writing manifest file '../../build/actuator_driver/actuator_driver.egg-info/SOURCES.txt'
[3.577s] running build
[3.578s] running build_py
[3.578s] copying actuator_driver/actuator.py -> /home/shafa/flapping-propulsors-control/build/actuator_driver/build/lib/actuator_driver
[3.578s] running install
[3.586s] running install_lib
[3.608s] copying /home/shafa/flapping-propulsors-control/build/actuator_driver/build/lib/actuator_driver/actuator.py -> /home/shafa/flapping-propulsors-control/install/actuator_driver/lib/python3.12/site-packages/actuator_driver
[3.608s] byte-compiling /home/shafa/flapping-propulsors-control/install/actuator_driver/lib/python3.12/site-packages/actuator_driver/actuator.py to actuator.cpython-312.pyc
[3.610s] Sorry: IndentationError: unexpected indent (actuator.py, line 88)
[3.610s] running install_data
[3.611s] copying launch/crab.py -> /home/shafa/flapping-propulsors-control/install/actuator_driver/share/actuator_driver/launch
[3.611s] running install_egg_info
[3.635s] removing '/home/shafa/flapping-propulsors-control/install/actuator_driver/lib/python3.12/site-packages/actuator_driver-0.0.0-py3.12.egg-info' (and everything under it)
[3.637s] Copying ../../build/actuator_driver/actuator_driver.egg-info to /home/shafa/flapping-propulsors-control/install/actuator_driver/lib/python3.12/site-packages/actuator_driver-0.0.0-py3.12.egg-info
[3.638s] running install_scripts
[3.952s] Installing actuator script to /home/shafa/flapping-propulsors-control/install/actuator_driver/lib/actuator_driver
[3.952s] Installing crab script to /home/shafa/flapping-propulsors-control/install/actuator_driver/lib/actuator_driver
[3.953s] Installing crab_controller script to /home/shafa/flapping-propulsors-control/install/actuator_driver/lib/actuator_driver
[3.953s] writing list of installed files to '/home/shafa/flapping-propulsors-control/build/actuator_driver/install.log'
[3.991s] Invoked command in '/home/shafa/flapping-propulsors-control/src/actuator_driver' returned '0': PYTHONPATH=/home/shafa/flapping-propulsors-control/build/actuator_driver/prefix_override:/usr/lib/python3/dist-packages/colcon_core/task/python/colcon_distutils_commands:/home/shafa/flapping-propulsors-control/install/actuator_driver/lib/python3.12/site-packages:${PYTHONPATH} /usr/bin/python3 -W ignore:setup.py install is deprecated -W ignore:easy_install command is deprecated setup.py egg_info --egg-base ../../build/actuator_driver build --build-base /home/shafa/flapping-propulsors-control/build/actuator_driver/build install --record /home/shafa/flapping-propulsors-control/build/actuator_driver/install.log --single-version-externally-managed install_data
