[0.869s] Invoking command in '/home/shafa/flapping-propulsors-control/src/flapping_foil_propulsors_control': PYTHONPATH=/home/shafa/flapping-propulsors-control/build/flapping_foil_propulsors_control/prefix_override:/usr/lib/python3/dist-packages/colcon_core/task/python/colcon_distutils_commands:/home/shafa/flapping-propulsors-control/install/flapping_foil_propulsors_control/lib/python3.12/site-packages:${PYTHONPATH} /usr/bin/python3 -W ignore:setup.py install is deprecated -W ignore:easy_install command is deprecated setup.py egg_info --egg-base ../../build/flapping_foil_propulsors_control build --build-base /home/shafa/flapping-propulsors-control/build/flapping_foil_propulsors_control/build install --record /home/shafa/flapping-propulsors-control/build/flapping_foil_propulsors_control/install.log --single-version-externally-managed install_data
[1.148s] running egg_info
[1.169s] writing ../../build/flapping_foil_propulsors_control/flapping_foil_propulsors_control.egg-info/PKG-INFO
[1.170s] writing dependency_links to ../../build/flapping_foil_propulsors_control/flapping_foil_propulsors_control.egg-info/dependency_links.txt
[1.170s] writing entry points to ../../build/flapping_foil_propulsors_control/flapping_foil_propulsors_control.egg-info/entry_points.txt
[1.171s] writing requirements to ../../build/flapping_foil_propulsors_control/flapping_foil_propulsors_control.egg-info/requires.txt
[1.171s] writing top-level names to ../../build/flapping_foil_propulsors_control/flapping_foil_propulsors_control.egg-info/top_level.txt
[1.214s] reading manifest file '../../build/flapping_foil_propulsors_control/flapping_foil_propulsors_control.egg-info/SOURCES.txt'
[1.216s] writing manifest file '../../build/flapping_foil_propulsors_control/flapping_foil_propulsors_control.egg-info/SOURCES.txt'
[1.216s] running build
[1.217s] running build_py
[1.217s] copying flapping_foil_propulsors_control/CrabController2DOF.py -> /home/shafa/flapping-propulsors-control/build/flapping_foil_propulsors_control/build/lib/flapping_foil_propulsors_control
[1.218s] running install
[1.224s] running install_lib
[1.246s] copying /home/shafa/flapping-propulsors-control/build/flapping_foil_propulsors_control/build/lib/flapping_foil_propulsors_control/CrabController2DOF.py -> /home/shafa/flapping-propulsors-control/install/flapping_foil_propulsors_control/lib/python3.12/site-packages/flapping_foil_propulsors_control
[1.247s] byte-compiling /home/shafa/flapping-propulsors-control/install/flapping_foil_propulsors_control/lib/python3.12/site-packages/flapping_foil_propulsors_control/CrabController2DOF.py to CrabController2DOF.cpython-312.pyc
[1.250s] running install_data
[1.250s] running install_egg_info
[1.274s] removing '/home/shafa/flapping-propulsors-control/install/flapping_foil_propulsors_control/lib/python3.12/site-packages/flapping_foil_propulsors_control-0.0.0-py3.12.egg-info' (and everything under it)
[1.274s] Copying ../../build/flapping_foil_propulsors_control/flapping_foil_propulsors_control.egg-info to /home/shafa/flapping-propulsors-control/install/flapping_foil_propulsors_control/lib/python3.12/site-packages/flapping_foil_propulsors_control-0.0.0-py3.12.egg-info
[1.275s] running install_scripts
[1.414s] Installing CrabController2DOF script to /home/shafa/flapping-propulsors-control/install/flapping_foil_propulsors_control/lib/flapping_foil_propulsors_control
[1.415s] Installing Dynamixcel_XW430_T200_interface script to /home/shafa/flapping-propulsors-control/install/flapping_foil_propulsors_control/lib/flapping_foil_propulsors_control
[1.415s] Installing crab script to /home/shafa/flapping-propulsors-control/install/flapping_foil_propulsors_control/lib/flapping_foil_propulsors_control
[1.416s] writing list of installed files to '/home/shafa/flapping-propulsors-control/build/flapping_foil_propulsors_control/install.log'
[1.443s] Invoked command in '/home/shafa/flapping-propulsors-control/src/flapping_foil_propulsors_control' returned '0': PYTHONPATH=/home/shafa/flapping-propulsors-control/build/flapping_foil_propulsors_control/prefix_override:/usr/lib/python3/dist-packages/colcon_core/task/python/colcon_distutils_commands:/home/shafa/flapping-propulsors-control/install/flapping_foil_propulsors_control/lib/python3.12/site-packages:${PYTHONPATH} /usr/bin/python3 -W ignore:setup.py install is deprecated -W ignore:easy_install command is deprecated setup.py egg_info --egg-base ../../build/flapping_foil_propulsors_control build --build-base /home/shafa/flapping-propulsors-control/build/flapping_foil_propulsors_control/build install --record /home/shafa/flapping-propulsors-control/build/flapping_foil_propulsors_control/install.log --single-version-externally-managed install_data
