[0.978s] DEBUG:colcon:Command line arguments: ['/usr/bin/colcon', 'build']
[0.979s] DEBUG:colcon:Parsed command line arguments: Namespace(log_base=None, log_level=None, verb_name='build', build_base='build', install_base='install', merge_install=False, symlink_install=False, test_result_base=None, continue_on_error=False, executor='parallel', parallel_workers=12, event_handlers=None, ignore_user_meta=False, metas=['./colcon.meta'], base_paths=['.'], packages_ignore=None, packages_ignore_regex=None, paths=None, packages_up_to=None, packages_up_to_regex=None, packages_above=None, packages_above_and_dependencies=None, packages_above_depth=None, packages_select_by_dep=None, packages_skip_by_dep=None, packages_skip_up_to=None, packages_select_build_failed=False, packages_skip_build_finished=False, packages_select_test_failures=False, packages_skip_test_passed=False, packages_select=None, packages_skip=None, packages_select_regex=None, packages_skip_regex=None, packages_start=None, packages_end=None, allow_overriding=[], cmake_args=None, cmake_target=None, cmake_target_skip_unavailable=False, cmake_clean_cache=False, cmake_clean_first=False, cmake_force_configure=False, ament_cmake_args=None, catkin_cmake_args=None, catkin_skip_building_tests=False, mixin_files=None, mixin=None, verb_parser=<colcon_mixin.mixin.mixin_argument.MixinArgumentDecorator object at 0x77fb50272360>, verb_extension=<colcon_core.verb.build.BuildVerb object at 0x77fb50271ca0>, main=<bound method BuildVerb.main of <colcon_core.verb.build.BuildVerb object at 0x77fb50271ca0>>, mixin_verb=('build',))
[1.304s] Level 1:colcon.colcon_core.package_discovery:discover_packages(colcon_meta) check parameters
[1.306s] Level 1:colcon.colcon_core.package_discovery:discover_packages(recursive) check parameters
[1.306s] Level 1:colcon.colcon_core.package_discovery:discover_packages(ignore) check parameters
[1.306s] Level 1:colcon.colcon_core.package_discovery:discover_packages(path) check parameters
[1.306s] Level 1:colcon.colcon_core.package_discovery:discover_packages(colcon_meta) discover
[1.307s] Level 1:colcon.colcon_core.package_discovery:discover_packages(recursive) discover
[1.307s] INFO:colcon.colcon_core.package_discovery:Crawling recursively for packages in '/home/shafa/flapping-propulsors-control'
[1.307s] Level 1:colcon.colcon_core.package_identification:_identify(.) by extensions ['ignore', 'ignore_ament_install']
[1.308s] Level 1:colcon.colcon_core.package_identification:_identify(.) by extension 'ignore'
[1.309s] Level 1:colcon.colcon_core.package_identification:_identify(.) by extension 'ignore_ament_install'
[1.309s] Level 1:colcon.colcon_core.package_identification:_identify(.) by extensions ['colcon_pkg']
[1.309s] Level 1:colcon.colcon_core.package_identification:_identify(.) by extension 'colcon_pkg'
[1.310s] Level 1:colcon.colcon_core.package_identification:_identify(.) by extensions ['colcon_meta']
[1.310s] Level 1:colcon.colcon_core.package_identification:_identify(.) by extension 'colcon_meta'
[1.310s] Level 1:colcon.colcon_core.package_identification:_identify(.) by extensions ['ros']
[1.310s] Level 1:colcon.colcon_core.package_identification:_identify(.) by extension 'ros'
[1.479s] Level 1:colcon.colcon_core.package_identification:_identify(.) by extensions ['cmake', 'python']
[1.479s] Level 1:colcon.colcon_core.package_identification:_identify(.) by extension 'cmake'
[1.479s] Level 1:colcon.colcon_core.package_identification:_identify(.) by extension 'python'
[1.480s] Level 1:colcon.colcon_core.package_identification:_identify(.) by extensions ['python_setup_py']
[1.480s] Level 1:colcon.colcon_core.package_identification:_identify(.) by extension 'python_setup_py'
[1.481s] Level 1:colcon.colcon_core.package_identification:_identify(build) by extensions ['ignore', 'ignore_ament_install']
[1.481s] Level 1:colcon.colcon_core.package_identification:_identify(build) by extension 'ignore'
[1.482s] Level 1:colcon.colcon_core.package_identification:_identify(build) ignored
[1.482s] Level 1:colcon.colcon_core.package_identification:_identify(install) by extensions ['ignore', 'ignore_ament_install']
[1.483s] Level 1:colcon.colcon_core.package_identification:_identify(install) by extension 'ignore'
[1.483s] Level 1:colcon.colcon_core.package_identification:_identify(install) ignored
[1.484s] Level 1:colcon.colcon_core.package_identification:_identify(log) by extensions ['ignore', 'ignore_ament_install']
[1.484s] Level 1:colcon.colcon_core.package_identification:_identify(log) by extension 'ignore'
[1.484s] Level 1:colcon.colcon_core.package_identification:_identify(log) ignored
[1.485s] Level 1:colcon.colcon_core.package_identification:_identify(src) by extensions ['ignore', 'ignore_ament_install']
[1.485s] Level 1:colcon.colcon_core.package_identification:_identify(src) by extension 'ignore'
[1.486s] Level 1:colcon.colcon_core.package_identification:_identify(src) by extension 'ignore_ament_install'
[1.486s] Level 1:colcon.colcon_core.package_identification:_identify(src) by extensions ['colcon_pkg']
[1.486s] Level 1:colcon.colcon_core.package_identification:_identify(src) by extension 'colcon_pkg'
[1.486s] Level 1:colcon.colcon_core.package_identification:_identify(src) by extensions ['colcon_meta']
[1.486s] Level 1:colcon.colcon_core.package_identification:_identify(src) by extension 'colcon_meta'
[1.487s] Level 1:colcon.colcon_core.package_identification:_identify(src) by extensions ['ros']
[1.487s] Level 1:colcon.colcon_core.package_identification:_identify(src) by extension 'ros'
[1.487s] Level 1:colcon.colcon_core.package_identification:_identify(src) by extensions ['cmake', 'python']
[1.488s] Level 1:colcon.colcon_core.package_identification:_identify(src) by extension 'cmake'
[1.488s] Level 1:colcon.colcon_core.package_identification:_identify(src) by extension 'python'
[1.488s] Level 1:colcon.colcon_core.package_identification:_identify(src) by extensions ['python_setup_py']
[1.488s] Level 1:colcon.colcon_core.package_identification:_identify(src) by extension 'python_setup_py'
[1.489s] Level 1:colcon.colcon_core.package_identification:_identify(src/actuator_driver) by extensions ['ignore', 'ignore_ament_install']
[1.489s] Level 1:colcon.colcon_core.package_identification:_identify(src/actuator_driver) by extension 'ignore'
[1.489s] Level 1:colcon.colcon_core.package_identification:_identify(src/actuator_driver) by extension 'ignore_ament_install'
[1.490s] Level 1:colcon.colcon_core.package_identification:_identify(src/actuator_driver) by extensions ['colcon_pkg']
[1.490s] Level 1:colcon.colcon_core.package_identification:_identify(src/actuator_driver) by extension 'colcon_pkg'
[1.490s] Level 1:colcon.colcon_core.package_identification:_identify(src/actuator_driver) by extensions ['colcon_meta']
[1.490s] Level 1:colcon.colcon_core.package_identification:_identify(src/actuator_driver) by extension 'colcon_meta'
[1.490s] Level 1:colcon.colcon_core.package_identification:_identify(src/actuator_driver) by extensions ['ros']
[1.491s] Level 1:colcon.colcon_core.package_identification:_identify(src/actuator_driver) by extension 'ros'
[1.507s] DEBUG:colcon.colcon_core.package_identification:Package 'src/actuator_driver' with type 'ros.ament_python' and name 'actuator_driver'
[1.507s] Level 1:colcon.colcon_core.package_discovery:discover_packages(recursive) using defaults
[1.508s] Level 1:colcon.colcon_core.package_discovery:discover_packages(ignore) discover
[1.508s] Level 1:colcon.colcon_core.package_discovery:discover_packages(ignore) using defaults
[1.508s] Level 1:colcon.colcon_core.package_discovery:discover_packages(path) discover
[1.508s] Level 1:colcon.colcon_core.package_discovery:discover_packages(path) using defaults
[1.621s] Level 1:colcon.colcon_core.package_discovery:discover_packages(prefix_path) check parameters
[1.621s] Level 1:colcon.colcon_core.package_discovery:discover_packages(prefix_path) discover
[1.634s] DEBUG:colcon.colcon_installed_package_information.package_discovery:Found 1 installed packages in /home/shafa/flapping-propulsors-control/install
[1.642s] DEBUG:colcon.colcon_installed_package_information.package_discovery:Found 287 installed packages in /opt/ros/jazzy
[1.645s] Level 1:colcon.colcon_core.package_discovery:discover_packages(prefix_path) using defaults
[2.008s] Level 5:colcon.colcon_core.verb:set package 'actuator_driver' build argument 'cmake_args' from command line to 'None'
[2.008s] Level 5:colcon.colcon_core.verb:set package 'actuator_driver' build argument 'cmake_target' from command line to 'None'
[2.008s] Level 5:colcon.colcon_core.verb:set package 'actuator_driver' build argument 'cmake_target_skip_unavailable' from command line to 'False'
[2.008s] Level 5:colcon.colcon_core.verb:set package 'actuator_driver' build argument 'cmake_clean_cache' from command line to 'False'
[2.009s] Level 5:colcon.colcon_core.verb:set package 'actuator_driver' build argument 'cmake_clean_first' from command line to 'False'
[2.009s] Level 5:colcon.colcon_core.verb:set package 'actuator_driver' build argument 'cmake_force_configure' from command line to 'False'
[2.009s] Level 5:colcon.colcon_core.verb:set package 'actuator_driver' build argument 'ament_cmake_args' from command line to 'None'
[2.009s] Level 5:colcon.colcon_core.verb:set package 'actuator_driver' build argument 'catkin_cmake_args' from command line to 'None'
[2.009s] Level 5:colcon.colcon_core.verb:set package 'actuator_driver' build argument 'catkin_skip_building_tests' from command line to 'False'
[2.009s] DEBUG:colcon.colcon_core.verb:Building package 'actuator_driver' with the following arguments: {'ament_cmake_args': None, 'build_base': '/home/shafa/flapping-propulsors-control/build/actuator_driver', 'catkin_cmake_args': None, 'catkin_skip_building_tests': False, 'cmake_args': None, 'cmake_clean_cache': False, 'cmake_clean_first': False, 'cmake_force_configure': False, 'cmake_target': None, 'cmake_target_skip_unavailable': False, 'install_base': '/home/shafa/flapping-propulsors-control/install/actuator_driver', 'merge_install': False, 'path': '/home/shafa/flapping-propulsors-control/src/actuator_driver', 'symlink_install': False, 'test_result_base': None}
[2.010s] INFO:colcon.colcon_core.executor:Executing jobs using 'parallel' executor
[2.013s] DEBUG:colcon.colcon_parallel_executor.executor.parallel:run_until_complete
[2.015s] INFO:colcon.colcon_ros.task.ament_python.build:Building ROS package in '/home/shafa/flapping-propulsors-control/src/actuator_driver' with build type 'ament_python'
[2.015s] Level 1:colcon.colcon_core.shell:create_environment_hook('actuator_driver', 'ament_prefix_path')
[2.043s] INFO:colcon.colcon_core.plugin_system:Skipping extension 'colcon_core.shell.bat': Not used on non-Windows systems
[2.044s] INFO:colcon.colcon_core.shell:Creating environment hook '/home/shafa/flapping-propulsors-control/install/actuator_driver/share/actuator_driver/hook/ament_prefix_path.ps1'
[2.049s] INFO:colcon.colcon_core.shell:Creating environment descriptor '/home/shafa/flapping-propulsors-control/install/actuator_driver/share/actuator_driver/hook/ament_prefix_path.dsv'
[2.052s] INFO:colcon.colcon_core.shell:Creating environment hook '/home/shafa/flapping-propulsors-control/install/actuator_driver/share/actuator_driver/hook/ament_prefix_path.sh'
[2.057s] INFO:colcon.colcon_core.shell:Skip shell extension 'powershell' for command environment: Not usable outside of PowerShell
[2.057s] DEBUG:colcon.colcon_core.shell:Skip shell extension 'dsv' for command environment
[2.735s] INFO:colcon.colcon_core.task.python.build:Building Python package in '/home/shafa/flapping-propulsors-control/src/actuator_driver'
[2.736s] INFO:colcon.colcon_core.shell:Skip shell extension 'powershell' for command environment: Not usable outside of PowerShell
[2.736s] DEBUG:colcon.colcon_core.shell:Skip shell extension 'dsv' for command environment
[5.566s] DEBUG:colcon.colcon_core.event_handler.log_command:Invoking command in '/home/shafa/flapping-propulsors-control/src/actuator_driver': PYTHONPATH=/home/shafa/flapping-propulsors-control/build/actuator_driver/prefix_override:/usr/lib/python3/dist-packages/colcon_core/task/python/colcon_distutils_commands:/home/shafa/flapping-propulsors-control/install/actuator_driver/lib/python3.12/site-packages:${PYTHONPATH} /usr/bin/python3 -W ignore:setup.py install is deprecated -W ignore:easy_install command is deprecated setup.py egg_info --egg-base ../../build/actuator_driver build --build-base /home/shafa/flapping-propulsors-control/build/actuator_driver/build install --record /home/shafa/flapping-propulsors-control/build/actuator_driver/install.log --single-version-externally-managed install_data
[6.678s] DEBUG:colcon.colcon_core.event_handler.log_command:Invoked command in '/home/shafa/flapping-propulsors-control/src/actuator_driver' returned '0': PYTHONPATH=/home/shafa/flapping-propulsors-control/build/actuator_driver/prefix_override:/usr/lib/python3/dist-packages/colcon_core/task/python/colcon_distutils_commands:/home/shafa/flapping-propulsors-control/install/actuator_driver/lib/python3.12/site-packages:${PYTHONPATH} /usr/bin/python3 -W ignore:setup.py install is deprecated -W ignore:easy_install command is deprecated setup.py egg_info --egg-base ../../build/actuator_driver build --build-base /home/shafa/flapping-propulsors-control/build/actuator_driver/build install --record /home/shafa/flapping-propulsors-control/build/actuator_driver/install.log --single-version-externally-managed install_data
[6.693s] Level 1:colcon.colcon_core.environment:checking '/home/shafa/flapping-propulsors-control/install/actuator_driver' for CMake module files
[6.694s] Level 1:colcon.colcon_core.environment:checking '/home/shafa/flapping-propulsors-control/install/actuator_driver' for CMake config files
[6.695s] Level 1:colcon.colcon_core.environment:checking '/home/shafa/flapping-propulsors-control/install/actuator_driver/lib'
[6.695s] Level 1:colcon.colcon_core.environment:checking '/home/shafa/flapping-propulsors-control/install/actuator_driver/bin'
[6.695s] Level 1:colcon.colcon_core.environment:checking '/home/shafa/flapping-propulsors-control/install/actuator_driver/lib/pkgconfig/actuator_driver.pc'
[6.696s] Level 1:colcon.colcon_core.environment:checking '/home/shafa/flapping-propulsors-control/install/actuator_driver/lib/python3.12/site-packages'
[6.696s] Level 1:colcon.colcon_core.shell:create_environment_hook('actuator_driver', 'pythonpath')
[6.697s] INFO:colcon.colcon_core.shell:Creating environment hook '/home/shafa/flapping-propulsors-control/install/actuator_driver/share/actuator_driver/hook/pythonpath.ps1'
[6.698s] INFO:colcon.colcon_core.shell:Creating environment descriptor '/home/shafa/flapping-propulsors-control/install/actuator_driver/share/actuator_driver/hook/pythonpath.dsv'
[6.698s] INFO:colcon.colcon_core.shell:Creating environment hook '/home/shafa/flapping-propulsors-control/install/actuator_driver/share/actuator_driver/hook/pythonpath.sh'
[6.700s] Level 1:colcon.colcon_core.environment:checking '/home/shafa/flapping-propulsors-control/install/actuator_driver/bin'
[6.700s] Level 1:colcon.colcon_core.environment:create_environment_scripts_only(actuator_driver)
[6.701s] INFO:colcon.colcon_core.shell:Creating package script '/home/shafa/flapping-propulsors-control/install/actuator_driver/share/actuator_driver/package.ps1'
[6.703s] INFO:colcon.colcon_core.shell:Creating package descriptor '/home/shafa/flapping-propulsors-control/install/actuator_driver/share/actuator_driver/package.dsv'
[6.705s] INFO:colcon.colcon_core.shell:Creating package script '/home/shafa/flapping-propulsors-control/install/actuator_driver/share/actuator_driver/package.sh'
[6.708s] INFO:colcon.colcon_core.shell:Creating package script '/home/shafa/flapping-propulsors-control/install/actuator_driver/share/actuator_driver/package.bash'
[6.710s] INFO:colcon.colcon_core.shell:Creating package script '/home/shafa/flapping-propulsors-control/install/actuator_driver/share/actuator_driver/package.zsh'
[6.713s] Level 1:colcon.colcon_core.environment:create_file_with_runtime_dependencies(/home/shafa/flapping-propulsors-control/install/actuator_driver/share/colcon-core/packages/actuator_driver)
[6.713s] DEBUG:colcon.colcon_parallel_executor.executor.parallel:closing loop
[6.714s] DEBUG:colcon.colcon_parallel_executor.executor.parallel:loop closed
[6.714s] DEBUG:colcon.colcon_parallel_executor.executor.parallel:run_until_complete finished with '0'
[6.714s] DEBUG:colcon.colcon_core.event_reactor:joining thread
[6.827s] INFO:colcon.colcon_core.plugin_system:Skipping extension 'colcon_notification.desktop_notification.notify_send': Could not find 'notify-send'
[6.828s] INFO:colcon.colcon_core.plugin_system:Skipping extension 'colcon_notification.desktop_notification.terminal_notifier': Not used on non-Darwin systems
[6.828s] INFO:colcon.colcon_core.plugin_system:Skipping extension 'colcon_notification.desktop_notification.win32': Not used on non-Windows systems
[6.828s] INFO:colcon.colcon_notification.desktop_notification:Sending desktop notification using 'notify2'
[6.841s] DEBUG:colcon.colcon_notification.desktop_notification.notify2:Failed to initialize notify2: org.freedesktop.DBus.Error.ServiceUnknown: The name org.freedesktop.Notifications was not provided by any .service files
[6.842s] DEBUG:colcon.colcon_core.event_reactor:joined thread
[6.842s] INFO:colcon.colcon_core.shell:Creating prefix script '/home/shafa/flapping-propulsors-control/install/local_setup.ps1'
[6.847s] INFO:colcon.colcon_core.shell:Creating prefix util module '/home/shafa/flapping-propulsors-control/install/_local_setup_util_ps1.py'
[6.853s] INFO:colcon.colcon_core.shell:Creating prefix chain script '/home/shafa/flapping-propulsors-control/install/setup.ps1'
[6.858s] INFO:colcon.colcon_core.shell:Creating prefix script '/home/shafa/flapping-propulsors-control/install/local_setup.sh'
[6.862s] INFO:colcon.colcon_core.shell:Creating prefix util module '/home/shafa/flapping-propulsors-control/install/_local_setup_util_sh.py'
[6.865s] INFO:colcon.colcon_core.shell:Creating prefix chain script '/home/shafa/flapping-propulsors-control/install/setup.sh'
[6.871s] INFO:colcon.colcon_core.shell:Creating prefix script '/home/shafa/flapping-propulsors-control/install/local_setup.bash'
[6.874s] INFO:colcon.colcon_core.shell:Creating prefix chain script '/home/shafa/flapping-propulsors-control/install/setup.bash'
[6.879s] INFO:colcon.colcon_core.shell:Creating prefix script '/home/shafa/flapping-propulsors-control/install/local_setup.zsh'
[6.882s] INFO:colcon.colcon_core.shell:Creating prefix chain script '/home/shafa/flapping-propulsors-control/install/setup.zsh'
