running egg_info
creating ../../build/actuator_driver/actuator_driver.egg-info
writing ../../build/actuator_driver/actuator_driver.egg-info/PKG-INFO
writing dependency_links to ../../build/actuator_driver/actuator_driver.egg-info/dependency_links.txt
writing entry points to ../../build/actuator_driver/actuator_driver.egg-info/entry_points.txt
writing requirements to ../../build/actuator_driver/actuator_driver.egg-info/requires.txt
writing top-level names to ../../build/actuator_driver/actuator_driver.egg-info/top_level.txt
writing manifest file '../../build/actuator_driver/actuator_driver.egg-info/SOURCES.txt'
reading manifest file '../../build/actuator_driver/actuator_driver.egg-info/SOURCES.txt'
writing manifest file '../../build/actuator_driver/actuator_driver.egg-info/SOURCES.txt'
running build
running build_py
creating /home/shafa/flapping-propulsors-control/build/actuator_driver/build
creating /home/shafa/flapping-propulsors-control/build/actuator_driver/build/lib
creating /home/shafa/flapping-propulsors-control/build/actuator_driver/build/lib/actuator_driver
copying actuator_driver/crab_controller.py -> /home/shafa/flapping-propulsors-control/build/actuator_driver/build/lib/actuator_driver
copying actuator_driver/__init__.py -> /home/shafa/flapping-propulsors-control/build/actuator_driver/build/lib/actuator_driver
copying actuator_driver/actuator.py -> /home/shafa/flapping-propulsors-control/build/actuator_driver/build/lib/actuator_driver
copying actuator_driver/crab.py -> /home/shafa/flapping-propulsors-control/build/actuator_driver/build/lib/actuator_driver
running install
running install_lib
creating /home/shafa/flapping-propulsors-control/install/actuator_driver/lib/python3.12/site-packages/actuator_driver
copying /home/shafa/flapping-propulsors-control/build/actuator_driver/build/lib/actuator_driver/crab_controller.py -> /home/shafa/flapping-propulsors-control/install/actuator_driver/lib/python3.12/site-packages/actuator_driver
copying /home/shafa/flapping-propulsors-control/build/actuator_driver/build/lib/actuator_driver/__init__.py -> /home/shafa/flapping-propulsors-control/install/actuator_driver/lib/python3.12/site-packages/actuator_driver
copying /home/shafa/flapping-propulsors-control/build/actuator_driver/build/lib/actuator_driver/actuator.py -> /home/shafa/flapping-propulsors-control/install/actuator_driver/lib/python3.12/site-packages/actuator_driver
copying /home/shafa/flapping-propulsors-control/build/actuator_driver/build/lib/actuator_driver/crab.py -> /home/shafa/flapping-propulsors-control/install/actuator_driver/lib/python3.12/site-packages/actuator_driver
byte-compiling /home/shafa/flapping-propulsors-control/install/actuator_driver/lib/python3.12/site-packages/actuator_driver/crab_controller.py to crab_controller.cpython-312.pyc
byte-compiling /home/shafa/flapping-propulsors-control/install/actuator_driver/lib/python3.12/site-packages/actuator_driver/__init__.py to __init__.cpython-312.pyc
byte-compiling /home/shafa/flapping-propulsors-control/install/actuator_driver/lib/python3.12/site-packages/actuator_driver/actuator.py to actuator.cpython-312.pyc
byte-compiling /home/shafa/flapping-propulsors-control/install/actuator_driver/lib/python3.12/site-packages/actuator_driver/crab.py to crab.cpython-312.pyc
running install_data
creating /home/shafa/flapping-propulsors-control/install/actuator_driver/share/ament_index
creating /home/shafa/flapping-propulsors-control/install/actuator_driver/share/ament_index/resource_index
creating /home/shafa/flapping-propulsors-control/install/actuator_driver/share/ament_index/resource_index/packages
copying resource/actuator_driver -> /home/shafa/flapping-propulsors-control/install/actuator_driver/share/ament_index/resource_index/packages
copying package.xml -> /home/shafa/flapping-propulsors-control/install/actuator_driver/share/actuator_driver
creating /home/shafa/flapping-propulsors-control/install/actuator_driver/share/actuator_driver/launch
copying launch/crab_launch.py -> /home/shafa/flapping-propulsors-control/install/actuator_driver/share/actuator_driver/launch
running install_egg_info
Copying ../../build/actuator_driver/actuator_driver.egg-info to /home/shafa/flapping-propulsors-control/install/actuator_driver/lib/python3.12/site-packages/actuator_driver-0.0.0-py3.12.egg-info
running install_scripts
Installing actuator_hw script to /home/shafa/flapping-propulsors-control/install/actuator_driver/lib/actuator_driver
Installing crab script to /home/shafa/flapping-propulsors-control/install/actuator_driver/lib/actuator_driver
Installing crab_cont script to /home/shafa/flapping-propulsors-control/install/actuator_driver/lib/actuator_driver
writing list of installed files to '/home/shafa/flapping-propulsors-control/build/actuator_driver/install.log'
