[2.086s] Invoking command in '/home/gingerstep/Desktop/flipper_code/flapping-foil-propulsors-control/src/flapping_foil_propulsors_control': DEBUGINFOD_URLS=https://debuginfod.ubuntu.com PYTHONPATH=/home/gingerstep/Desktop/flipper_code/flapping-foil-propulsors-control/build/flapping_foil_propulsors_control/prefix_override:/usr/lib/python3/dist-packages/colcon_core/task/python/colcon_distutils_commands:/home/gingerstep/Desktop/flipper_code/flapping-foil-propulsors-control/install/flapping_foil_propulsors_control/lib/python3.12/site-packages:${PYTHONPATH} /usr/bin/python3 -W ignore:setup.py install is deprecated -W ignore:easy_install command is deprecated setup.py egg_info --egg-base ../../build/flapping_foil_propulsors_control build --build-base /home/gingerstep/Desktop/flipper_code/flapping-foil-propulsors-control/build/flapping_foil_propulsors_control/build install --record /home/gingerstep/Desktop/flipper_code/flapping-foil-propulsors-control/build/flapping_foil_propulsors_control/install.log --single-version-externally-managed install_data
[2.768s] running egg_info
[2.820s] writing ../../build/flapping_foil_propulsors_control/flapping_foil_propulsors_control.egg-info/PKG-INFO
[2.821s] writing dependency_links to ../../build/flapping_foil_propulsors_control/flapping_foil_propulsors_control.egg-info/dependency_links.txt
[2.821s] writing entry points to ../../build/flapping_foil_propulsors_control/flapping_foil_propulsors_control.egg-info/entry_points.txt
[2.822s] writing requirements to ../../build/flapping_foil_propulsors_control/flapping_foil_propulsors_control.egg-info/requires.txt
[2.822s] writing top-level names to ../../build/flapping_foil_propulsors_control/flapping_foil_propulsors_control.egg-info/top_level.txt
[2.928s] reading manifest file '../../build/flapping_foil_propulsors_control/flapping_foil_propulsors_control.egg-info/SOURCES.txt'
[2.930s] writing manifest file '../../build/flapping_foil_propulsors_control/flapping_foil_propulsors_control.egg-info/SOURCES.txt'
[2.931s] running build
[2.931s] running build_py
[2.932s] copying flapping_foil_propulsors_control/CrabController2DOF.py -> /home/gingerstep/Desktop/flipper_code/flapping-foil-propulsors-control/build/flapping_foil_propulsors_control/build/lib/flapping_foil_propulsors_control
[2.932s] running install
[2.947s] running install_lib
[3.000s] copying /home/gingerstep/Desktop/flipper_code/flapping-foil-propulsors-control/build/flapping_foil_propulsors_control/build/lib/flapping_foil_propulsors_control/CrabController2DOF.py -> /home/gingerstep/Desktop/flipper_code/flapping-foil-propulsors-control/install/flapping_foil_propulsors_control/lib/python3.12/site-packages/flapping_foil_propulsors_control
[3.002s] byte-compiling /home/gingerstep/Desktop/flipper_code/flapping-foil-propulsors-control/install/flapping_foil_propulsors_control/lib/python3.12/site-packages/flapping_foil_propulsors_control/CrabController2DOF.py to CrabController2DOF.cpython-312.pyc
[3.012s] running install_data
[3.012s] running install_egg_info
[3.068s] removing '/home/gingerstep/Desktop/flipper_code/flapping-foil-propulsors-control/install/flapping_foil_propulsors_control/lib/python3.12/site-packages/flapping_foil_propulsors_control-0.0.0-py3.12.egg-info' (and everything under it)
[3.069s] Copying ../../build/flapping_foil_propulsors_control/flapping_foil_propulsors_control.egg-info to /home/gingerstep/Desktop/flipper_code/flapping-foil-propulsors-control/install/flapping_foil_propulsors_control/lib/python3.12/site-packages/flapping_foil_propulsors_control-0.0.0-py3.12.egg-info
[3.071s] running install_scripts
[3.418s] Installing CrabController2DOF script to /home/gingerstep/Desktop/flipper_code/flapping-foil-propulsors-control/install/flapping_foil_propulsors_control/lib/flapping_foil_propulsors_control
[3.419s] Installing Dynamixcel_XW430_T200_interface script to /home/gingerstep/Desktop/flipper_code/flapping-foil-propulsors-control/install/flapping_foil_propulsors_control/lib/flapping_foil_propulsors_control
[3.419s] Installing crab script to /home/gingerstep/Desktop/flipper_code/flapping-foil-propulsors-control/install/flapping_foil_propulsors_control/lib/flapping_foil_propulsors_control
[3.420s] writing list of installed files to '/home/gingerstep/Desktop/flipper_code/flapping-foil-propulsors-control/build/flapping_foil_propulsors_control/install.log'
[3.508s] Invoked command in '/home/gingerstep/Desktop/flipper_code/flapping-foil-propulsors-control/src/flapping_foil_propulsors_control' returned '0': DEBUGINFOD_URLS=https://debuginfod.ubuntu.com PYTHONPATH=/home/gingerstep/Desktop/flipper_code/flapping-foil-propulsors-control/build/flapping_foil_propulsors_control/prefix_override:/usr/lib/python3/dist-packages/colcon_core/task/python/colcon_distutils_commands:/home/gingerstep/Desktop/flipper_code/flapping-foil-propulsors-control/install/flapping_foil_propulsors_control/lib/python3.12/site-packages:${PYTHONPATH} /usr/bin/python3 -W ignore:setup.py install is deprecated -W ignore:easy_install command is deprecated setup.py egg_info --egg-base ../../build/flapping_foil_propulsors_control build --build-base /home/gingerstep/Desktop/flipper_code/flapping-foil-propulsors-control/build/flapping_foil_propulsors_control/build install --record /home/gingerstep/Desktop/flipper_code/flapping-foil-propulsors-control/build/flapping_foil_propulsors_control/install.log --single-version-externally-managed install_data
