[2.113s] Invoking command in '/home/gingerstep/Desktop/flipper_code/flapping-foil-propulsors-control/src/flapping_foil_propulsors_control': DEBUGINFOD_URLS=https://debuginfod.ubuntu.com PYTHONPATH=/home/gingerstep/Desktop/flipper_code/flapping-foil-propulsors-control/build/flapping_foil_propulsors_control/prefix_override:/usr/lib/python3/dist-packages/colcon_core/task/python/colcon_distutils_commands:/home/gingerstep/Desktop/flipper_code/flapping-foil-propulsors-control/install/flapping_foil_propulsors_control/lib/python3.12/site-packages:${PYTHONPATH} /usr/bin/python3 -W ignore:setup.py install is deprecated -W ignore:easy_install command is deprecated setup.py egg_info --egg-base ../../build/flapping_foil_propulsors_control build --build-base /home/gingerstep/Desktop/flipper_code/flapping-foil-propulsors-control/build/flapping_foil_propulsors_control/build install --record /home/gingerstep/Desktop/flipper_code/flapping-foil-propulsors-control/build/flapping_foil_propulsors_control/install.log --single-version-externally-managed install_data
[2.821s] running egg_info
[2.875s] writing ../../build/flapping_foil_propulsors_control/flapping_foil_propulsors_control.egg-info/PKG-INFO
[2.876s] writing dependency_links to ../../build/flapping_foil_propulsors_control/flapping_foil_propulsors_control.egg-info/dependency_links.txt
[2.876s] writing entry points to ../../build/flapping_foil_propulsors_control/flapping_foil_propulsors_control.egg-info/entry_points.txt
[2.877s] writing requirements to ../../build/flapping_foil_propulsors_control/flapping_foil_propulsors_control.egg-info/requires.txt
[2.877s] writing top-level names to ../../build/flapping_foil_propulsors_control/flapping_foil_propulsors_control.egg-info/top_level.txt
[2.989s] reading manifest file '../../build/flapping_foil_propulsors_control/flapping_foil_propulsors_control.egg-info/SOURCES.txt'
[2.991s] writing manifest file '../../build/flapping_foil_propulsors_control/flapping_foil_propulsors_control.egg-info/SOURCES.txt'
[2.992s] running build
[2.992s] running build_py
[2.992s] copying flapping_foil_propulsors_control/crab.py -> /home/gingerstep/Desktop/flipper_code/flapping-foil-propulsors-control/build/flapping_foil_propulsors_control/build/lib/flapping_foil_propulsors_control
[2.993s] running install
[3.009s] running install_lib
[3.065s] copying /home/gingerstep/Desktop/flipper_code/flapping-foil-propulsors-control/build/flapping_foil_propulsors_control/build/lib/flapping_foil_propulsors_control/crab.py -> /home/gingerstep/Desktop/flipper_code/flapping-foil-propulsors-control/install/flapping_foil_propulsors_control/lib/python3.12/site-packages/flapping_foil_propulsors_control
[3.067s] byte-compiling /home/gingerstep/Desktop/flipper_code/flapping-foil-propulsors-control/install/flapping_foil_propulsors_control/lib/python3.12/site-packages/flapping_foil_propulsors_control/crab.py to crab.cpython-312.pyc
[3.071s] running install_data
[3.071s] running install_egg_info
[3.129s] removing '/home/gingerstep/Desktop/flipper_code/flapping-foil-propulsors-control/install/flapping_foil_propulsors_control/lib/python3.12/site-packages/flapping_foil_propulsors_control-0.0.0-py3.12.egg-info' (and everything under it)
[3.130s] Copying ../../build/flapping_foil_propulsors_control/flapping_foil_propulsors_control.egg-info to /home/gingerstep/Desktop/flipper_code/flapping-foil-propulsors-control/install/flapping_foil_propulsors_control/lib/python3.12/site-packages/flapping_foil_propulsors_control-0.0.0-py3.12.egg-info
[3.133s] running install_scripts
[3.493s] Installing CrabController2DOF script to /home/gingerstep/Desktop/flipper_code/flapping-foil-propulsors-control/install/flapping_foil_propulsors_control/lib/flapping_foil_propulsors_control
[3.493s] Installing Dynamixcel_XW430_T200_interface script to /home/gingerstep/Desktop/flipper_code/flapping-foil-propulsors-control/install/flapping_foil_propulsors_control/lib/flapping_foil_propulsors_control
[3.494s] Installing crab script to /home/gingerstep/Desktop/flipper_code/flapping-foil-propulsors-control/install/flapping_foil_propulsors_control/lib/flapping_foil_propulsors_control
[3.495s] writing list of installed files to '/home/gingerstep/Desktop/flipper_code/flapping-foil-propulsors-control/build/flapping_foil_propulsors_control/install.log'
[3.586s] Invoked command in '/home/gingerstep/Desktop/flipper_code/flapping-foil-propulsors-control/src/flapping_foil_propulsors_control' returned '0': DEBUGINFOD_URLS=https://debuginfod.ubuntu.com PYTHONPATH=/home/gingerstep/Desktop/flipper_code/flapping-foil-propulsors-control/build/flapping_foil_propulsors_control/prefix_override:/usr/lib/python3/dist-packages/colcon_core/task/python/colcon_distutils_commands:/home/gingerstep/Desktop/flipper_code/flapping-foil-propulsors-control/install/flapping_foil_propulsors_control/lib/python3.12/site-packages:${PYTHONPATH} /usr/bin/python3 -W ignore:setup.py install is deprecated -W ignore:easy_install command is deprecated setup.py egg_info --egg-base ../../build/flapping_foil_propulsors_control build --build-base /home/gingerstep/Desktop/flipper_code/flapping-foil-propulsors-control/build/flapping_foil_propulsors_control/build install --record /home/gingerstep/Desktop/flipper_code/flapping-foil-propulsors-control/build/flapping_foil_propulsors_control/install.log --single-version-externally-managed install_data
