[0.608s] DEBUG:colcon:Command line arguments: ['/usr/bin/colcon', 'build']
[0.608s] DEBUG:colcon:Parsed command line arguments: Namespace(log_base=None, log_level=None, verb_name='build', build_base='build', install_base='install', merge_install=False, symlink_install=False, test_result_base=None, continue_on_error=False, executor='parallel', parallel_workers=6, event_handlers=None, ignore_user_meta=False, metas=['./colcon.meta'], base_paths=['.'], packages_ignore=None, packages_ignore_regex=None, paths=None, packages_up_to=None, packages_up_to_regex=None, packages_above=None, packages_above_and_dependencies=None, packages_above_depth=None, packages_select_by_dep=None, packages_skip_by_dep=None, packages_skip_up_to=None, packages_select_build_failed=False, packages_skip_build_finished=False, packages_select_test_failures=False, packages_skip_test_passed=False, packages_select=None, packages_skip=None, packages_select_regex=None, packages_skip_regex=None, packages_start=None, packages_end=None, allow_overriding=[], cmake_args=None, cmake_target=None, cmake_target_skip_unavailable=False, cmake_clean_cache=False, cmake_clean_first=False, cmake_force_configure=False, ament_cmake_args=None, catkin_cmake_args=None, catkin_skip_building_tests=False, mixin_files=None, mixin=None, verb_parser=<colcon_mixin.mixin.mixin_argument.MixinArgumentDecorator object at 0xffff8139d640>, verb_extension=<colcon_core.verb.build.BuildVerb object at 0xffff813408c0>, main=<bound method BuildVerb.main of <colcon_core.verb.build.BuildVerb object at 0xffff813408c0>>, mixin_verb=('build',))
[0.735s] Level 1:colcon.colcon_core.package_discovery:discover_packages(colcon_meta) check parameters
[0.735s] Level 1:colcon.colcon_core.package_discovery:discover_packages(recursive) check parameters
[0.735s] Level 1:colcon.colcon_core.package_discovery:discover_packages(ignore) check parameters
[0.736s] Level 1:colcon.colcon_core.package_discovery:discover_packages(path) check parameters
[0.736s] Level 1:colcon.colcon_core.package_discovery:discover_packages(colcon_meta) discover
[0.736s] Level 1:colcon.colcon_core.package_discovery:discover_packages(recursive) discover
[0.736s] INFO:colcon.colcon_core.package_discovery:Crawling recursively for packages in '/home/gingerstep/Desktop/flipper_code/flapping-foil-propulsors-control'
[0.736s] Level 1:colcon.colcon_core.package_identification:_identify(.) by extensions ['ignore', 'ignore_ament_install']
[0.736s] Level 1:colcon.colcon_core.package_identification:_identify(.) by extension 'ignore'
[0.737s] Level 1:colcon.colcon_core.package_identification:_identify(.) by extension 'ignore_ament_install'
[0.737s] Level 1:colcon.colcon_core.package_identification:_identify(.) by extensions ['colcon_pkg']
[0.737s] Level 1:colcon.colcon_core.package_identification:_identify(.) by extension 'colcon_pkg'
[0.737s] Level 1:colcon.colcon_core.package_identification:_identify(.) by extensions ['colcon_meta']
[0.737s] Level 1:colcon.colcon_core.package_identification:_identify(.) by extension 'colcon_meta'
[0.737s] Level 1:colcon.colcon_core.package_identification:_identify(.) by extensions ['ros']
[0.737s] Level 1:colcon.colcon_core.package_identification:_identify(.) by extension 'ros'
[0.816s] Level 1:colcon.colcon_core.package_identification:_identify(.) by extensions ['cmake', 'python']
[0.816s] Level 1:colcon.colcon_core.package_identification:_identify(.) by extension 'cmake'
[0.816s] Level 1:colcon.colcon_core.package_identification:_identify(.) by extension 'python'
[0.817s] Level 1:colcon.colcon_core.package_identification:_identify(.) by extensions ['python_setup_py']
[0.817s] Level 1:colcon.colcon_core.package_identification:_identify(.) by extension 'python_setup_py'
[0.817s] Level 1:colcon.colcon_core.package_identification:_identify(build) by extensions ['ignore', 'ignore_ament_install']
[0.817s] Level 1:colcon.colcon_core.package_identification:_identify(build) by extension 'ignore'
[0.817s] Level 1:colcon.colcon_core.package_identification:_identify(build) ignored
[0.818s] Level 1:colcon.colcon_core.package_identification:_identify(install) by extensions ['ignore', 'ignore_ament_install']
[0.818s] Level 1:colcon.colcon_core.package_identification:_identify(install) by extension 'ignore'
[0.818s] Level 1:colcon.colcon_core.package_identification:_identify(install) ignored
[0.818s] Level 1:colcon.colcon_core.package_identification:_identify(log) by extensions ['ignore', 'ignore_ament_install']
[0.819s] Level 1:colcon.colcon_core.package_identification:_identify(log) by extension 'ignore'
[0.819s] Level 1:colcon.colcon_core.package_identification:_identify(log) ignored
[0.819s] Level 1:colcon.colcon_core.package_identification:_identify(src) by extensions ['ignore', 'ignore_ament_install']
[0.819s] Level 1:colcon.colcon_core.package_identification:_identify(src) by extension 'ignore'
[0.819s] Level 1:colcon.colcon_core.package_identification:_identify(src) by extension 'ignore_ament_install'
[0.820s] Level 1:colcon.colcon_core.package_identification:_identify(src) by extensions ['colcon_pkg']
[0.820s] Level 1:colcon.colcon_core.package_identification:_identify(src) by extension 'colcon_pkg'
[0.820s] Level 1:colcon.colcon_core.package_identification:_identify(src) by extensions ['colcon_meta']
[0.820s] Level 1:colcon.colcon_core.package_identification:_identify(src) by extension 'colcon_meta'
[0.820s] Level 1:colcon.colcon_core.package_identification:_identify(src) by extensions ['ros']
[0.820s] Level 1:colcon.colcon_core.package_identification:_identify(src) by extension 'ros'
[0.820s] Level 1:colcon.colcon_core.package_identification:_identify(src) by extensions ['cmake', 'python']
[0.820s] Level 1:colcon.colcon_core.package_identification:_identify(src) by extension 'cmake'
[0.821s] Level 1:colcon.colcon_core.package_identification:_identify(src) by extension 'python'
[0.821s] Level 1:colcon.colcon_core.package_identification:_identify(src) by extensions ['python_setup_py']
[0.821s] Level 1:colcon.colcon_core.package_identification:_identify(src) by extension 'python_setup_py'
[0.821s] Level 1:colcon.colcon_core.package_identification:_identify(src/flapping_foil_propulsors_control) by extensions ['ignore', 'ignore_ament_install']
[0.821s] Level 1:colcon.colcon_core.package_identification:_identify(src/flapping_foil_propulsors_control) by extension 'ignore'
[0.821s] Level 1:colcon.colcon_core.package_identification:_identify(src/flapping_foil_propulsors_control) by extension 'ignore_ament_install'
[0.822s] Level 1:colcon.colcon_core.package_identification:_identify(src/flapping_foil_propulsors_control) by extensions ['colcon_pkg']
[0.822s] Level 1:colcon.colcon_core.package_identification:_identify(src/flapping_foil_propulsors_control) by extension 'colcon_pkg'
[0.822s] Level 1:colcon.colcon_core.package_identification:_identify(src/flapping_foil_propulsors_control) by extensions ['colcon_meta']
[0.822s] Level 1:colcon.colcon_core.package_identification:_identify(src/flapping_foil_propulsors_control) by extension 'colcon_meta'
[0.822s] Level 1:colcon.colcon_core.package_identification:_identify(src/flapping_foil_propulsors_control) by extensions ['ros']
[0.822s] Level 1:colcon.colcon_core.package_identification:_identify(src/flapping_foil_propulsors_control) by extension 'ros'
[0.830s] DEBUG:colcon.colcon_core.package_identification:Package 'src/flapping_foil_propulsors_control' with type 'ros.ament_python' and name 'flapping_foil_propulsors_control'
[0.830s] Level 1:colcon.colcon_core.package_identification:_identify(videos) by extensions ['ignore', 'ignore_ament_install']
[0.831s] Level 1:colcon.colcon_core.package_identification:_identify(videos) by extension 'ignore'
[0.831s] Level 1:colcon.colcon_core.package_identification:_identify(videos) by extension 'ignore_ament_install'
[0.831s] Level 1:colcon.colcon_core.package_identification:_identify(videos) by extensions ['colcon_pkg']
[0.831s] Level 1:colcon.colcon_core.package_identification:_identify(videos) by extension 'colcon_pkg'
[0.831s] Level 1:colcon.colcon_core.package_identification:_identify(videos) by extensions ['colcon_meta']
[0.831s] Level 1:colcon.colcon_core.package_identification:_identify(videos) by extension 'colcon_meta'
[0.831s] Level 1:colcon.colcon_core.package_identification:_identify(videos) by extensions ['ros']
[0.832s] Level 1:colcon.colcon_core.package_identification:_identify(videos) by extension 'ros'
[0.832s] Level 1:colcon.colcon_core.package_identification:_identify(videos) by extensions ['cmake', 'python']
[0.832s] Level 1:colcon.colcon_core.package_identification:_identify(videos) by extension 'cmake'
[0.832s] Level 1:colcon.colcon_core.package_identification:_identify(videos) by extension 'python'
[0.832s] Level 1:colcon.colcon_core.package_identification:_identify(videos) by extensions ['python_setup_py']
[0.832s] Level 1:colcon.colcon_core.package_identification:_identify(videos) by extension 'python_setup_py'
[0.832s] Level 1:colcon.colcon_core.package_discovery:discover_packages(recursive) using defaults
[0.833s] Level 1:colcon.colcon_core.package_discovery:discover_packages(ignore) discover
[0.833s] Level 1:colcon.colcon_core.package_discovery:discover_packages(ignore) using defaults
[0.833s] Level 1:colcon.colcon_core.package_discovery:discover_packages(path) discover
[0.833s] Level 1:colcon.colcon_core.package_discovery:discover_packages(path) using defaults
[0.889s] Level 1:colcon.colcon_core.package_discovery:discover_packages(prefix_path) check parameters
[0.890s] Level 1:colcon.colcon_core.package_discovery:discover_packages(prefix_path) discover
[0.899s] DEBUG:colcon.colcon_installed_package_information.package_discovery:Found 288 installed packages in /opt/ros/jazzy
[0.900s] Level 1:colcon.colcon_core.package_discovery:discover_packages(prefix_path) using defaults
[1.007s] Level 5:colcon.colcon_core.verb:set package 'flapping_foil_propulsors_control' build argument 'cmake_args' from command line to 'None'
[1.008s] Level 5:colcon.colcon_core.verb:set package 'flapping_foil_propulsors_control' build argument 'cmake_target' from command line to 'None'
[1.008s] Level 5:colcon.colcon_core.verb:set package 'flapping_foil_propulsors_control' build argument 'cmake_target_skip_unavailable' from command line to 'False'
[1.008s] Level 5:colcon.colcon_core.verb:set package 'flapping_foil_propulsors_control' build argument 'cmake_clean_cache' from command line to 'False'
[1.008s] Level 5:colcon.colcon_core.verb:set package 'flapping_foil_propulsors_control' build argument 'cmake_clean_first' from command line to 'False'
[1.008s] Level 5:colcon.colcon_core.verb:set package 'flapping_foil_propulsors_control' build argument 'cmake_force_configure' from command line to 'False'
[1.008s] Level 5:colcon.colcon_core.verb:set package 'flapping_foil_propulsors_control' build argument 'ament_cmake_args' from command line to 'None'
[1.008s] Level 5:colcon.colcon_core.verb:set package 'flapping_foil_propulsors_control' build argument 'catkin_cmake_args' from command line to 'None'
[1.008s] Level 5:colcon.colcon_core.verb:set package 'flapping_foil_propulsors_control' build argument 'catkin_skip_building_tests' from command line to 'False'
[1.008s] DEBUG:colcon.colcon_core.verb:Building package 'flapping_foil_propulsors_control' with the following arguments: {'ament_cmake_args': None, 'build_base': '/home/gingerstep/Desktop/flipper_code/flapping-foil-propulsors-control/build/flapping_foil_propulsors_control', 'catkin_cmake_args': None, 'catkin_skip_building_tests': False, 'cmake_args': None, 'cmake_clean_cache': False, 'cmake_clean_first': False, 'cmake_force_configure': False, 'cmake_target': None, 'cmake_target_skip_unavailable': False, 'install_base': '/home/gingerstep/Desktop/flipper_code/flapping-foil-propulsors-control/install/flapping_foil_propulsors_control', 'merge_install': False, 'path': '/home/gingerstep/Desktop/flipper_code/flapping-foil-propulsors-control/src/flapping_foil_propulsors_control', 'symlink_install': False, 'test_result_base': None}
[1.009s] INFO:colcon.colcon_core.executor:Executing jobs using 'parallel' executor
[1.011s] DEBUG:colcon.colcon_parallel_executor.executor.parallel:run_until_complete
[1.012s] INFO:colcon.colcon_ros.task.ament_python.build:Building ROS package in '/home/gingerstep/Desktop/flipper_code/flapping-foil-propulsors-control/src/flapping_foil_propulsors_control' with build type 'ament_python'
[1.012s] Level 1:colcon.colcon_core.shell:create_environment_hook('flapping_foil_propulsors_control', 'ament_prefix_path')
[1.027s] INFO:colcon.colcon_core.plugin_system:Skipping extension 'colcon_core.shell.bat': Not used on non-Windows systems
[1.027s] INFO:colcon.colcon_core.shell:Creating environment hook '/home/gingerstep/Desktop/flipper_code/flapping-foil-propulsors-control/install/flapping_foil_propulsors_control/share/flapping_foil_propulsors_control/hook/ament_prefix_path.ps1'
[1.029s] INFO:colcon.colcon_core.shell:Creating environment descriptor '/home/gingerstep/Desktop/flipper_code/flapping-foil-propulsors-control/install/flapping_foil_propulsors_control/share/flapping_foil_propulsors_control/hook/ament_prefix_path.dsv'
[1.031s] INFO:colcon.colcon_core.shell:Creating environment hook '/home/gingerstep/Desktop/flipper_code/flapping-foil-propulsors-control/install/flapping_foil_propulsors_control/share/flapping_foil_propulsors_control/hook/ament_prefix_path.sh'
[1.032s] INFO:colcon.colcon_core.shell:Skip shell extension 'powershell' for command environment: Not usable outside of PowerShell
[1.032s] DEBUG:colcon.colcon_core.shell:Skip shell extension 'dsv' for command environment
[1.609s] INFO:colcon.colcon_core.task.python.build:Building Python package in '/home/gingerstep/Desktop/flipper_code/flapping-foil-propulsors-control/src/flapping_foil_propulsors_control'
[1.610s] INFO:colcon.colcon_core.shell:Skip shell extension 'powershell' for command environment: Not usable outside of PowerShell
[1.610s] DEBUG:colcon.colcon_core.shell:Skip shell extension 'dsv' for command environment
[3.327s] DEBUG:colcon.colcon_core.event_handler.log_command:Invoking command in '/home/gingerstep/Desktop/flipper_code/flapping-foil-propulsors-control/build/flapping_foil_propulsors_control': DEBUGINFOD_URLS=https://debuginfod.ubuntu.com PYTHONPATH=/home/gingerstep/Desktop/flipper_code/flapping-foil-propulsors-control/build/flapping_foil_propulsors_control/prefix_override:/usr/lib/python3/dist-packages/colcon_core/task/python/colcon_distutils_commands:/home/gingerstep/Desktop/flipper_code/flapping-foil-propulsors-control/install/flapping_foil_propulsors_control/lib/python3.12/site-packages:${PYTHONPATH} /usr/bin/python3 -W ignore:setup.py install is deprecated -W ignore:easy_install command is deprecated setup.py develop --uninstall --editable --build-directory /home/gingerstep/Desktop/flipper_code/flapping-foil-propulsors-control/build/flapping_foil_propulsors_control/build
[4.743s] DEBUG:colcon.colcon_core.event_handler.log_command:Invoked command in '/home/gingerstep/Desktop/flipper_code/flapping-foil-propulsors-control/build/flapping_foil_propulsors_control' returned '0': DEBUGINFOD_URLS=https://debuginfod.ubuntu.com PYTHONPATH=/home/gingerstep/Desktop/flipper_code/flapping-foil-propulsors-control/build/flapping_foil_propulsors_control/prefix_override:/usr/lib/python3/dist-packages/colcon_core/task/python/colcon_distutils_commands:/home/gingerstep/Desktop/flipper_code/flapping-foil-propulsors-control/install/flapping_foil_propulsors_control/lib/python3.12/site-packages:${PYTHONPATH} /usr/bin/python3 -W ignore:setup.py install is deprecated -W ignore:easy_install command is deprecated setup.py develop --uninstall --editable --build-directory /home/gingerstep/Desktop/flipper_code/flapping-foil-propulsors-control/build/flapping_foil_propulsors_control/build
[4.747s] DEBUG:colcon.colcon_core.event_handler.log_command:Invoking command in '/home/gingerstep/Desktop/flipper_code/flapping-foil-propulsors-control/src/flapping_foil_propulsors_control': DEBUGINFOD_URLS=https://debuginfod.ubuntu.com PYTHONPATH=/home/gingerstep/Desktop/flipper_code/flapping-foil-propulsors-control/build/flapping_foil_propulsors_control/prefix_override:/usr/lib/python3/dist-packages/colcon_core/task/python/colcon_distutils_commands:/home/gingerstep/Desktop/flipper_code/flapping-foil-propulsors-control/install/flapping_foil_propulsors_control/lib/python3.12/site-packages:${PYTHONPATH} /usr/bin/python3 -W ignore:setup.py install is deprecated -W ignore:easy_install command is deprecated setup.py egg_info --egg-base ../../build/flapping_foil_propulsors_control build --build-base /home/gingerstep/Desktop/flipper_code/flapping-foil-propulsors-control/build/flapping_foil_propulsors_control/build install --record /home/gingerstep/Desktop/flipper_code/flapping-foil-propulsors-control/build/flapping_foil_propulsors_control/install.log --single-version-externally-managed install_data --force
[6.201s] DEBUG:colcon.colcon_core.event_handler.log_command:Invoked command in '/home/gingerstep/Desktop/flipper_code/flapping-foil-propulsors-control/src/flapping_foil_propulsors_control' returned '0': DEBUGINFOD_URLS=https://debuginfod.ubuntu.com PYTHONPATH=/home/gingerstep/Desktop/flipper_code/flapping-foil-propulsors-control/build/flapping_foil_propulsors_control/prefix_override:/usr/lib/python3/dist-packages/colcon_core/task/python/colcon_distutils_commands:/home/gingerstep/Desktop/flipper_code/flapping-foil-propulsors-control/install/flapping_foil_propulsors_control/lib/python3.12/site-packages:${PYTHONPATH} /usr/bin/python3 -W ignore:setup.py install is deprecated -W ignore:easy_install command is deprecated setup.py egg_info --egg-base ../../build/flapping_foil_propulsors_control build --build-base /home/gingerstep/Desktop/flipper_code/flapping-foil-propulsors-control/build/flapping_foil_propulsors_control/build install --record /home/gingerstep/Desktop/flipper_code/flapping-foil-propulsors-control/build/flapping_foil_propulsors_control/install.log --single-version-externally-managed install_data --force
[6.215s] Level 1:colcon.colcon_core.environment:checking '/home/gingerstep/Desktop/flipper_code/flapping-foil-propulsors-control/install/flapping_foil_propulsors_control' for CMake module files
[6.216s] Level 1:colcon.colcon_core.environment:checking '/home/gingerstep/Desktop/flipper_code/flapping-foil-propulsors-control/install/flapping_foil_propulsors_control' for CMake config files
[6.218s] Level 1:colcon.colcon_core.environment:checking '/home/gingerstep/Desktop/flipper_code/flapping-foil-propulsors-control/install/flapping_foil_propulsors_control/lib'
[6.218s] Level 1:colcon.colcon_core.environment:checking '/home/gingerstep/Desktop/flipper_code/flapping-foil-propulsors-control/install/flapping_foil_propulsors_control/bin'
[6.218s] Level 1:colcon.colcon_core.environment:checking '/home/gingerstep/Desktop/flipper_code/flapping-foil-propulsors-control/install/flapping_foil_propulsors_control/lib/pkgconfig/flapping_foil_propulsors_control.pc'
[6.219s] Level 1:colcon.colcon_core.environment:checking '/home/gingerstep/Desktop/flipper_code/flapping-foil-propulsors-control/install/flapping_foil_propulsors_control/lib/python3.12/site-packages'
[6.219s] Level 1:colcon.colcon_core.shell:create_environment_hook('flapping_foil_propulsors_control', 'pythonpath')
[6.220s] INFO:colcon.colcon_core.shell:Creating environment hook '/home/gingerstep/Desktop/flipper_code/flapping-foil-propulsors-control/install/flapping_foil_propulsors_control/share/flapping_foil_propulsors_control/hook/pythonpath.ps1'
[6.221s] INFO:colcon.colcon_core.shell:Creating environment descriptor '/home/gingerstep/Desktop/flipper_code/flapping-foil-propulsors-control/install/flapping_foil_propulsors_control/share/flapping_foil_propulsors_control/hook/pythonpath.dsv'
[6.222s] INFO:colcon.colcon_core.shell:Creating environment hook '/home/gingerstep/Desktop/flipper_code/flapping-foil-propulsors-control/install/flapping_foil_propulsors_control/share/flapping_foil_propulsors_control/hook/pythonpath.sh'
[6.223s] Level 1:colcon.colcon_core.environment:checking '/home/gingerstep/Desktop/flipper_code/flapping-foil-propulsors-control/install/flapping_foil_propulsors_control/bin'
[6.223s] Level 1:colcon.colcon_core.environment:create_environment_scripts_only(flapping_foil_propulsors_control)
[6.224s] INFO:colcon.colcon_core.shell:Creating package script '/home/gingerstep/Desktop/flipper_code/flapping-foil-propulsors-control/install/flapping_foil_propulsors_control/share/flapping_foil_propulsors_control/package.ps1'
[6.227s] INFO:colcon.colcon_core.shell:Creating package descriptor '/home/gingerstep/Desktop/flipper_code/flapping-foil-propulsors-control/install/flapping_foil_propulsors_control/share/flapping_foil_propulsors_control/package.dsv'
[6.228s] INFO:colcon.colcon_core.shell:Creating package script '/home/gingerstep/Desktop/flipper_code/flapping-foil-propulsors-control/install/flapping_foil_propulsors_control/share/flapping_foil_propulsors_control/package.sh'
[6.230s] INFO:colcon.colcon_core.shell:Creating package script '/home/gingerstep/Desktop/flipper_code/flapping-foil-propulsors-control/install/flapping_foil_propulsors_control/share/flapping_foil_propulsors_control/package.bash'
[6.232s] INFO:colcon.colcon_core.shell:Creating package script '/home/gingerstep/Desktop/flipper_code/flapping-foil-propulsors-control/install/flapping_foil_propulsors_control/share/flapping_foil_propulsors_control/package.zsh'
[6.234s] Level 1:colcon.colcon_core.environment:create_file_with_runtime_dependencies(/home/gingerstep/Desktop/flipper_code/flapping-foil-propulsors-control/install/flapping_foil_propulsors_control/share/colcon-core/packages/flapping_foil_propulsors_control)
[6.234s] DEBUG:colcon.colcon_parallel_executor.executor.parallel:closing loop
[6.235s] DEBUG:colcon.colcon_parallel_executor.executor.parallel:loop closed
[6.235s] DEBUG:colcon.colcon_parallel_executor.executor.parallel:run_until_complete finished with '0'
[6.236s] DEBUG:colcon.colcon_core.event_reactor:joining thread
[6.236s] DEBUG:colcon.colcon_core.event_reactor:joined thread
[6.237s] INFO:colcon.colcon_core.shell:Creating prefix script '/home/gingerstep/Desktop/flipper_code/flapping-foil-propulsors-control/install/local_setup.ps1'
[6.239s] INFO:colcon.colcon_core.shell:Creating prefix util module '/home/gingerstep/Desktop/flipper_code/flapping-foil-propulsors-control/install/_local_setup_util_ps1.py'
[6.242s] INFO:colcon.colcon_core.shell:Creating prefix chain script '/home/gingerstep/Desktop/flipper_code/flapping-foil-propulsors-control/install/setup.ps1'
[6.244s] INFO:colcon.colcon_core.shell:Creating prefix script '/home/gingerstep/Desktop/flipper_code/flapping-foil-propulsors-control/install/local_setup.sh'
[6.245s] INFO:colcon.colcon_core.shell:Creating prefix util module '/home/gingerstep/Desktop/flipper_code/flapping-foil-propulsors-control/install/_local_setup_util_sh.py'
[6.247s] INFO:colcon.colcon_core.shell:Creating prefix chain script '/home/gingerstep/Desktop/flipper_code/flapping-foil-propulsors-control/install/setup.sh'
[6.249s] INFO:colcon.colcon_core.shell:Creating prefix script '/home/gingerstep/Desktop/flipper_code/flapping-foil-propulsors-control/install/local_setup.bash'
[6.250s] INFO:colcon.colcon_core.shell:Creating prefix chain script '/home/gingerstep/Desktop/flipper_code/flapping-foil-propulsors-control/install/setup.bash'
[6.252s] INFO:colcon.colcon_core.shell:Creating prefix script '/home/gingerstep/Desktop/flipper_code/flapping-foil-propulsors-control/install/local_setup.zsh'
[6.253s] INFO:colcon.colcon_core.shell:Creating prefix chain script '/home/gingerstep/Desktop/flipper_code/flapping-foil-propulsors-control/install/setup.zsh'
