[1.286s] DEBUG:colcon:Command line arguments: ['/usr/bin/colcon', 'build']
[1.286s] DEBUG:colcon:Parsed command line arguments: Namespace(log_base=None, log_level=None, verb_name='build', build_base='build', install_base='install', merge_install=False, symlink_install=False, test_result_base=None, continue_on_error=False, executor='parallel', parallel_workers=12, event_handlers=None, ignore_user_meta=False, metas=['./colcon.meta'], base_paths=['.'], packages_ignore=None, packages_ignore_regex=None, paths=None, packages_up_to=None, packages_up_to_regex=None, packages_above=None, packages_above_and_dependencies=None, packages_above_depth=None, packages_select_by_dep=None, packages_skip_by_dep=None, packages_skip_up_to=None, packages_select_build_failed=False, packages_skip_build_finished=False, packages_select_test_failures=False, packages_skip_test_passed=False, packages_select=None, packages_skip=None, packages_select_regex=None, packages_skip_regex=None, packages_start=None, packages_end=None, allow_overriding=[], cmake_args=None, cmake_target=None, cmake_target_skip_unavailable=False, cmake_clean_cache=False, cmake_clean_first=False, cmake_force_configure=False, ament_cmake_args=None, catkin_cmake_args=None, catkin_skip_building_tests=False, mixin_files=None, mixin=None, verb_parser=<colcon_mixin.mixin.mixin_argument.MixinArgumentDecorator object at 0x7fc8363761b0>, verb_extension=<colcon_core.verb.build.BuildVerb object at 0x7fc836374b60>, main=<bound method BuildVerb.main of <colcon_core.verb.build.BuildVerb object at 0x7fc836374b60>>, mixin_verb=('build',))
[1.612s] Level 1:colcon.colcon_core.package_discovery:discover_packages(colcon_meta) check parameters
[1.613s] Level 1:colcon.colcon_core.package_discovery:discover_packages(recursive) check parameters
[1.613s] Level 1:colcon.colcon_core.package_discovery:discover_packages(ignore) check parameters
[1.613s] Level 1:colcon.colcon_core.package_discovery:discover_packages(path) check parameters
[1.613s] Level 1:colcon.colcon_core.package_discovery:discover_packages(colcon_meta) discover
[1.614s] Level 1:colcon.colcon_core.package_discovery:discover_packages(recursive) discover
[1.614s] INFO:colcon.colcon_core.package_discovery:Crawling recursively for packages in '/home/shafa/flapping-propulsors-control'
[1.614s] Level 1:colcon.colcon_core.package_identification:_identify(.) by extensions ['ignore', 'ignore_ament_install']
[1.615s] Level 1:colcon.colcon_core.package_identification:_identify(.) by extension 'ignore'
[1.615s] Level 1:colcon.colcon_core.package_identification:_identify(.) by extension 'ignore_ament_install'
[1.615s] Level 1:colcon.colcon_core.package_identification:_identify(.) by extensions ['colcon_pkg']
[1.616s] Level 1:colcon.colcon_core.package_identification:_identify(.) by extension 'colcon_pkg'
[1.616s] Level 1:colcon.colcon_core.package_identification:_identify(.) by extensions ['colcon_meta']
[1.616s] Level 1:colcon.colcon_core.package_identification:_identify(.) by extension 'colcon_meta'
[1.616s] Level 1:colcon.colcon_core.package_identification:_identify(.) by extensions ['ros']
[1.616s] Level 1:colcon.colcon_core.package_identification:_identify(.) by extension 'ros'
[1.788s] Level 1:colcon.colcon_core.package_identification:_identify(.) by extensions ['cmake', 'python']
[1.788s] Level 1:colcon.colcon_core.package_identification:_identify(.) by extension 'cmake'
[1.789s] Level 1:colcon.colcon_core.package_identification:_identify(.) by extension 'python'
[1.789s] Level 1:colcon.colcon_core.package_identification:_identify(.) by extensions ['python_setup_py']
[1.789s] Level 1:colcon.colcon_core.package_identification:_identify(.) by extension 'python_setup_py'
[1.790s] Level 1:colcon.colcon_core.package_identification:_identify(build) by extensions ['ignore', 'ignore_ament_install']
[1.790s] Level 1:colcon.colcon_core.package_identification:_identify(build) by extension 'ignore'
[1.790s] Level 1:colcon.colcon_core.package_identification:_identify(build) ignored
[1.791s] Level 1:colcon.colcon_core.package_identification:_identify(install) by extensions ['ignore', 'ignore_ament_install']
[1.791s] Level 1:colcon.colcon_core.package_identification:_identify(install) by extension 'ignore'
[1.792s] Level 1:colcon.colcon_core.package_identification:_identify(install) ignored
[1.792s] Level 1:colcon.colcon_core.package_identification:_identify(log) by extensions ['ignore', 'ignore_ament_install']
[1.793s] Level 1:colcon.colcon_core.package_identification:_identify(log) by extension 'ignore'
[1.793s] Level 1:colcon.colcon_core.package_identification:_identify(log) ignored
[1.794s] Level 1:colcon.colcon_core.package_identification:_identify(src) by extensions ['ignore', 'ignore_ament_install']
[1.794s] Level 1:colcon.colcon_core.package_identification:_identify(src) by extension 'ignore'
[1.794s] Level 1:colcon.colcon_core.package_identification:_identify(src) by extension 'ignore_ament_install'
[1.795s] Level 1:colcon.colcon_core.package_identification:_identify(src) by extensions ['colcon_pkg']
[1.795s] Level 1:colcon.colcon_core.package_identification:_identify(src) by extension 'colcon_pkg'
[1.795s] Level 1:colcon.colcon_core.package_identification:_identify(src) by extensions ['colcon_meta']
[1.795s] Level 1:colcon.colcon_core.package_identification:_identify(src) by extension 'colcon_meta'
[1.796s] Level 1:colcon.colcon_core.package_identification:_identify(src) by extensions ['ros']
[1.796s] Level 1:colcon.colcon_core.package_identification:_identify(src) by extension 'ros'
[1.796s] Level 1:colcon.colcon_core.package_identification:_identify(src) by extensions ['cmake', 'python']
[1.796s] Level 1:colcon.colcon_core.package_identification:_identify(src) by extension 'cmake'
[1.797s] Level 1:colcon.colcon_core.package_identification:_identify(src) by extension 'python'
[1.797s] Level 1:colcon.colcon_core.package_identification:_identify(src) by extensions ['python_setup_py']
[1.797s] Level 1:colcon.colcon_core.package_identification:_identify(src) by extension 'python_setup_py'
[1.798s] Level 1:colcon.colcon_core.package_identification:_identify(src/actuator_driver) by extensions ['ignore', 'ignore_ament_install']
[1.798s] Level 1:colcon.colcon_core.package_identification:_identify(src/actuator_driver) by extension 'ignore'
[1.798s] Level 1:colcon.colcon_core.package_identification:_identify(src/actuator_driver) by extension 'ignore_ament_install'
[1.799s] Level 1:colcon.colcon_core.package_identification:_identify(src/actuator_driver) by extensions ['colcon_pkg']
[1.799s] Level 1:colcon.colcon_core.package_identification:_identify(src/actuator_driver) by extension 'colcon_pkg'
[1.799s] Level 1:colcon.colcon_core.package_identification:_identify(src/actuator_driver) by extensions ['colcon_meta']
[1.799s] Level 1:colcon.colcon_core.package_identification:_identify(src/actuator_driver) by extension 'colcon_meta'
[1.800s] Level 1:colcon.colcon_core.package_identification:_identify(src/actuator_driver) by extensions ['ros']
[1.800s] Level 1:colcon.colcon_core.package_identification:_identify(src/actuator_driver) by extension 'ros'
[1.816s] DEBUG:colcon.colcon_core.package_identification:Package 'src/actuator_driver' with type 'ros.ament_python' and name 'actuator_driver'
[1.816s] Level 1:colcon.colcon_core.package_discovery:discover_packages(recursive) using defaults
[1.816s] Level 1:colcon.colcon_core.package_discovery:discover_packages(ignore) discover
[1.817s] Level 1:colcon.colcon_core.package_discovery:discover_packages(ignore) using defaults
[1.817s] Level 1:colcon.colcon_core.package_discovery:discover_packages(path) discover
[1.817s] Level 1:colcon.colcon_core.package_discovery:discover_packages(path) using defaults
[1.945s] Level 1:colcon.colcon_core.package_discovery:discover_packages(prefix_path) check parameters
[1.946s] Level 1:colcon.colcon_core.package_discovery:discover_packages(prefix_path) discover
[1.964s] DEBUG:colcon.colcon_installed_package_information.package_discovery:Found 1 installed packages in /home/shafa/flapping-propulsors-control/install
[1.975s] DEBUG:colcon.colcon_installed_package_information.package_discovery:Found 287 installed packages in /opt/ros/jazzy
[1.979s] Level 1:colcon.colcon_core.package_discovery:discover_packages(prefix_path) using defaults
[2.433s] Level 5:colcon.colcon_core.verb:set package 'actuator_driver' build argument 'cmake_args' from command line to 'None'
[2.433s] Level 5:colcon.colcon_core.verb:set package 'actuator_driver' build argument 'cmake_target' from command line to 'None'
[2.433s] Level 5:colcon.colcon_core.verb:set package 'actuator_driver' build argument 'cmake_target_skip_unavailable' from command line to 'False'
[2.433s] Level 5:colcon.colcon_core.verb:set package 'actuator_driver' build argument 'cmake_clean_cache' from command line to 'False'
[2.433s] Level 5:colcon.colcon_core.verb:set package 'actuator_driver' build argument 'cmake_clean_first' from command line to 'False'
[2.433s] Level 5:colcon.colcon_core.verb:set package 'actuator_driver' build argument 'cmake_force_configure' from command line to 'False'
[2.433s] Level 5:colcon.colcon_core.verb:set package 'actuator_driver' build argument 'ament_cmake_args' from command line to 'None'
[2.434s] Level 5:colcon.colcon_core.verb:set package 'actuator_driver' build argument 'catkin_cmake_args' from command line to 'None'
[2.434s] Level 5:colcon.colcon_core.verb:set package 'actuator_driver' build argument 'catkin_skip_building_tests' from command line to 'False'
[2.434s] DEBUG:colcon.colcon_core.verb:Building package 'actuator_driver' with the following arguments: {'ament_cmake_args': None, 'build_base': '/home/shafa/flapping-propulsors-control/build/actuator_driver', 'catkin_cmake_args': None, 'catkin_skip_building_tests': False, 'cmake_args': None, 'cmake_clean_cache': False, 'cmake_clean_first': False, 'cmake_force_configure': False, 'cmake_target': None, 'cmake_target_skip_unavailable': False, 'install_base': '/home/shafa/flapping-propulsors-control/install/actuator_driver', 'merge_install': False, 'path': '/home/shafa/flapping-propulsors-control/src/actuator_driver', 'symlink_install': False, 'test_result_base': None}
[2.434s] INFO:colcon.colcon_core.executor:Executing jobs using 'parallel' executor
[2.435s] DEBUG:colcon.colcon_parallel_executor.executor.parallel:run_until_complete
[2.436s] INFO:colcon.colcon_ros.task.ament_python.build:Building ROS package in '/home/shafa/flapping-propulsors-control/src/actuator_driver' with build type 'ament_python'
[2.436s] Level 1:colcon.colcon_core.shell:create_environment_hook('actuator_driver', 'ament_prefix_path')
[2.453s] INFO:colcon.colcon_core.plugin_system:Skipping extension 'colcon_core.shell.bat': Not used on non-Windows systems
[2.454s] INFO:colcon.colcon_core.shell:Creating environment hook '/home/shafa/flapping-propulsors-control/install/actuator_driver/share/actuator_driver/hook/ament_prefix_path.ps1'
[2.456s] INFO:colcon.colcon_core.shell:Creating environment descriptor '/home/shafa/flapping-propulsors-control/install/actuator_driver/share/actuator_driver/hook/ament_prefix_path.dsv'
[2.458s] INFO:colcon.colcon_core.shell:Creating environment hook '/home/shafa/flapping-propulsors-control/install/actuator_driver/share/actuator_driver/hook/ament_prefix_path.sh'
[2.461s] INFO:colcon.colcon_core.shell:Skip shell extension 'powershell' for command environment: Not usable outside of PowerShell
[2.461s] DEBUG:colcon.colcon_core.shell:Skip shell extension 'dsv' for command environment
[3.009s] INFO:colcon.colcon_core.task.python.build:Building Python package in '/home/shafa/flapping-propulsors-control/src/actuator_driver'
[3.009s] INFO:colcon.colcon_core.shell:Skip shell extension 'powershell' for command environment: Not usable outside of PowerShell
[3.009s] DEBUG:colcon.colcon_core.shell:Skip shell extension 'dsv' for command environment
[6.320s] DEBUG:colcon.colcon_core.event_handler.log_command:Invoking command in '/home/shafa/flapping-propulsors-control/src/actuator_driver': PYTHONPATH=/home/shafa/flapping-propulsors-control/build/actuator_driver/prefix_override:/usr/lib/python3/dist-packages/colcon_core/task/python/colcon_distutils_commands:/home/shafa/flapping-propulsors-control/install/actuator_driver/lib/python3.12/site-packages:${PYTHONPATH} /usr/bin/python3 -W ignore:setup.py install is deprecated -W ignore:easy_install command is deprecated setup.py egg_info --egg-base ../../build/actuator_driver build --build-base /home/shafa/flapping-propulsors-control/build/actuator_driver/build install --record /home/shafa/flapping-propulsors-control/build/actuator_driver/install.log --single-version-externally-managed install_data
[7.096s] DEBUG:colcon.colcon_core.event_handler.log_command:Invoked command in '/home/shafa/flapping-propulsors-control/src/actuator_driver' returned '0': PYTHONPATH=/home/shafa/flapping-propulsors-control/build/actuator_driver/prefix_override:/usr/lib/python3/dist-packages/colcon_core/task/python/colcon_distutils_commands:/home/shafa/flapping-propulsors-control/install/actuator_driver/lib/python3.12/site-packages:${PYTHONPATH} /usr/bin/python3 -W ignore:setup.py install is deprecated -W ignore:easy_install command is deprecated setup.py egg_info --egg-base ../../build/actuator_driver build --build-base /home/shafa/flapping-propulsors-control/build/actuator_driver/build install --record /home/shafa/flapping-propulsors-control/build/actuator_driver/install.log --single-version-externally-managed install_data
[7.108s] Level 1:colcon.colcon_core.environment:checking '/home/shafa/flapping-propulsors-control/install/actuator_driver' for CMake module files
[7.109s] Level 1:colcon.colcon_core.environment:checking '/home/shafa/flapping-propulsors-control/install/actuator_driver' for CMake config files
[7.110s] Level 1:colcon.colcon_core.environment:checking '/home/shafa/flapping-propulsors-control/install/actuator_driver/lib'
[7.111s] Level 1:colcon.colcon_core.environment:checking '/home/shafa/flapping-propulsors-control/install/actuator_driver/bin'
[7.111s] Level 1:colcon.colcon_core.environment:checking '/home/shafa/flapping-propulsors-control/install/actuator_driver/lib/pkgconfig/actuator_driver.pc'
[7.111s] Level 1:colcon.colcon_core.environment:checking '/home/shafa/flapping-propulsors-control/install/actuator_driver/lib/python3.12/site-packages'
[7.111s] Level 1:colcon.colcon_core.shell:create_environment_hook('actuator_driver', 'pythonpath')
[7.112s] INFO:colcon.colcon_core.shell:Creating environment hook '/home/shafa/flapping-propulsors-control/install/actuator_driver/share/actuator_driver/hook/pythonpath.ps1'
[7.112s] INFO:colcon.colcon_core.shell:Creating environment descriptor '/home/shafa/flapping-propulsors-control/install/actuator_driver/share/actuator_driver/hook/pythonpath.dsv'
[7.113s] INFO:colcon.colcon_core.shell:Creating environment hook '/home/shafa/flapping-propulsors-control/install/actuator_driver/share/actuator_driver/hook/pythonpath.sh'
[7.114s] Level 1:colcon.colcon_core.environment:checking '/home/shafa/flapping-propulsors-control/install/actuator_driver/bin'
[7.114s] Level 1:colcon.colcon_core.environment:create_environment_scripts_only(actuator_driver)
[7.114s] INFO:colcon.colcon_core.shell:Creating package script '/home/shafa/flapping-propulsors-control/install/actuator_driver/share/actuator_driver/package.ps1'
[7.116s] INFO:colcon.colcon_core.shell:Creating package descriptor '/home/shafa/flapping-propulsors-control/install/actuator_driver/share/actuator_driver/package.dsv'
[7.118s] INFO:colcon.colcon_core.shell:Creating package script '/home/shafa/flapping-propulsors-control/install/actuator_driver/share/actuator_driver/package.sh'
[7.119s] INFO:colcon.colcon_core.shell:Creating package script '/home/shafa/flapping-propulsors-control/install/actuator_driver/share/actuator_driver/package.bash'
[7.121s] INFO:colcon.colcon_core.shell:Creating package script '/home/shafa/flapping-propulsors-control/install/actuator_driver/share/actuator_driver/package.zsh'
[7.122s] Level 1:colcon.colcon_core.environment:create_file_with_runtime_dependencies(/home/shafa/flapping-propulsors-control/install/actuator_driver/share/colcon-core/packages/actuator_driver)
[7.123s] DEBUG:colcon.colcon_parallel_executor.executor.parallel:closing loop
[7.124s] DEBUG:colcon.colcon_parallel_executor.executor.parallel:loop closed
[7.124s] DEBUG:colcon.colcon_parallel_executor.executor.parallel:run_until_complete finished with '0'
[7.124s] DEBUG:colcon.colcon_core.event_reactor:joining thread
[7.187s] INFO:colcon.colcon_core.plugin_system:Skipping extension 'colcon_notification.desktop_notification.notify_send': Could not find 'notify-send'
[7.187s] INFO:colcon.colcon_core.plugin_system:Skipping extension 'colcon_notification.desktop_notification.terminal_notifier': Not used on non-Darwin systems
[7.187s] INFO:colcon.colcon_core.plugin_system:Skipping extension 'colcon_notification.desktop_notification.win32': Not used on non-Windows systems
[7.188s] INFO:colcon.colcon_notification.desktop_notification:Sending desktop notification using 'notify2'
[7.191s] DEBUG:colcon.colcon_notification.desktop_notification.notify2:Failed to initialize notify2: org.freedesktop.DBus.Error.ServiceUnknown: The name org.freedesktop.Notifications was not provided by any .service files
[7.191s] DEBUG:colcon.colcon_core.event_reactor:joined thread
[7.191s] INFO:colcon.colcon_core.shell:Creating prefix script '/home/shafa/flapping-propulsors-control/install/local_setup.ps1'
[7.193s] INFO:colcon.colcon_core.shell:Creating prefix util module '/home/shafa/flapping-propulsors-control/install/_local_setup_util_ps1.py'
[7.195s] INFO:colcon.colcon_core.shell:Creating prefix chain script '/home/shafa/flapping-propulsors-control/install/setup.ps1'
[7.197s] INFO:colcon.colcon_core.shell:Creating prefix script '/home/shafa/flapping-propulsors-control/install/local_setup.sh'
[7.198s] INFO:colcon.colcon_core.shell:Creating prefix util module '/home/shafa/flapping-propulsors-control/install/_local_setup_util_sh.py'
[7.199s] INFO:colcon.colcon_core.shell:Creating prefix chain script '/home/shafa/flapping-propulsors-control/install/setup.sh'
[7.201s] INFO:colcon.colcon_core.shell:Creating prefix script '/home/shafa/flapping-propulsors-control/install/local_setup.bash'
[7.202s] INFO:colcon.colcon_core.shell:Creating prefix chain script '/home/shafa/flapping-propulsors-control/install/setup.bash'
[7.204s] INFO:colcon.colcon_core.shell:Creating prefix script '/home/shafa/flapping-propulsors-control/install/local_setup.zsh'
[7.205s] INFO:colcon.colcon_core.shell:Creating prefix chain script '/home/shafa/flapping-propulsors-control/install/setup.zsh'
