[1.077s] Invoking command in '/home/shafa/flapping-propulsors-control/src/flapping_foil_propulsors_control': PYTHONPATH=/home/shafa/flapping-propulsors-control/build/flapping_foil_propulsors_control/prefix_override:/usr/lib/python3/dist-packages/colcon_core/task/python/colcon_distutils_commands:/home/shafa/flapping-propulsors-control/install/flapping_foil_propulsors_control/lib/python3.12/site-packages:${PYTHONPATH} /usr/bin/python3 -W ignore:setup.py install is deprecated -W ignore:easy_install command is deprecated setup.py egg_info --egg-base ../../build/flapping_foil_propulsors_control build --build-base /home/shafa/flapping-propulsors-control/build/flapping_foil_propulsors_control/build install --record /home/shafa/flapping-propulsors-control/build/flapping_foil_propulsors_control/install.log --single-version-externally-managed install_data
[1.324s] running egg_info
[1.344s] writing ../../build/flapping_foil_propulsors_control/flapping_foil_propulsors_control.egg-info/PKG-INFO
[1.345s] writing dependency_links to ../../build/flapping_foil_propulsors_control/flapping_foil_propulsors_control.egg-info/dependency_links.txt
[1.345s] writing entry points to ../../build/flapping_foil_propulsors_control/flapping_foil_propulsors_control.egg-info/entry_points.txt
[1.346s] writing requirements to ../../build/flapping_foil_propulsors_control/flapping_foil_propulsors_control.egg-info/requires.txt
[1.346s] writing top-level names to ../../build/flapping_foil_propulsors_control/flapping_foil_propulsors_control.egg-info/top_level.txt
[1.386s] reading manifest file '../../build/flapping_foil_propulsors_control/flapping_foil_propulsors_control.egg-info/SOURCES.txt'
[1.387s] writing manifest file '../../build/flapping_foil_propulsors_control/flapping_foil_propulsors_control.egg-info/SOURCES.txt'
[1.387s] running build
[1.387s] running build_py
[1.387s] copying flapping_foil_propulsors_control/CrabController2DOF.py -> /home/shafa/flapping-propulsors-control/build/flapping_foil_propulsors_control/build/lib/flapping_foil_propulsors_control
[1.388s] running install
[1.394s] running install_lib
[1.414s] copying /home/shafa/flapping-propulsors-control/build/flapping_foil_propulsors_control/build/lib/flapping_foil_propulsors_control/CrabController2DOF.py -> /home/shafa/flapping-propulsors-control/install/flapping_foil_propulsors_control/lib/python3.12/site-packages/flapping_foil_propulsors_control
[1.415s] byte-compiling /home/shafa/flapping-propulsors-control/install/flapping_foil_propulsors_control/lib/python3.12/site-packages/flapping_foil_propulsors_control/CrabController2DOF.py to CrabController2DOF.cpython-312.pyc
[1.417s] running install_data
[1.417s] running install_egg_info
[1.439s] removing '/home/shafa/flapping-propulsors-control/install/flapping_foil_propulsors_control/lib/python3.12/site-packages/flapping_foil_propulsors_control-0.0.0-py3.12.egg-info' (and everything under it)
[1.439s] Copying ../../build/flapping_foil_propulsors_control/flapping_foil_propulsors_control.egg-info to /home/shafa/flapping-propulsors-control/install/flapping_foil_propulsors_control/lib/python3.12/site-packages/flapping_foil_propulsors_control-0.0.0-py3.12.egg-info
[1.440s] running install_scripts
[1.571s] Installing CrabController2DOF script to /home/shafa/flapping-propulsors-control/install/flapping_foil_propulsors_control/lib/flapping_foil_propulsors_control
[1.571s] Installing Dynamixcel_WX430_T200_interface script to /home/shafa/flapping-propulsors-control/install/flapping_foil_propulsors_control/lib/flapping_foil_propulsors_control
[1.572s] Installing crab script to /home/shafa/flapping-propulsors-control/install/flapping_foil_propulsors_control/lib/flapping_foil_propulsors_control
[1.572s] writing list of installed files to '/home/shafa/flapping-propulsors-control/build/flapping_foil_propulsors_control/install.log'
[1.599s] Invoked command in '/home/shafa/flapping-propulsors-control/src/flapping_foil_propulsors_control' returned '0': PYTHONPATH=/home/shafa/flapping-propulsors-control/build/flapping_foil_propulsors_control/prefix_override:/usr/lib/python3/dist-packages/colcon_core/task/python/colcon_distutils_commands:/home/shafa/flapping-propulsors-control/install/flapping_foil_propulsors_control/lib/python3.12/site-packages:${PYTHONPATH} /usr/bin/python3 -W ignore:setup.py install is deprecated -W ignore:easy_install command is deprecated setup.py egg_info --egg-base ../../build/flapping_foil_propulsors_control build --build-base /home/shafa/flapping-propulsors-control/build/flapping_foil_propulsors_control/build install --record /home/shafa/flapping-propulsors-control/build/flapping_foil_propulsors_control/install.log --single-version-externally-managed install_data
