running egg_info
writing ../../build/flapping_foil_propulsors_control/flapping_foil_propulsors_control.egg-info/PKG-INFO
writing dependency_links to ../../build/flapping_foil_propulsors_control/flapping_foil_propulsors_control.egg-info/dependency_links.txt
writing entry points to ../../build/flapping_foil_propulsors_control/flapping_foil_propulsors_control.egg-info/entry_points.txt
writing requirements to ../../build/flapping_foil_propulsors_control/flapping_foil_propulsors_control.egg-info/requires.txt
writing top-level names to ../../build/flapping_foil_propulsors_control/flapping_foil_propulsors_control.egg-info/top_level.txt
reading manifest file '../../build/flapping_foil_propulsors_control/flapping_foil_propulsors_control.egg-info/SOURCES.txt'
writing manifest file '../../build/flapping_foil_propulsors_control/flapping_foil_propulsors_control.egg-info/SOURCES.txt'
running build
running build_py
creating /home/gingerstep/Desktop/flipper_code/flapping-foil-propulsors-control/build/flapping_foil_propulsors_control/build/lib/flapping_foil_propulsors_control
copying flapping_foil_propulsors_control/CrabController2DOF.py -> /home/gingerstep/Desktop/flipper_code/flapping-foil-propulsors-control/build/flapping_foil_propulsors_control/build/lib/flapping_foil_propulsors_control
copying flapping_foil_propulsors_control/Dynamixcel_XW430_T200_interface.py -> /home/gingerstep/Desktop/flipper_code/flapping-foil-propulsors-control/build/flapping_foil_propulsors_control/build/lib/flapping_foil_propulsors_control
copying flapping_foil_propulsors_control/crab.py -> /home/gingerstep/Desktop/flipper_code/flapping-foil-propulsors-control/build/flapping_foil_propulsors_control/build/lib/flapping_foil_propulsors_control
copying flapping_foil_propulsors_control/__init__.py -> /home/gingerstep/Desktop/flipper_code/flapping-foil-propulsors-control/build/flapping_foil_propulsors_control/build/lib/flapping_foil_propulsors_control
running install
running install_lib
creating /home/gingerstep/Desktop/flipper_code/flapping-foil-propulsors-control/install/flapping_foil_propulsors_control/lib/python3.12/site-packages/flapping_foil_propulsors_control
copying /home/gingerstep/Desktop/flipper_code/flapping-foil-propulsors-control/build/flapping_foil_propulsors_control/build/lib/flapping_foil_propulsors_control/CrabController2DOF.py -> /home/gingerstep/Desktop/flipper_code/flapping-foil-propulsors-control/install/flapping_foil_propulsors_control/lib/python3.12/site-packages/flapping_foil_propulsors_control
copying /home/gingerstep/Desktop/flipper_code/flapping-foil-propulsors-control/build/flapping_foil_propulsors_control/build/lib/flapping_foil_propulsors_control/Dynamixcel_XW430_T200_interface.py -> /home/gingerstep/Desktop/flipper_code/flapping-foil-propulsors-control/install/flapping_foil_propulsors_control/lib/python3.12/site-packages/flapping_foil_propulsors_control
copying /home/gingerstep/Desktop/flipper_code/flapping-foil-propulsors-control/build/flapping_foil_propulsors_control/build/lib/flapping_foil_propulsors_control/crab.py -> /home/gingerstep/Desktop/flipper_code/flapping-foil-propulsors-control/install/flapping_foil_propulsors_control/lib/python3.12/site-packages/flapping_foil_propulsors_control
copying /home/gingerstep/Desktop/flipper_code/flapping-foil-propulsors-control/build/flapping_foil_propulsors_control/build/lib/flapping_foil_propulsors_control/__init__.py -> /home/gingerstep/Desktop/flipper_code/flapping-foil-propulsors-control/install/flapping_foil_propulsors_control/lib/python3.12/site-packages/flapping_foil_propulsors_control
byte-compiling /home/gingerstep/Desktop/flipper_code/flapping-foil-propulsors-control/install/flapping_foil_propulsors_control/lib/python3.12/site-packages/flapping_foil_propulsors_control/CrabController2DOF.py to CrabController2DOF.cpython-312.pyc
byte-compiling /home/gingerstep/Desktop/flipper_code/flapping-foil-propulsors-control/install/flapping_foil_propulsors_control/lib/python3.12/site-packages/flapping_foil_propulsors_control/Dynamixcel_XW430_T200_interface.py to Dynamixcel_XW430_T200_interface.cpython-312.pyc
byte-compiling /home/gingerstep/Desktop/flipper_code/flapping-foil-propulsors-control/install/flapping_foil_propulsors_control/lib/python3.12/site-packages/flapping_foil_propulsors_control/crab.py to crab.cpython-312.pyc
byte-compiling /home/gingerstep/Desktop/flipper_code/flapping-foil-propulsors-control/install/flapping_foil_propulsors_control/lib/python3.12/site-packages/flapping_foil_propulsors_control/__init__.py to __init__.cpython-312.pyc
running install_data
running install_egg_info
removing '/home/gingerstep/Desktop/flipper_code/flapping-foil-propulsors-control/install/flapping_foil_propulsors_control/lib/python3.12/site-packages/flapping_foil_propulsors_control-0.0.0-py3.12.egg-info' (and everything under it)
Copying ../../build/flapping_foil_propulsors_control/flapping_foil_propulsors_control.egg-info to /home/gingerstep/Desktop/flipper_code/flapping-foil-propulsors-control/install/flapping_foil_propulsors_control/lib/python3.12/site-packages/flapping_foil_propulsors_control-0.0.0-py3.12.egg-info
running install_scripts
Installing CrabController2DOF script to /home/gingerstep/Desktop/flipper_code/flapping-foil-propulsors-control/install/flapping_foil_propulsors_control/lib/flapping_foil_propulsors_control
Installing Dynamixcel_XW430_T200_interface script to /home/gingerstep/Desktop/flipper_code/flapping-foil-propulsors-control/install/flapping_foil_propulsors_control/lib/flapping_foil_propulsors_control
Installing crab script to /home/gingerstep/Desktop/flipper_code/flapping-foil-propulsors-control/install/flapping_foil_propulsors_control/lib/flapping_foil_propulsors_control
writing list of installed files to '/home/gingerstep/Desktop/flipper_code/flapping-foil-propulsors-control/build/flapping_foil_propulsors_control/install.log'
