[2.077s] Invoking command in '/home/gingerstep/Desktop/flipper_code/flapping-foil-propulsors-control/src/flapping_foil_propulsors_control': DEBUGINFOD_URLS=https://debuginfod.ubuntu.com PYTHONPATH=/home/gingerstep/Desktop/flipper_code/flapping-foil-propulsors-control/build/flapping_foil_propulsors_control/prefix_override:/usr/lib/python3/dist-packages/colcon_core/task/python/colcon_distutils_commands:/home/gingerstep/Desktop/flipper_code/flapping-foil-propulsors-control/install/flapping_foil_propulsors_control/lib/python3.12/site-packages:${PYTHONPATH} /usr/bin/python3 -W ignore:setup.py install is deprecated -W ignore:easy_install command is deprecated setup.py egg_info --egg-base ../../build/flapping_foil_propulsors_control build --build-base /home/gingerstep/Desktop/flipper_code/flapping-foil-propulsors-control/build/flapping_foil_propulsors_control/build install --record /home/gingerstep/Desktop/flipper_code/flapping-foil-propulsors-control/build/flapping_foil_propulsors_control/install.log --single-version-externally-managed install_data
[2.750s] running egg_info
[2.800s] writing ../../build/flapping_foil_propulsors_control/flapping_foil_propulsors_control.egg-info/PKG-INFO
[2.801s] writing dependency_links to ../../build/flapping_foil_propulsors_control/flapping_foil_propulsors_control.egg-info/dependency_links.txt
[2.801s] writing entry points to ../../build/flapping_foil_propulsors_control/flapping_foil_propulsors_control.egg-info/entry_points.txt
[2.802s] writing requirements to ../../build/flapping_foil_propulsors_control/flapping_foil_propulsors_control.egg-info/requires.txt
[2.802s] writing top-level names to ../../build/flapping_foil_propulsors_control/flapping_foil_propulsors_control.egg-info/top_level.txt
[2.907s] reading manifest file '../../build/flapping_foil_propulsors_control/flapping_foil_propulsors_control.egg-info/SOURCES.txt'
[2.909s] writing manifest file '../../build/flapping_foil_propulsors_control/flapping_foil_propulsors_control.egg-info/SOURCES.txt'
[2.909s] running build
[2.909s] running build_py
[2.909s] creating /home/gingerstep/Desktop/flipper_code/flapping-foil-propulsors-control/build/flapping_foil_propulsors_control/build/lib/flapping_foil_propulsors_control
[2.910s] copying flapping_foil_propulsors_control/CrabController2DOF.py -> /home/gingerstep/Desktop/flipper_code/flapping-foil-propulsors-control/build/flapping_foil_propulsors_control/build/lib/flapping_foil_propulsors_control
[2.910s] copying flapping_foil_propulsors_control/Dynamixcel_XW430_T200_interface.py -> /home/gingerstep/Desktop/flipper_code/flapping-foil-propulsors-control/build/flapping_foil_propulsors_control/build/lib/flapping_foil_propulsors_control
[2.911s] copying flapping_foil_propulsors_control/crab.py -> /home/gingerstep/Desktop/flipper_code/flapping-foil-propulsors-control/build/flapping_foil_propulsors_control/build/lib/flapping_foil_propulsors_control
[2.911s] copying flapping_foil_propulsors_control/__init__.py -> /home/gingerstep/Desktop/flipper_code/flapping-foil-propulsors-control/build/flapping_foil_propulsors_control/build/lib/flapping_foil_propulsors_control
[2.911s] running install
[2.926s] running install_lib
[2.980s] creating /home/gingerstep/Desktop/flipper_code/flapping-foil-propulsors-control/install/flapping_foil_propulsors_control/lib/python3.12/site-packages/flapping_foil_propulsors_control
[2.980s] copying /home/gingerstep/Desktop/flipper_code/flapping-foil-propulsors-control/build/flapping_foil_propulsors_control/build/lib/flapping_foil_propulsors_control/CrabController2DOF.py -> /home/gingerstep/Desktop/flipper_code/flapping-foil-propulsors-control/install/flapping_foil_propulsors_control/lib/python3.12/site-packages/flapping_foil_propulsors_control
[2.980s] copying /home/gingerstep/Desktop/flipper_code/flapping-foil-propulsors-control/build/flapping_foil_propulsors_control/build/lib/flapping_foil_propulsors_control/Dynamixcel_XW430_T200_interface.py -> /home/gingerstep/Desktop/flipper_code/flapping-foil-propulsors-control/install/flapping_foil_propulsors_control/lib/python3.12/site-packages/flapping_foil_propulsors_control
[2.980s] copying /home/gingerstep/Desktop/flipper_code/flapping-foil-propulsors-control/build/flapping_foil_propulsors_control/build/lib/flapping_foil_propulsors_control/crab.py -> /home/gingerstep/Desktop/flipper_code/flapping-foil-propulsors-control/install/flapping_foil_propulsors_control/lib/python3.12/site-packages/flapping_foil_propulsors_control
[2.981s] copying /home/gingerstep/Desktop/flipper_code/flapping-foil-propulsors-control/build/flapping_foil_propulsors_control/build/lib/flapping_foil_propulsors_control/__init__.py -> /home/gingerstep/Desktop/flipper_code/flapping-foil-propulsors-control/install/flapping_foil_propulsors_control/lib/python3.12/site-packages/flapping_foil_propulsors_control
[2.982s] byte-compiling /home/gingerstep/Desktop/flipper_code/flapping-foil-propulsors-control/install/flapping_foil_propulsors_control/lib/python3.12/site-packages/flapping_foil_propulsors_control/CrabController2DOF.py to CrabController2DOF.cpython-312.pyc
[2.992s] byte-compiling /home/gingerstep/Desktop/flipper_code/flapping-foil-propulsors-control/install/flapping_foil_propulsors_control/lib/python3.12/site-packages/flapping_foil_propulsors_control/Dynamixcel_XW430_T200_interface.py to Dynamixcel_XW430_T200_interface.cpython-312.pyc
[2.996s] byte-compiling /home/gingerstep/Desktop/flipper_code/flapping-foil-propulsors-control/install/flapping_foil_propulsors_control/lib/python3.12/site-packages/flapping_foil_propulsors_control/crab.py to crab.cpython-312.pyc
[2.999s] byte-compiling /home/gingerstep/Desktop/flipper_code/flapping-foil-propulsors-control/install/flapping_foil_propulsors_control/lib/python3.12/site-packages/flapping_foil_propulsors_control/__init__.py to __init__.cpython-312.pyc
[2.999s] running install_data
[3.000s] running install_egg_info
[3.056s] removing '/home/gingerstep/Desktop/flipper_code/flapping-foil-propulsors-control/install/flapping_foil_propulsors_control/lib/python3.12/site-packages/flapping_foil_propulsors_control-0.0.0-py3.12.egg-info' (and everything under it)
[3.057s] Copying ../../build/flapping_foil_propulsors_control/flapping_foil_propulsors_control.egg-info to /home/gingerstep/Desktop/flipper_code/flapping-foil-propulsors-control/install/flapping_foil_propulsors_control/lib/python3.12/site-packages/flapping_foil_propulsors_control-0.0.0-py3.12.egg-info
[3.059s] running install_scripts
[3.404s] Installing CrabController2DOF script to /home/gingerstep/Desktop/flipper_code/flapping-foil-propulsors-control/install/flapping_foil_propulsors_control/lib/flapping_foil_propulsors_control
[3.404s] Installing Dynamixcel_XW430_T200_interface script to /home/gingerstep/Desktop/flipper_code/flapping-foil-propulsors-control/install/flapping_foil_propulsors_control/lib/flapping_foil_propulsors_control
[3.405s] Installing crab script to /home/gingerstep/Desktop/flipper_code/flapping-foil-propulsors-control/install/flapping_foil_propulsors_control/lib/flapping_foil_propulsors_control
[3.405s] writing list of installed files to '/home/gingerstep/Desktop/flipper_code/flapping-foil-propulsors-control/build/flapping_foil_propulsors_control/install.log'
[3.492s] Invoked command in '/home/gingerstep/Desktop/flipper_code/flapping-foil-propulsors-control/src/flapping_foil_propulsors_control' returned '0': DEBUGINFOD_URLS=https://debuginfod.ubuntu.com PYTHONPATH=/home/gingerstep/Desktop/flipper_code/flapping-foil-propulsors-control/build/flapping_foil_propulsors_control/prefix_override:/usr/lib/python3/dist-packages/colcon_core/task/python/colcon_distutils_commands:/home/gingerstep/Desktop/flipper_code/flapping-foil-propulsors-control/install/flapping_foil_propulsors_control/lib/python3.12/site-packages:${PYTHONPATH} /usr/bin/python3 -W ignore:setup.py install is deprecated -W ignore:easy_install command is deprecated setup.py egg_info --egg-base ../../build/flapping_foil_propulsors_control build --build-base /home/gingerstep/Desktop/flipper_code/flapping-foil-propulsors-control/build/flapping_foil_propulsors_control/build install --record /home/gingerstep/Desktop/flipper_code/flapping-foil-propulsors-control/build/flapping_foil_propulsors_control/install.log --single-version-externally-managed install_data
