running egg_info
writing ../../build/actuator_driver/actuator_driver.egg-info/PKG-INFO
writing dependency_links to ../../build/actuator_driver/actuator_driver.egg-info/dependency_links.txt
writing entry points to ../../build/actuator_driver/actuator_driver.egg-info/entry_points.txt
writing requirements to ../../build/actuator_driver/actuator_driver.egg-info/requires.txt
writing top-level names to ../../build/actuator_driver/actuator_driver.egg-info/top_level.txt
reading manifest file '../../build/actuator_driver/actuator_driver.egg-info/SOURCES.txt'
writing manifest file '../../build/actuator_driver/actuator_driver.egg-info/SOURCES.txt'
running build
running build_py
copying actuator_driver/actuator.py -> /home/shafa/flapping-propulsors-control/build/actuator_driver/build/lib/actuator_driver
running install
running install_lib
copying /home/shafa/flapping-propulsors-control/build/actuator_driver/build/lib/actuator_driver/actuator.py -> /home/shafa/flapping-propulsors-control/install/actuator_driver/lib/python3.12/site-packages/actuator_driver
byte-compiling /home/shafa/flapping-propulsors-control/install/actuator_driver/lib/python3.12/site-packages/actuator_driver/actuator.py to actuator.cpython-312.pyc
running install_data
Sorry: IndentationError: unexpected indent (actuator.py, line 33)
running install_egg_info
removing '/home/shafa/flapping-propulsors-control/install/actuator_driver/lib/python3.12/site-packages/actuator_driver-0.0.0-py3.12.egg-info' (and everything under it)
Copying ../../build/actuator_driver/actuator_driver.egg-info to /home/shafa/flapping-propulsors-control/install/actuator_driver/lib/python3.12/site-packages/actuator_driver-0.0.0-py3.12.egg-info
running install_scripts
Installing actuator script to /home/shafa/flapping-propulsors-control/install/actuator_driver/lib/actuator_driver
Installing crab script to /home/shafa/flapping-propulsors-control/install/actuator_driver/lib/actuator_driver
Installing crab_controller script to /home/shafa/flapping-propulsors-control/install/actuator_driver/lib/actuator_driver
writing list of installed files to '/home/shafa/flapping-propulsors-control/build/actuator_driver/install.log'
