[2.080s] Invoking command in '/home/gingerstep/Desktop/flipper_code/flapping-foil-propulsors-control/build/flapping_foil_propulsors_control': DEBUGINFOD_URLS=https://debuginfod.ubuntu.com PYTHONPATH=/home/gingerstep/Desktop/flipper_code/flapping-foil-propulsors-control/build/flapping_foil_propulsors_control/prefix_override:/usr/lib/python3/dist-packages/colcon_core/task/python/colcon_distutils_commands:/home/gingerstep/Desktop/flipper_code/flapping-foil-propulsors-control/install/flapping_foil_propulsors_control/lib/python3.12/site-packages:${PYTHONPATH} /usr/bin/python3 -W ignore:setup.py install is deprecated -W ignore:easy_install command is deprecated setup.py develop --editable --build-directory /home/gingerstep/Desktop/flipper_code/flapping-foil-propulsors-control/build/flapping_foil_propulsors_control/build --no-deps symlink_data
[2.898s] running develop
[3.435s] running egg_info
[3.435s] creating flapping_foil_propulsors_control/flapping_foil_propulsors_control.egg-info
[3.488s] writing flapping_foil_propulsors_control/flapping_foil_propulsors_control.egg-info/PKG-INFO
[3.488s] writing dependency_links to flapping_foil_propulsors_control/flapping_foil_propulsors_control.egg-info/dependency_links.txt
[3.489s] writing entry points to flapping_foil_propulsors_control/flapping_foil_propulsors_control.egg-info/entry_points.txt
[3.489s] writing requirements to flapping_foil_propulsors_control/flapping_foil_propulsors_control.egg-info/requires.txt
[3.489s] writing top-level names to flapping_foil_propulsors_control/flapping_foil_propulsors_control.egg-info/top_level.txt
[3.490s] writing manifest file 'flapping_foil_propulsors_control/flapping_foil_propulsors_control.egg-info/SOURCES.txt'
[3.596s] reading manifest file 'flapping_foil_propulsors_control/flapping_foil_propulsors_control.egg-info/SOURCES.txt'
[3.598s] writing manifest file 'flapping_foil_propulsors_control/flapping_foil_propulsors_control.egg-info/SOURCES.txt'
[3.654s] running build_ext
[3.654s] Creating /home/gingerstep/Desktop/flipper_code/flapping-foil-propulsors-control/install/flapping_foil_propulsors_control/lib/python3.12/site-packages/flapping-foil-propulsors-control.egg-link (link to flapping_foil_propulsors_control)
[3.656s] Installing CrabController2DOF script to /home/gingerstep/Desktop/flipper_code/flapping-foil-propulsors-control/install/flapping_foil_propulsors_control/lib/flapping_foil_propulsors_control
[3.657s] Installing Dynamixcel_XW430_T200_interface script to /home/gingerstep/Desktop/flipper_code/flapping-foil-propulsors-control/install/flapping_foil_propulsors_control/lib/flapping_foil_propulsors_control
[3.657s] Installing crab script to /home/gingerstep/Desktop/flipper_code/flapping-foil-propulsors-control/install/flapping_foil_propulsors_control/lib/flapping_foil_propulsors_control
[3.658s] 
[3.658s] Installed /home/gingerstep/Desktop/flipper_code/flapping-foil-propulsors-control/src/flapping_foil_propulsors_control/flapping_foil_propulsors_control
[3.658s] running symlink_data
[3.757s] Invoked command in '/home/gingerstep/Desktop/flipper_code/flapping-foil-propulsors-control/build/flapping_foil_propulsors_control' returned '0': DEBUGINFOD_URLS=https://debuginfod.ubuntu.com PYTHONPATH=/home/gingerstep/Desktop/flipper_code/flapping-foil-propulsors-control/build/flapping_foil_propulsors_control/prefix_override:/usr/lib/python3/dist-packages/colcon_core/task/python/colcon_distutils_commands:/home/gingerstep/Desktop/flipper_code/flapping-foil-propulsors-control/install/flapping_foil_propulsors_control/lib/python3.12/site-packages:${PYTHONPATH} /usr/bin/python3 -W ignore:setup.py install is deprecated -W ignore:easy_install command is deprecated setup.py develop --editable --build-directory /home/gingerstep/Desktop/flipper_code/flapping-foil-propulsors-control/build/flapping_foil_propulsors_control/build --no-deps symlink_data
