[0.775s] Invoking command in '/home/shafa/flapping-propulsors-control/src/actuator_driver': PYTHONPATH=/home/shafa/flapping-propulsors-control/build/actuator_driver/prefix_override:/usr/lib/python3/dist-packages/colcon_core/task/python/colcon_distutils_commands:/home/shafa/flapping-propulsors-control/install/actuator_driver/lib/python3.12/site-packages:${PYTHONPATH} /usr/bin/python3 -W ignore:setup.py install is deprecated -W ignore:easy_install command is deprecated setup.py egg_info --egg-base ../../build/actuator_driver build --build-base /home/shafa/flapping-propulsors-control/build/actuator_driver/build install --record /home/shafa/flapping-propulsors-control/build/actuator_driver/install.log --single-version-externally-managed install_data
[1.031s] running egg_info
[1.051s] writing ../../build/actuator_driver/actuator_driver.egg-info/PKG-INFO
[1.051s] writing dependency_links to ../../build/actuator_driver/actuator_driver.egg-info/dependency_links.txt
[1.051s] writing entry points to ../../build/actuator_driver/actuator_driver.egg-info/entry_points.txt
[1.051s] writing requirements to ../../build/actuator_driver/actuator_driver.egg-info/requires.txt
[1.051s] writing top-level names to ../../build/actuator_driver/actuator_driver.egg-info/top_level.txt
[1.091s] reading manifest file '../../build/actuator_driver/actuator_driver.egg-info/SOURCES.txt'
[1.092s] writing manifest file '../../build/actuator_driver/actuator_driver.egg-info/SOURCES.txt'
[1.092s] running build
[1.092s] running build_py
[1.092s] copying actuator_driver/crab_controller.py -> /home/shafa/flapping-propulsors-control/build/actuator_driver/build/lib/actuator_driver
[1.092s] running install
[1.098s] running install_lib
[1.118s] copying /home/shafa/flapping-propulsors-control/build/actuator_driver/build/lib/actuator_driver/crab_controller.py -> /home/shafa/flapping-propulsors-control/install/actuator_driver/lib/python3.12/site-packages/actuator_driver
[1.119s] byte-compiling /home/shafa/flapping-propulsors-control/install/actuator_driver/lib/python3.12/site-packages/actuator_driver/crab_controller.py to crab_controller.cpython-312.pyc
[1.119s]   File "/home/shafa/flapping-propulsors-control/install/actuator_driver/lib/python3.12/site-packages/actuator_driver/crab_controller.py", line 134
[1.119s]     """Resets servos to exactly the 1024.0 home and kills the timer."""
[1.119s]        ^^^^^^
[1.119s] SyntaxError: invalid syntax
[1.120s] 
[1.120s] running install_data
[1.120s] running install_egg_info
[1.140s] removing '/home/shafa/flapping-propulsors-control/install/actuator_driver/lib/python3.12/site-packages/actuator_driver-0.0.0-py3.12.egg-info' (and everything under it)
[1.141s] Copying ../../build/actuator_driver/actuator_driver.egg-info to /home/shafa/flapping-propulsors-control/install/actuator_driver/lib/python3.12/site-packages/actuator_driver-0.0.0-py3.12.egg-info
[1.142s] running install_scripts
[1.270s] Installing actuator script to /home/shafa/flapping-propulsors-control/install/actuator_driver/lib/actuator_driver
[1.271s] Installing crab script to /home/shafa/flapping-propulsors-control/install/actuator_driver/lib/actuator_driver
[1.271s] Installing crab_controller script to /home/shafa/flapping-propulsors-control/install/actuator_driver/lib/actuator_driver
[1.271s] writing list of installed files to '/home/shafa/flapping-propulsors-control/build/actuator_driver/install.log'
[1.294s] Invoked command in '/home/shafa/flapping-propulsors-control/src/actuator_driver' returned '0': PYTHONPATH=/home/shafa/flapping-propulsors-control/build/actuator_driver/prefix_override:/usr/lib/python3/dist-packages/colcon_core/task/python/colcon_distutils_commands:/home/shafa/flapping-propulsors-control/install/actuator_driver/lib/python3.12/site-packages:${PYTHONPATH} /usr/bin/python3 -W ignore:setup.py install is deprecated -W ignore:easy_install command is deprecated setup.py egg_info --egg-base ../../build/actuator_driver build --build-base /home/shafa/flapping-propulsors-control/build/actuator_driver/build install --record /home/shafa/flapping-propulsors-control/build/actuator_driver/install.log --single-version-externally-managed install_data
