[0.498s] DEBUG:colcon:Command line arguments: ['/usr/bin/colcon', 'build']
[0.499s] DEBUG:colcon:Parsed command line arguments: Namespace(log_base=None, log_level=None, verb_name='build', build_base='build', install_base='install', merge_install=False, symlink_install=False, test_result_base=None, continue_on_error=False, executor='parallel', parallel_workers=12, event_handlers=None, ignore_user_meta=False, metas=['./colcon.meta'], base_paths=['.'], packages_ignore=None, packages_ignore_regex=None, paths=None, packages_up_to=None, packages_up_to_regex=None, packages_above=None, packages_above_and_dependencies=None, packages_above_depth=None, packages_select_by_dep=None, packages_skip_by_dep=None, packages_skip_up_to=None, packages_select_build_failed=False, packages_skip_build_finished=False, packages_select_test_failures=False, packages_skip_test_passed=False, packages_select=None, packages_skip=None, packages_select_regex=None, packages_skip_regex=None, packages_start=None, packages_end=None, allow_overriding=[], cmake_args=None, cmake_target=None, cmake_target_skip_unavailable=False, cmake_clean_cache=False, cmake_clean_first=False, cmake_force_configure=False, ament_cmake_args=None, catkin_cmake_args=None, catkin_skip_building_tests=False, mixin_files=None, mixin=None, verb_parser=<colcon_mixin.mixin.mixin_argument.MixinArgumentDecorator object at 0x75d1bd582a80>, verb_extension=<colcon_core.verb.build.BuildVerb object at 0x75d1bd582360>, main=<bound method BuildVerb.main of <colcon_core.verb.build.BuildVerb object at 0x75d1bd582360>>, mixin_verb=('build',))
[0.616s] Level 1:colcon.colcon_core.package_discovery:discover_packages(colcon_meta) check parameters
[0.617s] Level 1:colcon.colcon_core.package_discovery:discover_packages(recursive) check parameters
[0.617s] Level 1:colcon.colcon_core.package_discovery:discover_packages(ignore) check parameters
[0.617s] Level 1:colcon.colcon_core.package_discovery:discover_packages(path) check parameters
[0.617s] Level 1:colcon.colcon_core.package_discovery:discover_packages(colcon_meta) discover
[0.617s] Level 1:colcon.colcon_core.package_discovery:discover_packages(recursive) discover
[0.618s] INFO:colcon.colcon_core.package_discovery:Crawling recursively for packages in '/home/shafa/flapping-propulsors-control'
[0.618s] Level 1:colcon.colcon_core.package_identification:_identify(.) by extensions ['ignore', 'ignore_ament_install']
[0.618s] Level 1:colcon.colcon_core.package_identification:_identify(.) by extension 'ignore'
[0.618s] Level 1:colcon.colcon_core.package_identification:_identify(.) by extension 'ignore_ament_install'
[0.619s] Level 1:colcon.colcon_core.package_identification:_identify(.) by extensions ['colcon_pkg']
[0.619s] Level 1:colcon.colcon_core.package_identification:_identify(.) by extension 'colcon_pkg'
[0.619s] Level 1:colcon.colcon_core.package_identification:_identify(.) by extensions ['colcon_meta']
[0.619s] Level 1:colcon.colcon_core.package_identification:_identify(.) by extension 'colcon_meta'
[0.619s] Level 1:colcon.colcon_core.package_identification:_identify(.) by extensions ['ros']
[0.619s] Level 1:colcon.colcon_core.package_identification:_identify(.) by extension 'ros'
[0.688s] Level 1:colcon.colcon_core.package_identification:_identify(.) by extensions ['cmake', 'python']
[0.688s] Level 1:colcon.colcon_core.package_identification:_identify(.) by extension 'cmake'
[0.689s] Level 1:colcon.colcon_core.package_identification:_identify(.) by extension 'python'
[0.689s] Level 1:colcon.colcon_core.package_identification:_identify(.) by extensions ['python_setup_py']
[0.689s] Level 1:colcon.colcon_core.package_identification:_identify(.) by extension 'python_setup_py'
[0.689s] Level 1:colcon.colcon_core.package_identification:_identify(build) by extensions ['ignore', 'ignore_ament_install']
[0.690s] Level 1:colcon.colcon_core.package_identification:_identify(build) by extension 'ignore'
[0.690s] Level 1:colcon.colcon_core.package_identification:_identify(build) ignored
[0.690s] Level 1:colcon.colcon_core.package_identification:_identify(install) by extensions ['ignore', 'ignore_ament_install']
[0.690s] Level 1:colcon.colcon_core.package_identification:_identify(install) by extension 'ignore'
[0.691s] Level 1:colcon.colcon_core.package_identification:_identify(install) ignored
[0.691s] Level 1:colcon.colcon_core.package_identification:_identify(log) by extensions ['ignore', 'ignore_ament_install']
[0.692s] Level 1:colcon.colcon_core.package_identification:_identify(log) by extension 'ignore'
[0.692s] Level 1:colcon.colcon_core.package_identification:_identify(log) ignored
[0.692s] Level 1:colcon.colcon_core.package_identification:_identify(src) by extensions ['ignore', 'ignore_ament_install']
[0.692s] Level 1:colcon.colcon_core.package_identification:_identify(src) by extension 'ignore'
[0.693s] Level 1:colcon.colcon_core.package_identification:_identify(src) by extension 'ignore_ament_install'
[0.693s] Level 1:colcon.colcon_core.package_identification:_identify(src) by extensions ['colcon_pkg']
[0.693s] Level 1:colcon.colcon_core.package_identification:_identify(src) by extension 'colcon_pkg'
[0.693s] Level 1:colcon.colcon_core.package_identification:_identify(src) by extensions ['colcon_meta']
[0.693s] Level 1:colcon.colcon_core.package_identification:_identify(src) by extension 'colcon_meta'
[0.693s] Level 1:colcon.colcon_core.package_identification:_identify(src) by extensions ['ros']
[0.694s] Level 1:colcon.colcon_core.package_identification:_identify(src) by extension 'ros'
[0.694s] Level 1:colcon.colcon_core.package_identification:_identify(src) by extensions ['cmake', 'python']
[0.694s] Level 1:colcon.colcon_core.package_identification:_identify(src) by extension 'cmake'
[0.694s] Level 1:colcon.colcon_core.package_identification:_identify(src) by extension 'python'
[0.694s] Level 1:colcon.colcon_core.package_identification:_identify(src) by extensions ['python_setup_py']
[0.694s] Level 1:colcon.colcon_core.package_identification:_identify(src) by extension 'python_setup_py'
[0.695s] Level 1:colcon.colcon_core.package_identification:_identify(src/flapping_foil_propulsors_control) by extensions ['ignore', 'ignore_ament_install']
[0.695s] Level 1:colcon.colcon_core.package_identification:_identify(src/flapping_foil_propulsors_control) by extension 'ignore'
[0.695s] Level 1:colcon.colcon_core.package_identification:_identify(src/flapping_foil_propulsors_control) by extension 'ignore_ament_install'
[0.696s] Level 1:colcon.colcon_core.package_identification:_identify(src/flapping_foil_propulsors_control) by extensions ['colcon_pkg']
[0.696s] Level 1:colcon.colcon_core.package_identification:_identify(src/flapping_foil_propulsors_control) by extension 'colcon_pkg'
[0.696s] Level 1:colcon.colcon_core.package_identification:_identify(src/flapping_foil_propulsors_control) by extensions ['colcon_meta']
[0.696s] Level 1:colcon.colcon_core.package_identification:_identify(src/flapping_foil_propulsors_control) by extension 'colcon_meta'
[0.696s] Level 1:colcon.colcon_core.package_identification:_identify(src/flapping_foil_propulsors_control) by extensions ['ros']
[0.696s] Level 1:colcon.colcon_core.package_identification:_identify(src/flapping_foil_propulsors_control) by extension 'ros'
[0.702s] DEBUG:colcon.colcon_core.package_identification:Package 'src/flapping_foil_propulsors_control' with type 'ros.ament_python' and name 'flapping_foil_propulsors_control'
[0.702s] Level 1:colcon.colcon_core.package_identification:_identify(tests) by extensions ['ignore', 'ignore_ament_install']
[0.702s] Level 1:colcon.colcon_core.package_identification:_identify(tests) by extension 'ignore'
[0.703s] Level 1:colcon.colcon_core.package_identification:_identify(tests) by extension 'ignore_ament_install'
[0.703s] Level 1:colcon.colcon_core.package_identification:_identify(tests) by extensions ['colcon_pkg']
[0.703s] Level 1:colcon.colcon_core.package_identification:_identify(tests) by extension 'colcon_pkg'
[0.703s] Level 1:colcon.colcon_core.package_identification:_identify(tests) by extensions ['colcon_meta']
[0.703s] Level 1:colcon.colcon_core.package_identification:_identify(tests) by extension 'colcon_meta'
[0.704s] Level 1:colcon.colcon_core.package_identification:_identify(tests) by extensions ['ros']
[0.704s] Level 1:colcon.colcon_core.package_identification:_identify(tests) by extension 'ros'
[0.704s] Level 1:colcon.colcon_core.package_identification:_identify(tests) by extensions ['cmake', 'python']
[0.704s] Level 1:colcon.colcon_core.package_identification:_identify(tests) by extension 'cmake'
[0.704s] Level 1:colcon.colcon_core.package_identification:_identify(tests) by extension 'python'
[0.704s] Level 1:colcon.colcon_core.package_identification:_identify(tests) by extensions ['python_setup_py']
[0.704s] Level 1:colcon.colcon_core.package_identification:_identify(tests) by extension 'python_setup_py'
[0.705s] Level 1:colcon.colcon_core.package_identification:_identify(tests/backwardflap_test_1) by extensions ['ignore', 'ignore_ament_install']
[0.705s] Level 1:colcon.colcon_core.package_identification:_identify(tests/backwardflap_test_1) by extension 'ignore'
[0.705s] Level 1:colcon.colcon_core.package_identification:_identify(tests/backwardflap_test_1) by extension 'ignore_ament_install'
[0.705s] Level 1:colcon.colcon_core.package_identification:_identify(tests/backwardflap_test_1) by extensions ['colcon_pkg']
[0.706s] Level 1:colcon.colcon_core.package_identification:_identify(tests/backwardflap_test_1) by extension 'colcon_pkg'
[0.706s] Level 1:colcon.colcon_core.package_identification:_identify(tests/backwardflap_test_1) by extensions ['colcon_meta']
[0.706s] Level 1:colcon.colcon_core.package_identification:_identify(tests/backwardflap_test_1) by extension 'colcon_meta'
[0.706s] Level 1:colcon.colcon_core.package_identification:_identify(tests/backwardflap_test_1) by extensions ['ros']
[0.706s] Level 1:colcon.colcon_core.package_identification:_identify(tests/backwardflap_test_1) by extension 'ros'
[0.706s] Level 1:colcon.colcon_core.package_identification:_identify(tests/backwardflap_test_1) by extensions ['cmake', 'python']
[0.707s] Level 1:colcon.colcon_core.package_identification:_identify(tests/backwardflap_test_1) by extension 'cmake'
[0.707s] Level 1:colcon.colcon_core.package_identification:_identify(tests/backwardflap_test_1) by extension 'python'
[0.707s] Level 1:colcon.colcon_core.package_identification:_identify(tests/backwardflap_test_1) by extensions ['python_setup_py']
[0.707s] Level 1:colcon.colcon_core.package_identification:_identify(tests/backwardflap_test_1) by extension 'python_setup_py'
[0.707s] Level 1:colcon.colcon_core.package_identification:_identify(tests/downflap_test_1) by extensions ['ignore', 'ignore_ament_install']
[0.708s] Level 1:colcon.colcon_core.package_identification:_identify(tests/downflap_test_1) by extension 'ignore'
[0.708s] Level 1:colcon.colcon_core.package_identification:_identify(tests/downflap_test_1) by extension 'ignore_ament_install'
[0.708s] Level 1:colcon.colcon_core.package_identification:_identify(tests/downflap_test_1) by extensions ['colcon_pkg']
[0.708s] Level 1:colcon.colcon_core.package_identification:_identify(tests/downflap_test_1) by extension 'colcon_pkg'
[0.708s] Level 1:colcon.colcon_core.package_identification:_identify(tests/downflap_test_1) by extensions ['colcon_meta']
[0.708s] Level 1:colcon.colcon_core.package_identification:_identify(tests/downflap_test_1) by extension 'colcon_meta'
[0.709s] Level 1:colcon.colcon_core.package_identification:_identify(tests/downflap_test_1) by extensions ['ros']
[0.709s] Level 1:colcon.colcon_core.package_identification:_identify(tests/downflap_test_1) by extension 'ros'
[0.709s] Level 1:colcon.colcon_core.package_identification:_identify(tests/downflap_test_1) by extensions ['cmake', 'python']
[0.709s] Level 1:colcon.colcon_core.package_identification:_identify(tests/downflap_test_1) by extension 'cmake'
[0.709s] Level 1:colcon.colcon_core.package_identification:_identify(tests/downflap_test_1) by extension 'python'
[0.710s] Level 1:colcon.colcon_core.package_identification:_identify(tests/downflap_test_1) by extensions ['python_setup_py']
[0.710s] Level 1:colcon.colcon_core.package_identification:_identify(tests/downflap_test_1) by extension 'python_setup_py'
[0.710s] Level 1:colcon.colcon_core.package_identification:_identify(tests/forwardflap_test_1) by extensions ['ignore', 'ignore_ament_install']
[0.710s] Level 1:colcon.colcon_core.package_identification:_identify(tests/forwardflap_test_1) by extension 'ignore'
[0.711s] Level 1:colcon.colcon_core.package_identification:_identify(tests/forwardflap_test_1) by extension 'ignore_ament_install'
[0.711s] Level 1:colcon.colcon_core.package_identification:_identify(tests/forwardflap_test_1) by extensions ['colcon_pkg']
[0.711s] Level 1:colcon.colcon_core.package_identification:_identify(tests/forwardflap_test_1) by extension 'colcon_pkg'
[0.711s] Level 1:colcon.colcon_core.package_identification:_identify(tests/forwardflap_test_1) by extensions ['colcon_meta']
[0.711s] Level 1:colcon.colcon_core.package_identification:_identify(tests/forwardflap_test_1) by extension 'colcon_meta'
[0.711s] Level 1:colcon.colcon_core.package_identification:_identify(tests/forwardflap_test_1) by extensions ['ros']
[0.711s] Level 1:colcon.colcon_core.package_identification:_identify(tests/forwardflap_test_1) by extension 'ros'
[0.712s] Level 1:colcon.colcon_core.package_identification:_identify(tests/forwardflap_test_1) by extensions ['cmake', 'python']
[0.712s] Level 1:colcon.colcon_core.package_identification:_identify(tests/forwardflap_test_1) by extension 'cmake'
[0.712s] Level 1:colcon.colcon_core.package_identification:_identify(tests/forwardflap_test_1) by extension 'python'
[0.713s] Level 1:colcon.colcon_core.package_identification:_identify(tests/forwardflap_test_1) by extensions ['python_setup_py']
[0.713s] Level 1:colcon.colcon_core.package_identification:_identify(tests/forwardflap_test_1) by extension 'python_setup_py'
[0.713s] Level 1:colcon.colcon_core.package_identification:_identify(tests/upflap_test_1) by extensions ['ignore', 'ignore_ament_install']
[0.714s] Level 1:colcon.colcon_core.package_identification:_identify(tests/upflap_test_1) by extension 'ignore'
[0.714s] Level 1:colcon.colcon_core.package_identification:_identify(tests/upflap_test_1) by extension 'ignore_ament_install'
[0.714s] Level 1:colcon.colcon_core.package_identification:_identify(tests/upflap_test_1) by extensions ['colcon_pkg']
[0.715s] Level 1:colcon.colcon_core.package_identification:_identify(tests/upflap_test_1) by extension 'colcon_pkg'
[0.715s] Level 1:colcon.colcon_core.package_identification:_identify(tests/upflap_test_1) by extensions ['colcon_meta']
[0.715s] Level 1:colcon.colcon_core.package_identification:_identify(tests/upflap_test_1) by extension 'colcon_meta'
[0.715s] Level 1:colcon.colcon_core.package_identification:_identify(tests/upflap_test_1) by extensions ['ros']
[0.715s] Level 1:colcon.colcon_core.package_identification:_identify(tests/upflap_test_1) by extension 'ros'
[0.716s] Level 1:colcon.colcon_core.package_identification:_identify(tests/upflap_test_1) by extensions ['cmake', 'python']
[0.716s] Level 1:colcon.colcon_core.package_identification:_identify(tests/upflap_test_1) by extension 'cmake'
[0.716s] Level 1:colcon.colcon_core.package_identification:_identify(tests/upflap_test_1) by extension 'python'
[0.716s] Level 1:colcon.colcon_core.package_identification:_identify(tests/upflap_test_1) by extensions ['python_setup_py']
[0.716s] Level 1:colcon.colcon_core.package_identification:_identify(tests/upflap_test_1) by extension 'python_setup_py'
[0.716s] Level 1:colcon.colcon_core.package_discovery:discover_packages(recursive) using defaults
[0.717s] Level 1:colcon.colcon_core.package_discovery:discover_packages(ignore) discover
[0.717s] Level 1:colcon.colcon_core.package_discovery:discover_packages(ignore) using defaults
[0.717s] Level 1:colcon.colcon_core.package_discovery:discover_packages(path) discover
[0.717s] Level 1:colcon.colcon_core.package_discovery:discover_packages(path) using defaults
[0.775s] Level 1:colcon.colcon_core.package_discovery:discover_packages(prefix_path) check parameters
[0.775s] Level 1:colcon.colcon_core.package_discovery:discover_packages(prefix_path) discover
[0.781s] DEBUG:colcon.colcon_installed_package_information.package_discovery:Found 1 installed packages in /home/shafa/flapping-propulsors-control/install
[0.785s] DEBUG:colcon.colcon_installed_package_information.package_discovery:Found 287 installed packages in /opt/ros/jazzy
[0.788s] Level 1:colcon.colcon_core.package_discovery:discover_packages(prefix_path) using defaults
[0.981s] Level 5:colcon.colcon_core.verb:set package 'flapping_foil_propulsors_control' build argument 'cmake_args' from command line to 'None'
[0.982s] Level 5:colcon.colcon_core.verb:set package 'flapping_foil_propulsors_control' build argument 'cmake_target' from command line to 'None'
[0.982s] Level 5:colcon.colcon_core.verb:set package 'flapping_foil_propulsors_control' build argument 'cmake_target_skip_unavailable' from command line to 'False'
[0.982s] Level 5:colcon.colcon_core.verb:set package 'flapping_foil_propulsors_control' build argument 'cmake_clean_cache' from command line to 'False'
[0.982s] Level 5:colcon.colcon_core.verb:set package 'flapping_foil_propulsors_control' build argument 'cmake_clean_first' from command line to 'False'
[0.982s] Level 5:colcon.colcon_core.verb:set package 'flapping_foil_propulsors_control' build argument 'cmake_force_configure' from command line to 'False'
[0.983s] Level 5:colcon.colcon_core.verb:set package 'flapping_foil_propulsors_control' build argument 'ament_cmake_args' from command line to 'None'
[0.983s] Level 5:colcon.colcon_core.verb:set package 'flapping_foil_propulsors_control' build argument 'catkin_cmake_args' from command line to 'None'
[0.983s] Level 5:colcon.colcon_core.verb:set package 'flapping_foil_propulsors_control' build argument 'catkin_skip_building_tests' from command line to 'False'
[0.983s] DEBUG:colcon.colcon_core.verb:Building package 'flapping_foil_propulsors_control' with the following arguments: {'ament_cmake_args': None, 'build_base': '/home/shafa/flapping-propulsors-control/build/flapping_foil_propulsors_control', 'catkin_cmake_args': None, 'catkin_skip_building_tests': False, 'cmake_args': None, 'cmake_clean_cache': False, 'cmake_clean_first': False, 'cmake_force_configure': False, 'cmake_target': None, 'cmake_target_skip_unavailable': False, 'install_base': '/home/shafa/flapping-propulsors-control/install/flapping_foil_propulsors_control', 'merge_install': False, 'path': '/home/shafa/flapping-propulsors-control/src/flapping_foil_propulsors_control', 'symlink_install': False, 'test_result_base': None}
[0.984s] INFO:colcon.colcon_core.executor:Executing jobs using 'parallel' executor
[0.987s] DEBUG:colcon.colcon_parallel_executor.executor.parallel:run_until_complete
[0.988s] INFO:colcon.colcon_ros.task.ament_python.build:Building ROS package in '/home/shafa/flapping-propulsors-control/src/flapping_foil_propulsors_control' with build type 'ament_python'
[0.990s] Level 1:colcon.colcon_core.shell:create_environment_hook('flapping_foil_propulsors_control', 'ament_prefix_path')
[0.996s] INFO:colcon.colcon_core.plugin_system:Skipping extension 'colcon_core.shell.bat': Not used on non-Windows systems
[0.997s] INFO:colcon.colcon_core.shell:Creating environment hook '/home/shafa/flapping-propulsors-control/install/flapping_foil_propulsors_control/share/flapping_foil_propulsors_control/hook/ament_prefix_path.ps1'
[1.000s] INFO:colcon.colcon_core.shell:Creating environment descriptor '/home/shafa/flapping-propulsors-control/install/flapping_foil_propulsors_control/share/flapping_foil_propulsors_control/hook/ament_prefix_path.dsv'
[1.002s] INFO:colcon.colcon_core.shell:Creating environment hook '/home/shafa/flapping-propulsors-control/install/flapping_foil_propulsors_control/share/flapping_foil_propulsors_control/hook/ament_prefix_path.sh'
[1.005s] INFO:colcon.colcon_core.shell:Skip shell extension 'powershell' for command environment: Not usable outside of PowerShell
[1.005s] DEBUG:colcon.colcon_core.shell:Skip shell extension 'dsv' for command environment
[1.641s] INFO:colcon.colcon_core.task.python.build:Building Python package in '/home/shafa/flapping-propulsors-control/src/flapping_foil_propulsors_control'
[1.642s] INFO:colcon.colcon_core.shell:Skip shell extension 'powershell' for command environment: Not usable outside of PowerShell
[1.642s] DEBUG:colcon.colcon_core.shell:Skip shell extension 'dsv' for command environment
[3.673s] DEBUG:colcon.colcon_core.event_handler.log_command:Invoking command in '/home/shafa/flapping-propulsors-control/src/flapping_foil_propulsors_control': PYTHONPATH=/home/shafa/flapping-propulsors-control/build/flapping_foil_propulsors_control/prefix_override:/usr/lib/python3/dist-packages/colcon_core/task/python/colcon_distutils_commands:/home/shafa/flapping-propulsors-control/install/flapping_foil_propulsors_control/lib/python3.12/site-packages:${PYTHONPATH} /usr/bin/python3 -W ignore:setup.py install is deprecated -W ignore:easy_install command is deprecated setup.py egg_info --egg-base ../../build/flapping_foil_propulsors_control build --build-base /home/shafa/flapping-propulsors-control/build/flapping_foil_propulsors_control/build install --record /home/shafa/flapping-propulsors-control/build/flapping_foil_propulsors_control/install.log --single-version-externally-managed install_data
[4.357s] DEBUG:colcon.colcon_core.event_handler.log_command:Invoked command in '/home/shafa/flapping-propulsors-control/src/flapping_foil_propulsors_control' returned '0': PYTHONPATH=/home/shafa/flapping-propulsors-control/build/flapping_foil_propulsors_control/prefix_override:/usr/lib/python3/dist-packages/colcon_core/task/python/colcon_distutils_commands:/home/shafa/flapping-propulsors-control/install/flapping_foil_propulsors_control/lib/python3.12/site-packages:${PYTHONPATH} /usr/bin/python3 -W ignore:setup.py install is deprecated -W ignore:easy_install command is deprecated setup.py egg_info --egg-base ../../build/flapping_foil_propulsors_control build --build-base /home/shafa/flapping-propulsors-control/build/flapping_foil_propulsors_control/build install --record /home/shafa/flapping-propulsors-control/build/flapping_foil_propulsors_control/install.log --single-version-externally-managed install_data
[4.359s] Level 1:colcon.colcon_core.environment:checking '/home/shafa/flapping-propulsors-control/install/flapping_foil_propulsors_control' for CMake module files
[4.360s] Level 1:colcon.colcon_core.environment:checking '/home/shafa/flapping-propulsors-control/install/flapping_foil_propulsors_control' for CMake config files
[4.361s] Level 1:colcon.colcon_core.environment:checking '/home/shafa/flapping-propulsors-control/install/flapping_foil_propulsors_control/lib'
[4.361s] Level 1:colcon.colcon_core.environment:checking '/home/shafa/flapping-propulsors-control/install/flapping_foil_propulsors_control/bin'
[4.361s] Level 1:colcon.colcon_core.environment:checking '/home/shafa/flapping-propulsors-control/install/flapping_foil_propulsors_control/lib/pkgconfig/flapping_foil_propulsors_control.pc'
[4.362s] Level 1:colcon.colcon_core.environment:checking '/home/shafa/flapping-propulsors-control/install/flapping_foil_propulsors_control/lib/python3.12/site-packages'
[4.362s] Level 1:colcon.colcon_core.shell:create_environment_hook('flapping_foil_propulsors_control', 'pythonpath')
[4.362s] INFO:colcon.colcon_core.shell:Creating environment hook '/home/shafa/flapping-propulsors-control/install/flapping_foil_propulsors_control/share/flapping_foil_propulsors_control/hook/pythonpath.ps1'
[4.363s] INFO:colcon.colcon_core.shell:Creating environment descriptor '/home/shafa/flapping-propulsors-control/install/flapping_foil_propulsors_control/share/flapping_foil_propulsors_control/hook/pythonpath.dsv'
[4.363s] INFO:colcon.colcon_core.shell:Creating environment hook '/home/shafa/flapping-propulsors-control/install/flapping_foil_propulsors_control/share/flapping_foil_propulsors_control/hook/pythonpath.sh'
[4.364s] Level 1:colcon.colcon_core.environment:checking '/home/shafa/flapping-propulsors-control/install/flapping_foil_propulsors_control/bin'
[4.364s] Level 1:colcon.colcon_core.environment:create_environment_scripts_only(flapping_foil_propulsors_control)
[4.365s] INFO:colcon.colcon_core.shell:Creating package script '/home/shafa/flapping-propulsors-control/install/flapping_foil_propulsors_control/share/flapping_foil_propulsors_control/package.ps1'
[4.366s] INFO:colcon.colcon_core.shell:Creating package descriptor '/home/shafa/flapping-propulsors-control/install/flapping_foil_propulsors_control/share/flapping_foil_propulsors_control/package.dsv'
[4.366s] INFO:colcon.colcon_core.shell:Creating package script '/home/shafa/flapping-propulsors-control/install/flapping_foil_propulsors_control/share/flapping_foil_propulsors_control/package.sh'
[4.368s] INFO:colcon.colcon_core.shell:Creating package script '/home/shafa/flapping-propulsors-control/install/flapping_foil_propulsors_control/share/flapping_foil_propulsors_control/package.bash'
[4.369s] INFO:colcon.colcon_core.shell:Creating package script '/home/shafa/flapping-propulsors-control/install/flapping_foil_propulsors_control/share/flapping_foil_propulsors_control/package.zsh'
[4.369s] Level 1:colcon.colcon_core.environment:create_file_with_runtime_dependencies(/home/shafa/flapping-propulsors-control/install/flapping_foil_propulsors_control/share/colcon-core/packages/flapping_foil_propulsors_control)
[4.370s] DEBUG:colcon.colcon_parallel_executor.executor.parallel:closing loop
[4.371s] DEBUG:colcon.colcon_parallel_executor.executor.parallel:loop closed
[4.371s] DEBUG:colcon.colcon_parallel_executor.executor.parallel:run_until_complete finished with '0'
[4.371s] DEBUG:colcon.colcon_core.event_reactor:joining thread
[4.425s] INFO:colcon.colcon_core.plugin_system:Skipping extension 'colcon_notification.desktop_notification.notify_send': Could not find 'notify-send'
[4.425s] INFO:colcon.colcon_core.plugin_system:Skipping extension 'colcon_notification.desktop_notification.terminal_notifier': Not used on non-Darwin systems
[4.426s] INFO:colcon.colcon_core.plugin_system:Skipping extension 'colcon_notification.desktop_notification.win32': Not used on non-Windows systems
[4.426s] INFO:colcon.colcon_notification.desktop_notification:Sending desktop notification using 'notify2'
[4.428s] DEBUG:colcon.colcon_notification.desktop_notification.notify2:Failed to initialize notify2: org.freedesktop.DBus.Error.ServiceUnknown: The name org.freedesktop.Notifications was not provided by any .service files
[4.428s] DEBUG:colcon.colcon_core.event_reactor:joined thread
[4.429s] INFO:colcon.colcon_core.shell:Creating prefix script '/home/shafa/flapping-propulsors-control/install/local_setup.ps1'
[4.430s] INFO:colcon.colcon_core.shell:Creating prefix util module '/home/shafa/flapping-propulsors-control/install/_local_setup_util_ps1.py'
[4.432s] INFO:colcon.colcon_core.shell:Creating prefix chain script '/home/shafa/flapping-propulsors-control/install/setup.ps1'
[4.433s] INFO:colcon.colcon_core.shell:Creating prefix script '/home/shafa/flapping-propulsors-control/install/local_setup.sh'
[4.434s] INFO:colcon.colcon_core.shell:Creating prefix util module '/home/shafa/flapping-propulsors-control/install/_local_setup_util_sh.py'
[4.435s] INFO:colcon.colcon_core.shell:Creating prefix chain script '/home/shafa/flapping-propulsors-control/install/setup.sh'
[4.437s] INFO:colcon.colcon_core.shell:Creating prefix script '/home/shafa/flapping-propulsors-control/install/local_setup.bash'
[4.438s] INFO:colcon.colcon_core.shell:Creating prefix chain script '/home/shafa/flapping-propulsors-control/install/setup.bash'
[4.439s] INFO:colcon.colcon_core.shell:Creating prefix script '/home/shafa/flapping-propulsors-control/install/local_setup.zsh'
[4.440s] INFO:colcon.colcon_core.shell:Creating prefix chain script '/home/shafa/flapping-propulsors-control/install/setup.zsh'
