[1.039s] Invoking command in '/home/shafa/flapping-propulsors-control/src/flapping_foil_propulsors_control': PYTHONPATH=/home/shafa/flapping-propulsors-control/build/actuator_driver/prefix_override:/usr/lib/python3/dist-packages/colcon_core/task/python/colcon_distutils_commands:/home/shafa/flapping-propulsors-control/install/actuator_driver/lib/python3.12/site-packages:${PYTHONPATH} /usr/bin/python3 -W ignore:setup.py install is deprecated -W ignore:easy_install command is deprecated setup.py egg_info --egg-base ../../build/actuator_driver build --build-base /home/shafa/flapping-propulsors-control/build/actuator_driver/build install --record /home/shafa/flapping-propulsors-control/build/actuator_driver/install.log --single-version-externally-managed install_data
[1.286s] running egg_info
[1.286s] creating ../../build/actuator_driver/flapping_foil_propulsors_control.egg-info
[1.305s] writing ../../build/actuator_driver/flapping_foil_propulsors_control.egg-info/PKG-INFO
[1.306s] writing dependency_links to ../../build/actuator_driver/flapping_foil_propulsors_control.egg-info/dependency_links.txt
[1.306s] writing entry points to ../../build/actuator_driver/flapping_foil_propulsors_control.egg-info/entry_points.txt
[1.306s] writing requirements to ../../build/actuator_driver/flapping_foil_propulsors_control.egg-info/requires.txt
[1.307s] writing top-level names to ../../build/actuator_driver/flapping_foil_propulsors_control.egg-info/top_level.txt
[1.307s] writing manifest file '../../build/actuator_driver/flapping_foil_propulsors_control.egg-info/SOURCES.txt'
[1.344s] reading manifest file '../../build/actuator_driver/flapping_foil_propulsors_control.egg-info/SOURCES.txt'
[1.345s] writing manifest file '../../build/actuator_driver/flapping_foil_propulsors_control.egg-info/SOURCES.txt'
[1.345s] running build
[1.345s] running build_py
[1.345s] creating /home/shafa/flapping-propulsors-control/build/actuator_driver/build/lib/flapping_foil_propulsors_control
[1.346s] copying flapping_foil_propulsors_control/__init__.py -> /home/shafa/flapping-propulsors-control/build/actuator_driver/build/lib/flapping_foil_propulsors_control
[1.346s] copying flapping_foil_propulsors_control/CrabController2DOF.py -> /home/shafa/flapping-propulsors-control/build/actuator_driver/build/lib/flapping_foil_propulsors_control
[1.346s] copying flapping_foil_propulsors_control/crab.py -> /home/shafa/flapping-propulsors-control/build/actuator_driver/build/lib/flapping_foil_propulsors_control
[1.346s] copying flapping_foil_propulsors_control/Dynamixcel_WX430_T200_interface.py -> /home/shafa/flapping-propulsors-control/build/actuator_driver/build/lib/flapping_foil_propulsors_control
[1.346s] running install
[1.352s] running install_lib
[1.371s] creating /home/shafa/flapping-propulsors-control/install/actuator_driver/lib/python3.12/site-packages/flapping_foil_propulsors_control
[1.371s] copying /home/shafa/flapping-propulsors-control/build/actuator_driver/build/lib/flapping_foil_propulsors_control/__init__.py -> /home/shafa/flapping-propulsors-control/install/actuator_driver/lib/python3.12/site-packages/flapping_foil_propulsors_control
[1.372s] copying /home/shafa/flapping-propulsors-control/build/actuator_driver/build/lib/flapping_foil_propulsors_control/CrabController2DOF.py -> /home/shafa/flapping-propulsors-control/install/actuator_driver/lib/python3.12/site-packages/flapping_foil_propulsors_control
[1.372s] copying /home/shafa/flapping-propulsors-control/build/actuator_driver/build/lib/flapping_foil_propulsors_control/crab.py -> /home/shafa/flapping-propulsors-control/install/actuator_driver/lib/python3.12/site-packages/flapping_foil_propulsors_control
[1.372s] copying /home/shafa/flapping-propulsors-control/build/actuator_driver/build/lib/flapping_foil_propulsors_control/Dynamixcel_WX430_T200_interface.py -> /home/shafa/flapping-propulsors-control/install/actuator_driver/lib/python3.12/site-packages/flapping_foil_propulsors_control
[1.372s] byte-compiling /home/shafa/flapping-propulsors-control/install/actuator_driver/lib/python3.12/site-packages/flapping_foil_propulsors_control/__init__.py to __init__.cpython-312.pyc
[1.373s] byte-compiling /home/shafa/flapping-propulsors-control/install/actuator_driver/lib/python3.12/site-packages/flapping_foil_propulsors_control/CrabController2DOF.py to CrabController2DOF.cpython-312.pyc
[1.374s] byte-compiling /home/shafa/flapping-propulsors-control/install/actuator_driver/lib/python3.12/site-packages/flapping_foil_propulsors_control/crab.py to crab.cpython-312.pyc
[1.375s] byte-compiling /home/shafa/flapping-propulsors-control/install/actuator_driver/lib/python3.12/site-packages/flapping_foil_propulsors_control/Dynamixcel_WX430_T200_interface.py to Dynamixcel_WX430_T200_interface.cpython-312.pyc
[1.376s] running install_data
[1.376s] error: can't copy 'resource/flapping_foil_propulsors_control': doesn't exist or not a regular file
[1.390s] Invoked command in '/home/shafa/flapping-propulsors-control/src/flapping_foil_propulsors_control' returned '1': PYTHONPATH=/home/shafa/flapping-propulsors-control/build/actuator_driver/prefix_override:/usr/lib/python3/dist-packages/colcon_core/task/python/colcon_distutils_commands:/home/shafa/flapping-propulsors-control/install/actuator_driver/lib/python3.12/site-packages:${PYTHONPATH} /usr/bin/python3 -W ignore:setup.py install is deprecated -W ignore:easy_install command is deprecated setup.py egg_info --egg-base ../../build/actuator_driver build --build-base /home/shafa/flapping-propulsors-control/build/actuator_driver/build install --record /home/shafa/flapping-propulsors-control/build/actuator_driver/install.log --single-version-externally-managed install_data
