[3.548s] Invoking command in '/home/shafa/flapping-propulsors-control/src/actuator_driver': PYTHONPATH=/home/shafa/flapping-propulsors-control/build/actuator_driver/prefix_override:/usr/lib/python3/dist-packages/colcon_core/task/python/colcon_distutils_commands:/home/shafa/flapping-propulsors-control/install/actuator_driver/lib/python3.12/site-packages:${PYTHONPATH} /usr/bin/python3 -W ignore:setup.py install is deprecated -W ignore:easy_install command is deprecated setup.py egg_info --egg-base ../../build/actuator_driver build --build-base /home/shafa/flapping-propulsors-control/build/actuator_driver/build install --record /home/shafa/flapping-propulsors-control/build/actuator_driver/install.log --single-version-externally-managed install_data
[4.018s] running egg_info
[4.055s] writing ../../build/actuator_driver/actuator_driver.egg-info/PKG-INFO
[4.056s] writing dependency_links to ../../build/actuator_driver/actuator_driver.egg-info/dependency_links.txt
[4.056s] writing entry points to ../../build/actuator_driver/actuator_driver.egg-info/entry_points.txt
[4.057s] writing requirements to ../../build/actuator_driver/actuator_driver.egg-info/requires.txt
[4.057s] writing top-level names to ../../build/actuator_driver/actuator_driver.egg-info/top_level.txt
[4.146s] reading manifest file '../../build/actuator_driver/actuator_driver.egg-info/SOURCES.txt'
[4.152s] writing manifest file '../../build/actuator_driver/actuator_driver.egg-info/SOURCES.txt'
[4.153s] running build
[4.153s] running build_py
[4.154s] copying actuator_driver/crab_controller.py -> /home/shafa/flapping-propulsors-control/build/actuator_driver/build/lib/actuator_driver
[4.154s] copying actuator_driver/actuator.py -> /home/shafa/flapping-propulsors-control/build/actuator_driver/build/lib/actuator_driver
[4.155s] running install
[4.172s] running install_lib
[4.231s] copying /home/shafa/flapping-propulsors-control/build/actuator_driver/build/lib/actuator_driver/crab_controller.py -> /home/shafa/flapping-propulsors-control/install/actuator_driver/lib/python3.12/site-packages/actuator_driver
[4.232s] copying /home/shafa/flapping-propulsors-control/build/actuator_driver/build/lib/actuator_driver/actuator.py -> /home/shafa/flapping-propulsors-control/install/actuator_driver/lib/python3.12/site-packages/actuator_driver
[4.233s] byte-compiling /home/shafa/flapping-propulsors-control/install/actuator_driver/lib/python3.12/site-packages/actuator_driver/crab_controller.py to crab_controller.cpython-312.pyc
[4.239s] byte-compiling /home/shafa/flapping-propulsors-control/install/actuator_driver/lib/python3.12/site-packages/actuator_driver/actuator.py to actuator.cpython-312.pyc
[4.243s] running install_data
[4.244s] running install_egg_info
[4.307s] removing '/home/shafa/flapping-propulsors-control/install/actuator_driver/lib/python3.12/site-packages/actuator_driver-0.0.0-py3.12.egg-info' (and everything under it)
[4.308s] Copying ../../build/actuator_driver/actuator_driver.egg-info to /home/shafa/flapping-propulsors-control/install/actuator_driver/lib/python3.12/site-packages/actuator_driver-0.0.0-py3.12.egg-info
[4.313s] running install_scripts
[4.637s] Installing actuator script to /home/shafa/flapping-propulsors-control/install/actuator_driver/lib/actuator_driver
[4.637s] Installing crab script to /home/shafa/flapping-propulsors-control/install/actuator_driver/lib/actuator_driver
[4.637s] Installing crab_controller script to /home/shafa/flapping-propulsors-control/install/actuator_driver/lib/actuator_driver
[4.637s] writing list of installed files to '/home/shafa/flapping-propulsors-control/build/actuator_driver/install.log'
[4.661s] Invoked command in '/home/shafa/flapping-propulsors-control/src/actuator_driver' returned '0': PYTHONPATH=/home/shafa/flapping-propulsors-control/build/actuator_driver/prefix_override:/usr/lib/python3/dist-packages/colcon_core/task/python/colcon_distutils_commands:/home/shafa/flapping-propulsors-control/install/actuator_driver/lib/python3.12/site-packages:${PYTHONPATH} /usr/bin/python3 -W ignore:setup.py install is deprecated -W ignore:easy_install command is deprecated setup.py egg_info --egg-base ../../build/actuator_driver build --build-base /home/shafa/flapping-propulsors-control/build/actuator_driver/build install --record /home/shafa/flapping-propulsors-control/build/actuator_driver/install.log --single-version-externally-managed install_data
