running develop
running egg_info
creating flapping_foil_propulsors_control.egg-info
writing flapping_foil_propulsors_control.egg-info/PKG-INFO
writing dependency_links to flapping_foil_propulsors_control.egg-info/dependency_links.txt
writing entry points to flapping_foil_propulsors_control.egg-info/entry_points.txt
writing requirements to flapping_foil_propulsors_control.egg-info/requires.txt
writing top-level names to flapping_foil_propulsors_control.egg-info/top_level.txt
writing manifest file 'flapping_foil_propulsors_control.egg-info/SOURCES.txt'
reading manifest file 'flapping_foil_propulsors_control.egg-info/SOURCES.txt'
writing manifest file 'flapping_foil_propulsors_control.egg-info/SOURCES.txt'
running build_ext
Creating /home/gingerstep/Desktop/flipper_code/flapping-foil-propulsors-control/install/flapping_foil_propulsors_control/lib/python3.12/site-packages/flapping-foil-propulsors-control.egg-link (link to .)
Installing CrabController2DOF script to /home/gingerstep/Desktop/flipper_code/flapping-foil-propulsors-control/install/flapping_foil_propulsors_control/lib/flapping_foil_propulsors_control
Installing Dynamixcel_XW430_T200_interface script to /home/gingerstep/Desktop/flipper_code/flapping-foil-propulsors-control/install/flapping_foil_propulsors_control/lib/flapping_foil_propulsors_control
Installing crab script to /home/gingerstep/Desktop/flipper_code/flapping-foil-propulsors-control/install/flapping_foil_propulsors_control/lib/flapping_foil_propulsors_control

Installed /home/gingerstep/Desktop/flipper_code/flapping-foil-propulsors-control/build/flapping_foil_propulsors_control
running symlink_data
creating /home/gingerstep/Desktop/flipper_code/flapping-foil-propulsors-control/install/flapping_foil_propulsors_control/share/ament_index
creating /home/gingerstep/Desktop/flipper_code/flapping-foil-propulsors-control/install/flapping_foil_propulsors_control/share/ament_index/resource_index
creating /home/gingerstep/Desktop/flipper_code/flapping-foil-propulsors-control/install/flapping_foil_propulsors_control/share/ament_index/resource_index/packages
symbolically linking /home/gingerstep/Desktop/flipper_code/flapping-foil-propulsors-control/build/flapping_foil_propulsors_control/resource/flapping_foil_propulsors_control -> /home/gingerstep/Desktop/flipper_code/flapping-foil-propulsors-control/install/flapping_foil_propulsors_control/share/ament_index/resource_index/packages
symbolically linking /home/gingerstep/Desktop/flipper_code/flapping-foil-propulsors-control/build/flapping_foil_propulsors_control/package.xml -> /home/gingerstep/Desktop/flipper_code/flapping-foil-propulsors-control/install/flapping_foil_propulsors_control/share/flapping_foil_propulsors_control
creating /home/gingerstep/Desktop/flipper_code/flapping-foil-propulsors-control/install/flapping_foil_propulsors_control/share/flapping_foil_propulsors_control/launch
symbolically linking /home/gingerstep/Desktop/flipper_code/flapping-foil-propulsors-control/build/flapping_foil_propulsors_control/launch/crab_launch.py -> /home/gingerstep/Desktop/flipper_code/flapping-foil-propulsors-control/install/flapping_foil_propulsors_control/share/flapping_foil_propulsors_control/launch
