[2.112s] Invoking command in '/home/gingerstep/Desktop/flipper_code/flapping-foil-propulsors-control/build/flapping_foil_propulsors_control': DEBUGINFOD_URLS=https://debuginfod.ubuntu.com PYTHONPATH=/home/gingerstep/Desktop/flipper_code/flapping-foil-propulsors-control/build/flapping_foil_propulsors_control/prefix_override:/usr/lib/python3/dist-packages/colcon_core/task/python/colcon_distutils_commands:/home/gingerstep/Desktop/flipper_code/flapping-foil-propulsors-control/install/flapping_foil_propulsors_control/lib/python3.12/site-packages:${PYTHONPATH} /usr/bin/python3 -W ignore:setup.py install is deprecated -W ignore:easy_install command is deprecated setup.py develop --editable --build-directory /home/gingerstep/Desktop/flipper_code/flapping-foil-propulsors-control/build/flapping_foil_propulsors_control/build --no-deps symlink_data
[2.954s] running develop
[3.482s] running egg_info
[3.483s] creating flapping_foil_propulsors_control.egg-info
[3.534s] writing flapping_foil_propulsors_control.egg-info/PKG-INFO
[3.535s] writing dependency_links to flapping_foil_propulsors_control.egg-info/dependency_links.txt
[3.535s] writing entry points to flapping_foil_propulsors_control.egg-info/entry_points.txt
[3.536s] writing requirements to flapping_foil_propulsors_control.egg-info/requires.txt
[3.536s] writing top-level names to flapping_foil_propulsors_control.egg-info/top_level.txt
[3.536s] writing manifest file 'flapping_foil_propulsors_control.egg-info/SOURCES.txt'
[3.641s] reading manifest file 'flapping_foil_propulsors_control.egg-info/SOURCES.txt'
[3.642s] writing manifest file 'flapping_foil_propulsors_control.egg-info/SOURCES.txt'
[3.697s] running build_ext
[3.698s] Creating /home/gingerstep/Desktop/flipper_code/flapping-foil-propulsors-control/install/flapping_foil_propulsors_control/lib/python3.12/site-packages/flapping-foil-propulsors-control.egg-link (link to .)
[3.699s] Installing CrabController2DOF script to /home/gingerstep/Desktop/flipper_code/flapping-foil-propulsors-control/install/flapping_foil_propulsors_control/lib/flapping_foil_propulsors_control
[3.699s] Installing Dynamixcel_XW430_T200_interface script to /home/gingerstep/Desktop/flipper_code/flapping-foil-propulsors-control/install/flapping_foil_propulsors_control/lib/flapping_foil_propulsors_control
[3.700s] Installing crab script to /home/gingerstep/Desktop/flipper_code/flapping-foil-propulsors-control/install/flapping_foil_propulsors_control/lib/flapping_foil_propulsors_control
[3.700s] 
[3.700s] Installed /home/gingerstep/Desktop/flipper_code/flapping-foil-propulsors-control/build/flapping_foil_propulsors_control
[3.701s] running symlink_data
[3.701s] creating /home/gingerstep/Desktop/flipper_code/flapping-foil-propulsors-control/install/flapping_foil_propulsors_control/share/ament_index
[3.702s] creating /home/gingerstep/Desktop/flipper_code/flapping-foil-propulsors-control/install/flapping_foil_propulsors_control/share/ament_index/resource_index
[3.702s] creating /home/gingerstep/Desktop/flipper_code/flapping-foil-propulsors-control/install/flapping_foil_propulsors_control/share/ament_index/resource_index/packages
[3.702s] symbolically linking /home/gingerstep/Desktop/flipper_code/flapping-foil-propulsors-control/build/flapping_foil_propulsors_control/resource/flapping_foil_propulsors_control -> /home/gingerstep/Desktop/flipper_code/flapping-foil-propulsors-control/install/flapping_foil_propulsors_control/share/ament_index/resource_index/packages
[3.703s] symbolically linking /home/gingerstep/Desktop/flipper_code/flapping-foil-propulsors-control/build/flapping_foil_propulsors_control/package.xml -> /home/gingerstep/Desktop/flipper_code/flapping-foil-propulsors-control/install/flapping_foil_propulsors_control/share/flapping_foil_propulsors_control
[3.703s] creating /home/gingerstep/Desktop/flipper_code/flapping-foil-propulsors-control/install/flapping_foil_propulsors_control/share/flapping_foil_propulsors_control/launch
[3.703s] symbolically linking /home/gingerstep/Desktop/flipper_code/flapping-foil-propulsors-control/build/flapping_foil_propulsors_control/launch/crab_launch.py -> /home/gingerstep/Desktop/flipper_code/flapping-foil-propulsors-control/install/flapping_foil_propulsors_control/share/flapping_foil_propulsors_control/launch
[3.804s] Invoked command in '/home/gingerstep/Desktop/flipper_code/flapping-foil-propulsors-control/build/flapping_foil_propulsors_control' returned '0': DEBUGINFOD_URLS=https://debuginfod.ubuntu.com PYTHONPATH=/home/gingerstep/Desktop/flipper_code/flapping-foil-propulsors-control/build/flapping_foil_propulsors_control/prefix_override:/usr/lib/python3/dist-packages/colcon_core/task/python/colcon_distutils_commands:/home/gingerstep/Desktop/flipper_code/flapping-foil-propulsors-control/install/flapping_foil_propulsors_control/lib/python3.12/site-packages:${PYTHONPATH} /usr/bin/python3 -W ignore:setup.py install is deprecated -W ignore:easy_install command is deprecated setup.py develop --editable --build-directory /home/gingerstep/Desktop/flipper_code/flapping-foil-propulsors-control/build/flapping_foil_propulsors_control/build --no-deps symlink_data
