[0.807s] Invoking command in '/home/shafa/flapping-propulsors-control/src/actuator_driver': PYTHONPATH=/home/shafa/flapping-propulsors-control/build/actuator_driver/prefix_override:/usr/lib/python3/dist-packages/colcon_core/task/python/colcon_distutils_commands:/home/shafa/flapping-propulsors-control/install/actuator_driver/lib/python3.12/site-packages:${PYTHONPATH} /usr/bin/python3 -W ignore:setup.py install is deprecated -W ignore:easy_install command is deprecated setup.py egg_info --egg-base ../../build/actuator_driver build --build-base /home/shafa/flapping-propulsors-control/build/actuator_driver/build install --record /home/shafa/flapping-propulsors-control/build/actuator_driver/install.log --single-version-externally-managed install_data
[1.071s] running egg_info
[1.092s] writing ../../build/actuator_driver/actuator_driver.egg-info/PKG-INFO
[1.097s] writing dependency_links to ../../build/actuator_driver/actuator_driver.egg-info/dependency_links.txt
[1.097s] writing entry points to ../../build/actuator_driver/actuator_driver.egg-info/entry_points.txt
[1.097s] writing requirements to ../../build/actuator_driver/actuator_driver.egg-info/requires.txt
[1.098s] writing top-level names to ../../build/actuator_driver/actuator_driver.egg-info/top_level.txt
[1.138s] reading manifest file '../../build/actuator_driver/actuator_driver.egg-info/SOURCES.txt'
[1.139s] writing manifest file '../../build/actuator_driver/actuator_driver.egg-info/SOURCES.txt'
[1.139s] running build
[1.139s] running build_py
[1.140s] copying actuator_driver/actuator.py -> /home/shafa/flapping-propulsors-control/build/actuator_driver/build/lib/actuator_driver
[1.140s] running install
[1.146s] running install_lib
[1.166s] copying /home/shafa/flapping-propulsors-control/build/actuator_driver/build/lib/actuator_driver/actuator.py -> /home/shafa/flapping-propulsors-control/install/actuator_driver/lib/python3.12/site-packages/actuator_driver
[1.167s] byte-compiling /home/shafa/flapping-propulsors-control/install/actuator_driver/lib/python3.12/site-packages/actuator_driver/actuator.py to actuator.cpython-312.pyc
[1.169s] running install_data
[1.169s] running install_egg_info
[1.190s] removing '/home/shafa/flapping-propulsors-control/install/actuator_driver/lib/python3.12/site-packages/actuator_driver-0.0.0-py3.12.egg-info' (and everything under it)
[1.190s] Copying ../../build/actuator_driver/actuator_driver.egg-info to /home/shafa/flapping-propulsors-control/install/actuator_driver/lib/python3.12/site-packages/actuator_driver-0.0.0-py3.12.egg-info
[1.191s] running install_scripts
[1.321s] Installing actuator script to /home/shafa/flapping-propulsors-control/install/actuator_driver/lib/actuator_driver
[1.321s] Installing crab script to /home/shafa/flapping-propulsors-control/install/actuator_driver/lib/actuator_driver
[1.321s] Installing crab_controller script to /home/shafa/flapping-propulsors-control/install/actuator_driver/lib/actuator_driver
[1.321s] writing list of installed files to '/home/shafa/flapping-propulsors-control/build/actuator_driver/install.log'
[1.349s] Invoked command in '/home/shafa/flapping-propulsors-control/src/actuator_driver' returned '0': PYTHONPATH=/home/shafa/flapping-propulsors-control/build/actuator_driver/prefix_override:/usr/lib/python3/dist-packages/colcon_core/task/python/colcon_distutils_commands:/home/shafa/flapping-propulsors-control/install/actuator_driver/lib/python3.12/site-packages:${PYTHONPATH} /usr/bin/python3 -W ignore:setup.py install is deprecated -W ignore:easy_install command is deprecated setup.py egg_info --egg-base ../../build/actuator_driver build --build-base /home/shafa/flapping-propulsors-control/build/actuator_driver/build install --record /home/shafa/flapping-propulsors-control/build/actuator_driver/install.log --single-version-externally-managed install_data
