[1.124s] Invoking command in '/home/shafa/flapping-propulsors-control/src/actuator_driver': PYTHONPATH=/home/shafa/flapping-propulsors-control/build/actuator_driver/prefix_override:/usr/lib/python3/dist-packages/colcon_core/task/python/colcon_distutils_commands:/home/shafa/flapping-propulsors-control/install/actuator_driver/lib/python3.12/site-packages:${PYTHONPATH} /usr/bin/python3 -W ignore:setup.py install is deprecated -W ignore:easy_install command is deprecated setup.py egg_info --egg-base ../../build/actuator_driver build --build-base /home/shafa/flapping-propulsors-control/build/actuator_driver/build install --record /home/shafa/flapping-propulsors-control/build/actuator_driver/install.log --single-version-externally-managed install_data
[1.382s] running egg_info
[1.401s] writing ../../build/actuator_driver/actuator_driver.egg-info/PKG-INFO
[1.402s] writing dependency_links to ../../build/actuator_driver/actuator_driver.egg-info/dependency_links.txt
[1.402s] writing entry points to ../../build/actuator_driver/actuator_driver.egg-info/entry_points.txt
[1.402s] writing requirements to ../../build/actuator_driver/actuator_driver.egg-info/requires.txt
[1.402s] writing top-level names to ../../build/actuator_driver/actuator_driver.egg-info/top_level.txt
[1.443s] reading manifest file '../../build/actuator_driver/actuator_driver.egg-info/SOURCES.txt'
[1.444s] writing manifest file '../../build/actuator_driver/actuator_driver.egg-info/SOURCES.txt'
[1.444s] running build
[1.444s] running build_py
[1.445s] copying actuator_driver/actuator.py -> /home/shafa/flapping-propulsors-control/build/actuator_driver/build/lib/actuator_driver
[1.445s] running install
[1.451s] running install_lib
[1.472s] copying /home/shafa/flapping-propulsors-control/build/actuator_driver/build/lib/actuator_driver/actuator.py -> /home/shafa/flapping-propulsors-control/install/actuator_driver/lib/python3.12/site-packages/actuator_driver
[1.472s] byte-compiling /home/shafa/flapping-propulsors-control/install/actuator_driver/lib/python3.12/site-packages/actuator_driver/actuator.py to actuator.cpython-312.pyc
[1.474s] running install_data
[1.475s] running install_egg_info
[1.496s] removing '/home/shafa/flapping-propulsors-control/install/actuator_driver/lib/python3.12/site-packages/actuator_driver-0.0.0-py3.12.egg-info' (and everything under it)
[1.497s] Copying ../../build/actuator_driver/actuator_driver.egg-info to /home/shafa/flapping-propulsors-control/install/actuator_driver/lib/python3.12/site-packages/actuator_driver-0.0.0-py3.12.egg-info
[1.499s] running install_scripts
[1.624s] Installing actuator script to /home/shafa/flapping-propulsors-control/install/actuator_driver/lib/actuator_driver
[1.625s] Installing crab script to /home/shafa/flapping-propulsors-control/install/actuator_driver/lib/actuator_driver
[1.625s] Installing crab_controller script to /home/shafa/flapping-propulsors-control/install/actuator_driver/lib/actuator_driver
[1.625s] writing list of installed files to '/home/shafa/flapping-propulsors-control/build/actuator_driver/install.log'
[1.654s] Invoked command in '/home/shafa/flapping-propulsors-control/src/actuator_driver' returned '0': PYTHONPATH=/home/shafa/flapping-propulsors-control/build/actuator_driver/prefix_override:/usr/lib/python3/dist-packages/colcon_core/task/python/colcon_distutils_commands:/home/shafa/flapping-propulsors-control/install/actuator_driver/lib/python3.12/site-packages:${PYTHONPATH} /usr/bin/python3 -W ignore:setup.py install is deprecated -W ignore:easy_install command is deprecated setup.py egg_info --egg-base ../../build/actuator_driver build --build-base /home/shafa/flapping-propulsors-control/build/actuator_driver/build install --record /home/shafa/flapping-propulsors-control/build/actuator_driver/install.log --single-version-externally-managed install_data
